#
# There is insufficient memory for the Java Runtime Environment to continue.
# Native memory allocation (malloc) failed to allocate 1264336 bytes for Chunk::new
# Possible reasons:
#   The system is out of physical RAM or swap space
#   The process is running with CompressedOops enabled, and the Java Heap may be blocking the growth of the native heap
# Possible solutions:
#   Reduce memory load on the system
#   Increase physical memory or swap space
#   Check if swap backing store is full
#   Decrease Java heap size (-Xmx/-Xms)
#   Decrease number of Java threads
#   Decrease Java thread stack sizes (-Xss)
#   Set larger code cache with -XX:ReservedCodeCacheSize=
#   JVM is running with Unscaled Compressed Oops mode in which the Java heap is
#     placed in the first 4GB address space. The Java Heap base address is the
#     maximum limit for the native heap growth. Please use -XX:HeapBaseMinAddress
#     to set the Java Heap base and to place the Java Heap above 4GB virtual address.
# This output file may be truncated or incomplete.
#
#  Out of Memory Error (arena.cpp:189), pid=151452, tid=153912
#
# JRE version: OpenJDK Runtime Environment Temurin-17.0.5+8 (17.0.5+8) (build 17.0.5+8)
# Java VM: OpenJDK 64-Bit Server VM Temurin-17.0.5+8 (17.0.5+8, mixed mode, tiered, compressed oops, compressed class ptrs, parallel gc, windows-amd64)
# No core dump will be written. Minidumps are not enabled by default on client versions of Windows
#

---------------  S U M M A R Y ------------

Command Line: --add-modules=ALL-SYSTEM --add-opens=java.base/java.util=ALL-UNNAMED --add-opens=java.base/java.lang=ALL-UNNAMED --add-opens=java.base/sun.nio.fs=ALL-UNNAMED -Declipse.application=org.eclipse.jdt.ls.core.id1 -Dosgi.bundles.defaultStartLevel=4 -Declipse.product=org.eclipse.jdt.ls.core.product -Djava.import.generatesMetadataFilesAtProjectRoot=false -Dfile.encoding=utf8 -XX:+UseParallelGC -XX:GCTimeRatio=4 -XX:AdaptiveSizePolicyWeight=90 -Dsun.zip.disableMemoryMapping=true -Xmx1G -Xms100m -Xlog:disable -javaagent:c:\Users\n\.vscode\extensions\redhat.java-1.13.0-win32-x64\lombok\lombok-1.18.24.jar -XX:+HeapDumpOnOutOfMemoryError -XX:HeapDumpPath=c:\Users\n\AppData\Roaming\Code\User\workspaceStorage\a7c94a6e4347ed34fb9806a39faad96a\redhat.java c:\Users\n\.vscode\extensions\redhat.java-1.13.0-win32-x64\server\plugins\org.eclipse.equinox.launcher_1.6.400.v20210924-0641.jar -configuration c:\Users\n\AppData\Roaming\Code\User\globalStorage\redhat.java\1.13.0\config_win -data c:\Users\n\AppData\Roaming\Code\User\workspaceStorage\a7c94a6e4347ed34fb9806a39faad96a\redhat.java\jdt_ws

Host: AMD Ryzen 5 4600U with Radeon Graphics         , 12 cores, 7G,  Windows 11 , 64 bit Build 22621 (10.0.22621.1105)
Time: Mon Jan 16 17:00:29 2023  Windows 11 , 64 bit Build 22621 (10.0.22621.1105) elapsed time: 240.894584 seconds (0d 0h 4m 0s)

---------------  T H R E A D  ---------------

Current thread (0x000001793ffb4190):  JavaThread "C2 CompilerThread0" daemon [_thread_in_native, id=153912, stack(0x0000007833f00000,0x0000007834000000)]


Current CompileTask:
C2: 240894 7929       4       org.eclipse.jdt.internal.compiler.lookup.BinaryTypeBinding::createMethod (1719 bytes)

Stack: [0x0000007833f00000,0x0000007834000000]
Native frames: (J=compiled Java code, j=interpreted, Vv=VM code, C=native code)
V  [jvm.dll+0x676b3a]
V  [jvm.dll+0x831444]
V  [jvm.dll+0x832bee]
V  [jvm.dll+0x833253]
V  [jvm.dll+0x244ce5]
V  [jvm.dll+0xabbac]
V  [jvm.dll+0xac17c]
V  [jvm.dll+0x2abd2f]
V  [jvm.dll+0x57d517]
V  [jvm.dll+0x21fd72]
V  [jvm.dll+0x22014f]
V  [jvm.dll+0x2199a5]
V  [jvm.dll+0x216e6b]
V  [jvm.dll+0x1a343d]
V  [jvm.dll+0x22698a]
V  [jvm.dll+0x224ac5]
V  [jvm.dll+0x7e727b]
V  [jvm.dll+0x7e17ea]
V  [jvm.dll+0x6759e5]
C  [ucrtbase.dll+0x29363]
C  [KERNEL32.DLL+0x126bd]
C  [ntdll.dll+0x5dfb8]


---------------  P R O C E S S  ---------------

Threads class SMR info:
_java_thread_list=0x00000179451709b0, length=29, elements={
0x000001792a5df040, 0x000001792a69a0b0, 0x000001792a69d3e0, 0x000001793e45dd30,
0x000001793e45e6f0, 0x000001793ffaa860, 0x000001793ffae120, 0x000001793ffb4190,
0x000001793ffb54f0, 0x000001793ffbf990, 0x0000017940129090, 0x000001794012b710,
0x00000179401286f0, 0x000001794012b240, 0x0000017940127d50, 0x000001794012a8a0,
0x0000017940128bc0, 0x0000017940129560, 0x000001794012a3d0, 0x000001794012ad70,
0x000001794322cc30, 0x000001794322bdc0, 0x000001794322c290, 0x000001794322d5d0,
0x000001794322b420, 0x000001794322af50, 0x000001794322b8f0, 0x0000017940129a30,
0x0000017940129f00
}

Java Threads: ( => current thread )
  0x000001792a5df040 JavaThread "main" [_thread_blocked, id=147912, stack(0x0000007833600000,0x0000007833700000)]
  0x000001792a69a0b0 JavaThread "Reference Handler" daemon [_thread_blocked, id=149120, stack(0x0000007833900000,0x0000007833a00000)]
  0x000001792a69d3e0 JavaThread "Finalizer" daemon [_thread_blocked, id=159392, stack(0x0000007833a00000,0x0000007833b00000)]
  0x000001793e45dd30 JavaThread "Signal Dispatcher" daemon [_thread_blocked, id=145256, stack(0x0000007833b00000,0x0000007833c00000)]
  0x000001793e45e6f0 JavaThread "Attach Listener" daemon [_thread_blocked, id=148384, stack(0x0000007833c00000,0x0000007833d00000)]
  0x000001793ffaa860 JavaThread "Service Thread" daemon [_thread_blocked, id=82192, stack(0x0000007833d00000,0x0000007833e00000)]
  0x000001793ffae120 JavaThread "Monitor Deflation Thread" daemon [_thread_blocked, id=150840, stack(0x0000007833e00000,0x0000007833f00000)]
=>0x000001793ffb4190 JavaThread "C2 CompilerThread0" daemon [_thread_in_native, id=153912, stack(0x0000007833f00000,0x0000007834000000)]
  0x000001793ffb54f0 JavaThread "C1 CompilerThread0" daemon [_thread_in_native, id=146112, stack(0x0000007834000000,0x0000007834100000)]
  0x000001793ffbf990 JavaThread "Sweeper thread" daemon [_thread_blocked, id=148108, stack(0x0000007834100000,0x0000007834200000)]
  0x0000017940129090 JavaThread "Common-Cleaner" daemon [_thread_blocked, id=131284, stack(0x0000007834200000,0x0000007834300000)]
  0x000001794012b710 JavaThread "Notification Thread" daemon [_thread_blocked, id=101368, stack(0x0000007834400000,0x0000007834500000)]
  0x00000179401286f0 JavaThread "Active Thread: Equinox Container: 25fcf89b-239d-4cd7-b6d1-d14187d195f1" [_thread_blocked, id=151312, stack(0x0000007834c00000,0x0000007834d00000)]
  0x000001794012b240 JavaThread "Framework Event Dispatcher: Equinox Container: 25fcf89b-239d-4cd7-b6d1-d14187d195f1" daemon [_thread_blocked, id=157872, stack(0x0000007834d00000,0x0000007834e00000)]
  0x0000017940127d50 JavaThread "Start Level: Equinox Container: 25fcf89b-239d-4cd7-b6d1-d14187d195f1" daemon [_thread_blocked, id=148960, stack(0x0000007834e00000,0x0000007834f00000)]
  0x000001794012a8a0 JavaThread "SCR Component Actor" daemon [_thread_blocked, id=150384, stack(0x0000007834f00000,0x0000007835000000)]
  0x0000017940128bc0 JavaThread "Worker-JM" [_thread_blocked, id=145612, stack(0x0000007835300000,0x0000007835400000)]
  0x0000017940129560 JavaThread "Worker-0" [_thread_blocked, id=154056, stack(0x0000007835500000,0x0000007835600000)]
  0x000001794012a3d0 JavaThread "Java indexing" daemon [_thread_blocked, id=152892, stack(0x0000007835700000,0x0000007835800000)]
  0x000001794012ad70 JavaThread "Worker-2: Publish Diagnostics" [_thread_in_Java, id=88112, stack(0x0000007835800000,0x0000007835900000)]
  0x000001794322cc30 JavaThread "JNA Cleaner" daemon [_thread_blocked, id=150612, stack(0x0000007835900000,0x0000007835a00000)]
  0x000001794322bdc0 JavaThread "pool-2-thread-1" [_thread_blocked, id=155800, stack(0x0000007835c00000,0x0000007835d00000)]
  0x000001794322c290 JavaThread "pool-1-thread-1" [_thread_in_native, id=83608, stack(0x0000007835d00000,0x0000007835e00000)]
  0x000001794322d5d0 JavaThread "ForkJoinPool.commonPool-worker-4" daemon [_thread_blocked, id=158392, stack(0x0000007833400000,0x0000007833500000)]
  0x000001794322b420 JavaThread "ForkJoinPool.commonPool-worker-5" daemon [_thread_blocked, id=149948, stack(0x0000007833500000,0x0000007833600000)]
  0x000001794322af50 JavaThread "ForkJoinPool.commonPool-worker-6" daemon [_thread_blocked, id=148656, stack(0x0000007834300000,0x0000007834400000)]
  0x000001794322b8f0 JavaThread "ForkJoinPool.commonPool-worker-7" daemon [_thread_blocked, id=103992, stack(0x0000007835200000,0x0000007835300000)]
  0x0000017940129a30 JavaThread "ForkJoinPool.commonPool-worker-8" daemon [_thread_blocked, id=154960, stack(0x0000007833300000,0x0000007833400000)]
  0x0000017940129f00 JavaThread "ForkJoinPool.commonPool-worker-9" daemon [_thread_blocked, id=152204, stack(0x0000007835600000,0x0000007835700000)]

Other Threads:
  0x000001793e44f9f0 VMThread "VM Thread" [stack: 0x0000007833800000,0x0000007833900000] [id=158136]
  0x00000179402e03c0 WatcherThread [stack: 0x0000007834500000,0x0000007834600000] [id=100688]
  0x000001792a5f3b10 GCTaskThread "GC Thread#0" [stack: 0x0000007833700000,0x0000007833800000] [id=12236]
  0x000001794258c430 GCTaskThread "GC Thread#1" [stack: 0x0000007834600000,0x0000007834700000] [id=155136]
  0x000001794176d4f0 GCTaskThread "GC Thread#2" [stack: 0x0000007834700000,0x0000007834800000] [id=158928]
  0x00000179417bea60 GCTaskThread "GC Thread#3" [stack: 0x0000007834800000,0x0000007834900000] [id=151144]
  0x000001794176e520 GCTaskThread "GC Thread#4" [stack: 0x0000007834900000,0x0000007834a00000] [id=157144]
  0x0000017941a07be0 GCTaskThread "GC Thread#5" [stack: 0x0000007834a00000,0x0000007834b00000] [id=47556]
  0x0000017941a07e90 GCTaskThread "GC Thread#6" [stack: 0x0000007834b00000,0x0000007834c00000] [id=134612]
  0x00000179414abe50 GCTaskThread "GC Thread#7" [stack: 0x0000007835000000,0x0000007835100000] [id=127012]
  0x0000017942a92c50 GCTaskThread "GC Thread#8" [stack: 0x0000007835100000,0x0000007835200000] [id=154940]
  0x0000017942b60600 GCTaskThread "GC Thread#9" [stack: 0x0000007835400000,0x0000007835500000] [id=148516]

Threads with active compile tasks:
C2 CompilerThread0   240941 7929       4       org.eclipse.jdt.internal.compiler.lookup.BinaryTypeBinding::createMethod (1719 bytes)
C1 CompilerThread0   240941 8140       2       org.eclipse.jdt.internal.core.NameLookup::findPackageFragments (544 bytes)

VM state: not at safepoint (normal execution)

VM Mutex/Monitor currently owned by a thread: None

Heap address: 0x00000000c0000000, size: 1024 MB, Compressed Oops mode: 32-bit

CDS archive(s) not mapped
Compressed class space mapped at: 0x0000000100000000-0x0000000140000000, reserved size: 1073741824
Narrow klass base: 0x0000000000000000, Narrow klass shift: 3, Narrow klass range: 0x140000000

GC Precious Log:
 CPUs: 12 total, 12 available
 Memory: 7549M
 Large Page Support: Disabled
 NUMA Support: Disabled
 Compressed Oops: Enabled (32-bit)
 Alignments: Space 512K, Generation 512K, Heap 2M
 Heap Min Capacity: 100M
 Heap Initial Capacity: 100M
 Heap Max Capacity: 1G
 Pre-touch: Disabled
 Parallel Workers: 10

Heap:
 PSYoungGen      total 17408K, used 7367K [0x00000000eab00000, 0x00000000ebd80000, 0x0000000100000000)
  eden space 15872K, 42% used [0x00000000eab00000,0x00000000eb189d20,0x00000000eba80000)
  from space 1536K, 43% used [0x00000000eba80000,0x00000000ebb28000,0x00000000ebc00000)
  to   space 1024K, 0% used [0x00000000ebc80000,0x00000000ebc80000,0x00000000ebd80000)
 ParOldGen       total 68608K, used 39026K [0x00000000c0000000, 0x00000000c4300000, 0x00000000eab00000)
  object space 68608K, 56% used [0x00000000c0000000,0x00000000c261ca70,0x00000000c4300000)
 Metaspace       used 65215K, committed 66240K, reserved 1114112K
  class space    used 6875K, committed 7296K, reserved 1048576K

Card table byte_map: [0x0000017929f80000,0x000001792a190000] _byte_map_base: 0x0000017929980000

Marking Bits: (ParMarkBitMap*) 0x00007ffc65210dd0
 Begin Bits: [0x000001793c260000, 0x000001793d260000)
 End Bits:   [0x000001793d260000, 0x000001793e260000)

Polling page: 0x00000179285b0000

Metaspace:

Usage:
  Non-class:     56.97 MB used.
      Class:      6.71 MB used.
       Both:     63.69 MB used.

Virtual space:
  Non-class space:       64.00 MB reserved,      57.56 MB ( 90%) committed,  8 nodes.
      Class space:        1.00 GB reserved,       7.12 MB ( <1%) committed,  1 nodes.
             Both:        1.06 GB reserved,      64.69 MB (  6%) committed. 

Chunk freelists:
   Non-Class:  1.89 MB
       Class:  868.00 KB
        Both:  2.74 MB

MaxMetaspaceSize: unlimited
CompressedClassSpaceSize: 1.00 GB
Initial GC threshold: 21.00 MB
Current GC threshold: 97.31 MB
CDS: off
MetaspaceReclaimPolicy: balanced
 - commit_granule_bytes: 65536.
 - commit_granule_words: 8192.
 - virtual_space_node_default_size: 1048576.
 - enlarge_chunks_in_place: 1.
 - new_chunks_are_fully_committed: 0.
 - uncommit_free_chunks: 1.
 - use_allocation_guard: 0.
 - handle_deallocations: 1.


Internal statistics:

num_allocs_failed_limit: 9.
num_arena_births: 456.
num_arena_deaths: 14.
num_vsnodes_births: 9.
num_vsnodes_deaths: 0.
num_space_committed: 1034.
num_space_uncommitted: 0.
num_chunks_returned_to_freelist: 23.
num_chunks_taken_from_freelist: 2818.
num_chunk_merges: 13.
num_chunk_splits: 1884.
num_chunks_enlarged: 1275.
num_purges: 2.
num_inconsistent_stats: 0.

CodeHeap 'non-profiled nmethods': size=120000Kb used=3830Kb max_used=3830Kb free=116169Kb
 bounds [0x0000017934d30000, 0x00000179350f0000, 0x000001793c260000]
CodeHeap 'profiled nmethods': size=120000Kb used=16099Kb max_used=16099Kb free=103900Kb
 bounds [0x000001792d800000, 0x000001792e7c0000, 0x0000017934d30000]
CodeHeap 'non-nmethods': size=5760Kb used=1346Kb max_used=1400Kb free=4413Kb
 bounds [0x000001792d260000, 0x000001792d4d0000, 0x000001792d800000]
 total_blobs=7935 nmethods=7244 adapters=605
 compilation: enabled
              stopped_count=0, restarted_count=0
 full_count=0

Compilation events (20 events):
Event: 240.884 Thread 0x000001793ffb54f0 8067       3       org.eclipse.jdt.internal.compiler.lookup.BinaryTypeBinding::signature2qualifiedTypeName (12 bytes)
Event: 240.884 Thread 0x000001793ffb54f0 nmethod 8067 0x000001792e785c90 code [0x000001792e785e20, 0x000001792e785f68]
Event: 240.884 Thread 0x000001793ffb54f0 8068       3       org.eclipse.jdt.internal.compiler.lookup.LookupEnvironment::getNullAnnotationBit (271 bytes)
Event: 240.886 Thread 0x000001793ffb54f0 nmethod 8068 0x000001792e786010 code [0x000001792e7863c0, 0x000001792e787c08]
Event: 240.887 Thread 0x000001793ffb54f0 8070       3       org.eclipse.jdt.internal.compiler.env.ITypeAnnotationWalker$1::toThrows (2 bytes)
Event: 240.887 Thread 0x000001793ffb54f0 nmethod 8070 0x000001792e788510 code [0x000001792e7886a0, 0x000001792e7887b8]
Event: 240.887 Thread 0x000001793ffb54f0 8069       3       org.eclipse.jdt.internal.core.JavaElementRequestor::acceptPackageFragment (28 bytes)
Event: 240.888 Thread 0x000001793ffb54f0 nmethod 8069 0x000001792e788890 code [0x000001792e788a80, 0x000001792e789188]
Event: 240.888 Thread 0x000001793ffb54f0 8072       3       org.eclipse.jdt.internal.compiler.lookup.TypeSystem::cacheDerivedType (165 bytes)
Event: 240.889 Thread 0x000001793ffb54f0 nmethod 8072 0x000001792e789490 code [0x000001792e7896a0, 0x000001792e78a038]
Event: 240.889 Thread 0x000001793ffb54f0 8074       3       org.eclipse.jdt.internal.compiler.lookup.MethodBinding::isPrivate (13 bytes)
Event: 240.889 Thread 0x000001793ffb54f0 nmethod 8074 0x000001792e78a390 code [0x000001792e78a520, 0x000001792e78a698]
Event: 240.889 Thread 0x000001793ffb54f0 8071       3       org.eclipse.jdt.internal.core.PackageFragment::resource (74 bytes)
Event: 240.890 Thread 0x000001793ffb54f0 nmethod 8071 0x000001792e78a710 code [0x000001792e78a960, 0x000001792e78b398]
Event: 240.890 Thread 0x000001793ffb54f0 8075       1       org.eclipse.jdt.internal.compiler.classfmt.ClassFileReader::getSuperclassName (5 bytes)
Event: 240.890 Thread 0x000001793ffb54f0 nmethod 8075 0x00000179350eca90 code [0x00000179350ecc20, 0x00000179350eccf8]
Event: 240.890 Thread 0x000001793ffb54f0 8076       1       org.eclipse.jdt.internal.compiler.classfmt.ClassFileReader::getInterfaceNames (5 bytes)
Event: 240.890 Thread 0x000001793ffb54f0 nmethod 8076 0x00000179350ecd90 code [0x00000179350ecf20, 0x00000179350ecff8]
Event: 240.890 Thread 0x000001793ffb54f0 8078       3       org.eclipse.jdt.internal.compiler.util.HashtableOfType::put (113 bytes)
Event: 240.891 Thread 0x000001793ffb54f0 nmethod 8078 0x000001792e78b790 code [0x000001792e78b9c0, 0x000001792e78c2a8]

GC Heap History (20 events):
Event: 6.002 GC heap before
{Heap before GC invocations=27 (full 2):
 PSYoungGen      total 19968K, used 19961K [0x00000000eab00000, 0x00000000ec080000, 0x0000000100000000)
  eden space 18944K, 100% used [0x00000000eab00000,0x00000000ebd80000,0x00000000ebd80000)
  from space 1024K, 99% used [0x00000000ebf00000,0x00000000ebffe470,0x00000000ec000000)
  to   space 1536K, 0% used [0x00000000ebd80000,0x00000000ebd80000,0x00000000ebf00000)
 ParOldGen       total 68608K, used 32341K [0x00000000c0000000, 0x00000000c4300000, 0x00000000eab00000)
  object space 68608K, 47% used [0x00000000c0000000,0x00000000c1f957c0,0x00000000c4300000)
 Metaspace       used 56267K, committed 57088K, reserved 1105920K
  class space    used 5997K, committed 6336K, reserved 1048576K
}
Event: 6.004 GC heap after
{Heap after GC invocations=27 (full 2):
 PSYoungGen      total 19968K, used 816K [0x00000000eab00000, 0x00000000ebf80000, 0x0000000100000000)
  eden space 18944K, 0% used [0x00000000eab00000,0x00000000eab00000,0x00000000ebd80000)
  from space 1024K, 79% used [0x00000000ebd80000,0x00000000ebe4c010,0x00000000ebe80000)
  to   space 1024K, 0% used [0x00000000ebe80000,0x00000000ebe80000,0x00000000ebf80000)
 ParOldGen       total 68608K, used 33201K [0x00000000c0000000, 0x00000000c4300000, 0x00000000eab00000)
  object space 68608K, 48% used [0x00000000c0000000,0x00000000c206c660,0x00000000c4300000)
 Metaspace       used 56267K, committed 57088K, reserved 1105920K
  class space    used 5997K, committed 6336K, reserved 1048576K
}
Event: 6.477 GC heap before
{Heap before GC invocations=28 (full 2):
 PSYoungGen      total 19968K, used 19760K [0x00000000eab00000, 0x00000000ebf80000, 0x0000000100000000)
  eden space 18944K, 100% used [0x00000000eab00000,0x00000000ebd80000,0x00000000ebd80000)
  from space 1024K, 79% used [0x00000000ebd80000,0x00000000ebe4c010,0x00000000ebe80000)
  to   space 1024K, 0% used [0x00000000ebe80000,0x00000000ebe80000,0x00000000ebf80000)
 ParOldGen       total 68608K, used 33201K [0x00000000c0000000, 0x00000000c4300000, 0x00000000eab00000)
  object space 68608K, 48% used [0x00000000c0000000,0x00000000c206c660,0x00000000c4300000)
 Metaspace       used 58663K, committed 59648K, reserved 1105920K
  class space    used 6245K, committed 6656K, reserved 1048576K
}
Event: 6.479 GC heap after
{Heap after GC invocations=28 (full 2):
 PSYoungGen      total 18432K, used 998K [0x00000000eab00000, 0x00000000ec280000, 0x0000000100000000)
  eden space 17408K, 0% used [0x00000000eab00000,0x00000000eab00000,0x00000000ebc00000)
  from space 1024K, 97% used [0x00000000ebe80000,0x00000000ebf79978,0x00000000ebf80000)
  to   space 2560K, 0% used [0x00000000ebc00000,0x00000000ebc00000,0x00000000ebe80000)
 ParOldGen       total 68608K, used 34332K [0x00000000c0000000, 0x00000000c4300000, 0x00000000eab00000)
  object space 68608K, 50% used [0x00000000c0000000,0x00000000c2187368,0x00000000c4300000)
 Metaspace       used 58663K, committed 59648K, reserved 1105920K
  class space    used 6245K, committed 6656K, reserved 1048576K
}
Event: 6.517 GC heap before
{Heap before GC invocations=29 (full 2):
 PSYoungGen      total 18432K, used 2280K [0x00000000eab00000, 0x00000000ec280000, 0x0000000100000000)
  eden space 17408K, 7% used [0x00000000eab00000,0x00000000eac40770,0x00000000ebc00000)
  from space 1024K, 97% used [0x00000000ebe80000,0x00000000ebf79978,0x00000000ebf80000)
  to   space 2560K, 0% used [0x00000000ebc00000,0x00000000ebc00000,0x00000000ebe80000)
 ParOldGen       total 68608K, used 34332K [0x00000000c0000000, 0x00000000c4300000, 0x00000000eab00000)
  object space 68608K, 50% used [0x00000000c0000000,0x00000000c2187368,0x00000000c4300000)
 Metaspace       used 58858K, committed 59776K, reserved 1105920K
  class space    used 6267K, committed 6656K, reserved 1048576K
}
Event: 6.518 GC heap after
{Heap after GC invocations=29 (full 2):
 PSYoungGen      total 19968K, used 320K [0x00000000eab00000, 0x00000000ebf80000, 0x0000000100000000)
  eden space 17408K, 0% used [0x00000000eab00000,0x00000000eab00000,0x00000000ebc00000)
  from space 2560K, 12% used [0x00000000ebc00000,0x00000000ebc50000,0x00000000ebe80000)
  to   space 1024K, 0% used [0x00000000ebe80000,0x00000000ebe80000,0x00000000ebf80000)
 ParOldGen       total 68608K, used 35304K [0x00000000c0000000, 0x00000000c4300000, 0x00000000eab00000)
  object space 68608K, 51% used [0x00000000c0000000,0x00000000c227a340,0x00000000c4300000)
 Metaspace       used 58858K, committed 59776K, reserved 1105920K
  class space    used 6267K, committed 6656K, reserved 1048576K
}
Event: 6.518 GC heap before
{Heap before GC invocations=30 (full 3):
 PSYoungGen      total 19968K, used 320K [0x00000000eab00000, 0x00000000ebf80000, 0x0000000100000000)
  eden space 17408K, 0% used [0x00000000eab00000,0x00000000eab00000,0x00000000ebc00000)
  from space 2560K, 12% used [0x00000000ebc00000,0x00000000ebc50000,0x00000000ebe80000)
  to   space 1024K, 0% used [0x00000000ebe80000,0x00000000ebe80000,0x00000000ebf80000)
 ParOldGen       total 68608K, used 35304K [0x00000000c0000000, 0x00000000c4300000, 0x00000000eab00000)
  object space 68608K, 51% used [0x00000000c0000000,0x00000000c227a340,0x00000000c4300000)
 Metaspace       used 58858K, committed 59776K, reserved 1105920K
  class space    used 6267K, committed 6656K, reserved 1048576K
}
Event: 6.562 GC heap after
{Heap after GC invocations=30 (full 3):
 PSYoungGen      total 19968K, used 0K [0x00000000eab00000, 0x00000000ebf80000, 0x0000000100000000)
  eden space 17408K, 0% used [0x00000000eab00000,0x00000000eab00000,0x00000000ebc00000)
  from space 2560K, 0% used [0x00000000ebc00000,0x00000000ebc00000,0x00000000ebe80000)
  to   space 1024K, 0% used [0x00000000ebe80000,0x00000000ebe80000,0x00000000ebf80000)
 ParOldGen       total 68608K, used 33075K [0x00000000c0000000, 0x00000000c4300000, 0x00000000eab00000)
  object space 68608K, 48% used [0x00000000c0000000,0x00000000c204cf58,0x00000000c4300000)
 Metaspace       used 58858K, committed 59776K, reserved 1105920K
  class space    used 6267K, committed 6656K, reserved 1048576K
}
Event: 21.594 GC heap before
{Heap before GC invocations=31 (full 3):
 PSYoungGen      total 19968K, used 17408K [0x00000000eab00000, 0x00000000ebf80000, 0x0000000100000000)
  eden space 17408K, 100% used [0x00000000eab00000,0x00000000ebc00000,0x00000000ebc00000)
  from space 2560K, 0% used [0x00000000ebc00000,0x00000000ebc00000,0x00000000ebe80000)
  to   space 1024K, 0% used [0x00000000ebe80000,0x00000000ebe80000,0x00000000ebf80000)
 ParOldGen       total 68608K, used 33075K [0x00000000c0000000, 0x00000000c4300000, 0x00000000eab00000)
  object space 68608K, 48% used [0x00000000c0000000,0x00000000c204cf58,0x00000000c4300000)
 Metaspace       used 60974K, committed 61952K, reserved 1105920K
  class space    used 6458K, committed 6848K, reserved 1048576K
}
Event: 21.596 GC heap after
{Heap after GC invocations=31 (full 3):
 PSYoungGen      total 18432K, used 1002K [0x00000000eab00000, 0x00000000ebf80000, 0x0000000100000000)
  eden space 17408K, 0% used [0x00000000eab00000,0x00000000eab00000,0x00000000ebc00000)
  from space 1024K, 97% used [0x00000000ebe80000,0x00000000ebf7a830,0x00000000ebf80000)
  to   space 1536K, 0% used [0x00000000ebc80000,0x00000000ebc80000,0x00000000ebe00000)
 ParOldGen       total 68608K, used 33259K [0x00000000c0000000, 0x00000000c4300000, 0x00000000eab00000)
  object space 68608K, 48% used [0x00000000c0000000,0x00000000c207af78,0x00000000c4300000)
 Metaspace       used 60974K, committed 61952K, reserved 1105920K
  class space    used 6458K, committed 6848K, reserved 1048576K
}
Event: 104.207 GC heap before
{Heap before GC invocations=32 (full 3):
 PSYoungGen      total 18432K, used 18410K [0x00000000eab00000, 0x00000000ebf80000, 0x0000000100000000)
  eden space 17408K, 100% used [0x00000000eab00000,0x00000000ebc00000,0x00000000ebc00000)
  from space 1024K, 97% used [0x00000000ebe80000,0x00000000ebf7a830,0x00000000ebf80000)
  to   space 1536K, 0% used [0x00000000ebc80000,0x00000000ebc80000,0x00000000ebe00000)
 ParOldGen       total 68608K, used 33259K [0x00000000c0000000, 0x00000000c4300000, 0x00000000eab00000)
  object space 68608K, 48% used [0x00000000c0000000,0x00000000c207af78,0x00000000c4300000)
 Metaspace       used 61349K, committed 62336K, reserved 1105920K
  class space    used 6470K, committed 6848K, reserved 1048576K
}
Event: 104.209 GC heap after
{Heap after GC invocations=32 (full 3):
 PSYoungGen      total 18944K, used 320K [0x00000000eab00000, 0x00000000ebf00000, 0x0000000100000000)
  eden space 17408K, 0% used [0x00000000eab00000,0x00000000eab00000,0x00000000ebc00000)
  from space 1536K, 20% used [0x00000000ebc80000,0x00000000ebcd0000,0x00000000ebe00000)
  to   space 1024K, 0% used [0x00000000ebe00000,0x00000000ebe00000,0x00000000ebf00000)
 ParOldGen       total 68608K, used 34242K [0x00000000c0000000, 0x00000000c4300000, 0x00000000eab00000)
  object space 68608K, 49% used [0x00000000c0000000,0x00000000c2170968,0x00000000c4300000)
 Metaspace       used 61349K, committed 62336K, reserved 1105920K
  class space    used 6470K, committed 6848K, reserved 1048576K
}
Event: 149.042 GC heap before
{Heap before GC invocations=33 (full 3):
 PSYoungGen      total 18944K, used 17634K [0x00000000eab00000, 0x00000000ebf00000, 0x0000000100000000)
  eden space 17408K, 99% used [0x00000000eab00000,0x00000000ebbe8ad8,0x00000000ebc00000)
  from space 1536K, 20% used [0x00000000ebc80000,0x00000000ebcd0000,0x00000000ebe00000)
  to   space 1024K, 0% used [0x00000000ebe00000,0x00000000ebe00000,0x00000000ebf00000)
 ParOldGen       total 68608K, used 34242K [0x00000000c0000000, 0x00000000c4300000, 0x00000000eab00000)
  object space 68608K, 49% used [0x00000000c0000000,0x00000000c2170968,0x00000000c4300000)
 Metaspace       used 61759K, committed 62784K, reserved 1105920K
  class space    used 6500K, committed 6912K, reserved 1048576K
}
Event: 149.044 GC heap after
{Heap after GC invocations=33 (full 3):
 PSYoungGen      total 16896K, used 1011K [0x00000000eab00000, 0x00000000ec300000, 0x0000000100000000)
  eden space 15872K, 0% used [0x00000000eab00000,0x00000000eab00000,0x00000000eba80000)
  from space 1024K, 98% used [0x00000000ebe00000,0x00000000ebefcfc0,0x00000000ebf00000)
  to   space 3584K, 0% used [0x00000000eba80000,0x00000000eba80000,0x00000000ebe00000)
 ParOldGen       total 68608K, used 36207K [0x00000000c0000000, 0x00000000c4300000, 0x00000000eab00000)
  object space 68608K, 52% used [0x00000000c0000000,0x00000000c235bdb8,0x00000000c4300000)
 Metaspace       used 61759K, committed 62784K, reserved 1105920K
  class space    used 6500K, committed 6912K, reserved 1048576K
}
Event: 150.157 GC heap before
{Heap before GC invocations=34 (full 3):
 PSYoungGen      total 16896K, used 16883K [0x00000000eab00000, 0x00000000ec300000, 0x0000000100000000)
  eden space 15872K, 100% used [0x00000000eab00000,0x00000000eba80000,0x00000000eba80000)
  from space 1024K, 98% used [0x00000000ebe00000,0x00000000ebefcfc0,0x00000000ebf00000)
  to   space 3584K, 0% used [0x00000000eba80000,0x00000000eba80000,0x00000000ebe00000)
 ParOldGen       total 68608K, used 36207K [0x00000000c0000000, 0x00000000c4300000, 0x00000000eab00000)
  object space 68608K, 52% used [0x00000000c0000000,0x00000000c235bdb8,0x00000000c4300000)
 Metaspace       used 62578K, committed 63552K, reserved 1105920K
  class space    used 6587K, committed 6976K, reserved 1048576K
}
Event: 150.159 GC heap after
{Heap after GC invocations=34 (full 3):
 PSYoungGen      total 17920K, used 1846K [0x00000000eab00000, 0x00000000ebf80000, 0x0000000100000000)
  eden space 15872K, 0% used [0x00000000eab00000,0x00000000eab00000,0x00000000eba80000)
  from space 2048K, 90% used [0x00000000eba80000,0x00000000ebc4da48,0x00000000ebc80000)
  to   space 2560K, 0% used [0x00000000ebd00000,0x00000000ebd00000,0x00000000ebf80000)
 ParOldGen       total 68608K, used 36955K [0x00000000c0000000, 0x00000000c4300000, 0x00000000eab00000)
  object space 68608K, 53% used [0x00000000c0000000,0x00000000c2416fd0,0x00000000c4300000)
 Metaspace       used 62578K, committed 63552K, reserved 1105920K
  class space    used 6587K, committed 6976K, reserved 1048576K
}
Event: 150.528 GC heap before
{Heap before GC invocations=35 (full 3):
 PSYoungGen      total 17920K, used 17718K [0x00000000eab00000, 0x00000000ebf80000, 0x0000000100000000)
  eden space 15872K, 100% used [0x00000000eab00000,0x00000000eba80000,0x00000000eba80000)
  from space 2048K, 90% used [0x00000000eba80000,0x00000000ebc4da48,0x00000000ebc80000)
  to   space 2560K, 0% used [0x00000000ebd00000,0x00000000ebd00000,0x00000000ebf80000)
 ParOldGen       total 68608K, used 36955K [0x00000000c0000000, 0x00000000c4300000, 0x00000000eab00000)
  object space 68608K, 53% used [0x00000000c0000000,0x00000000c2416fd0,0x00000000c4300000)
 Metaspace       used 64704K, committed 65728K, reserved 1114112K
  class space    used 6862K, committed 7296K, reserved 1048576K
}
Event: 150.530 GC heap after
{Heap after GC invocations=35 (full 3):
 PSYoungGen      total 16384K, used 480K [0x00000000eab00000, 0x00000000ebd80000, 0x0000000100000000)
  eden space 15872K, 0% used [0x00000000eab00000,0x00000000eab00000,0x00000000eba80000)
  from space 512K, 93% used [0x00000000ebd00000,0x00000000ebd78000,0x00000000ebd80000)
  to   space 1536K, 0% used [0x00000000eba80000,0x00000000eba80000,0x00000000ebc00000)
 ParOldGen       total 68608K, used 38674K [0x00000000c0000000, 0x00000000c4300000, 0x00000000eab00000)
  object space 68608K, 56% used [0x00000000c0000000,0x00000000c25c4a70,0x00000000c4300000)
 Metaspace       used 64704K, committed 65728K, reserved 1114112K
  class space    used 6862K, committed 7296K, reserved 1048576K
}
Event: 240.366 GC heap before
{Heap before GC invocations=36 (full 3):
 PSYoungGen      total 16384K, used 16352K [0x00000000eab00000, 0x00000000ebd80000, 0x0000000100000000)
  eden space 15872K, 100% used [0x00000000eab00000,0x00000000eba80000,0x00000000eba80000)
  from space 512K, 93% used [0x00000000ebd00000,0x00000000ebd78000,0x00000000ebd80000)
  to   space 1536K, 0% used [0x00000000eba80000,0x00000000eba80000,0x00000000ebc00000)
 ParOldGen       total 68608K, used 38674K [0x00000000c0000000, 0x00000000c4300000, 0x00000000eab00000)
  object space 68608K, 56% used [0x00000000c0000000,0x00000000c25c4a70,0x00000000c4300000)
 Metaspace       used 64884K, committed 65920K, reserved 1114112K
  class space    used 6863K, committed 7296K, reserved 1048576K
}
Event: 240.370 GC heap after
{Heap after GC invocations=36 (full 3):
 PSYoungGen      total 17408K, used 672K [0x00000000eab00000, 0x00000000ebd80000, 0x0000000100000000)
  eden space 15872K, 0% used [0x00000000eab00000,0x00000000eab00000,0x00000000eba80000)
  from space 1536K, 43% used [0x00000000eba80000,0x00000000ebb28000,0x00000000ebc00000)
  to   space 1024K, 0% used [0x00000000ebc80000,0x00000000ebc80000,0x00000000ebd80000)
 ParOldGen       total 68608K, used 39026K [0x00000000c0000000, 0x00000000c4300000, 0x00000000eab00000)
  object space 68608K, 56% used [0x00000000c0000000,0x00000000c261ca70,0x00000000c4300000)
 Metaspace       used 64884K, committed 65920K, reserved 1114112K
  class space    used 6863K, committed 7296K, reserved 1048576K
}

Dll operation events (11 events):
Event: 0.010 Loaded shared library c:\Users\n\.vscode\extensions\redhat.java-1.13.0-win32-x64\jre\17.0.5-win32-x86_64\bin\java.dll
Event: 0.119 Loaded shared library c:\Users\n\.vscode\extensions\redhat.java-1.13.0-win32-x64\jre\17.0.5-win32-x86_64\bin\zip.dll
Event: 0.124 Loaded shared library C:\Users\n\.vscode\extensions\redhat.java-1.13.0-win32-x64\jre\17.0.5-win32-x86_64\bin\instrument.dll
Event: 0.133 Loaded shared library C:\Users\n\.vscode\extensions\redhat.java-1.13.0-win32-x64\jre\17.0.5-win32-x86_64\bin\net.dll
Event: 0.135 Loaded shared library C:\Users\n\.vscode\extensions\redhat.java-1.13.0-win32-x64\jre\17.0.5-win32-x86_64\bin\nio.dll
Event: 0.140 Loaded shared library C:\Users\n\.vscode\extensions\redhat.java-1.13.0-win32-x64\jre\17.0.5-win32-x86_64\bin\zip.dll
Event: 0.152 Loaded shared library C:\Users\n\.vscode\extensions\redhat.java-1.13.0-win32-x64\jre\17.0.5-win32-x86_64\bin\jimage.dll
Event: 0.188 Loaded shared library c:\Users\n\.vscode\extensions\redhat.java-1.13.0-win32-x64\jre\17.0.5-win32-x86_64\bin\verify.dll
Event: 1.141 Loaded shared library C:\Users\n\AppData\Roaming\Code\User\globalStorage\redhat.java\1.13.0\config_win\org.eclipse.equinox.launcher\org.eclipse.equinox.launcher.win32.win32.x86_64_1.2.600.v20220720-1916\eclipse_11700.dll
Event: 2.569 Loaded shared library C:\Users\n\AppData\Local\Temp\jna-90669338\jna18020917003557721371.dll
Event: 4.053 Loaded shared library C:\Users\n\.vscode\extensions\redhat.java-1.13.0-win32-x64\jre\17.0.5-win32-x86_64\bin\sunmscapi.dll

Deoptimization events (20 events):
Event: 240.453 Thread 0x000001794322c290 DEOPT PACKING pc=0x00000179350c2828 sp=0x0000007835dfcf90
Event: 240.453 Thread 0x000001794322c290 DEOPT UNPACKING pc=0x000001792d2b20a3 sp=0x0000007835dfcf28 mode 2
Event: 240.738 Thread 0x000001794322b8f0 Uncommon trap: trap_request=0xffffffde fr.pc=0x0000017935085d60 relative=0x0000000000000680
Event: 240.738 Thread 0x000001794322b8f0 Uncommon trap: reason=class_check action=maybe_recompile pc=0x0000017935085d60 method=java.util.HashMap.removeNode(ILjava/lang/Object;Ljava/lang/Object;ZZ)Ljava/util/HashMap$Node; @ 143 c2
Event: 240.738 Thread 0x000001794322b8f0 DEOPT PACKING pc=0x0000017935085d60 sp=0x00000078352fdc20
Event: 240.738 Thread 0x000001794322b8f0 DEOPT UNPACKING pc=0x000001792d2b20a3 sp=0x00000078352fdb98 mode 2
Event: 240.749 Thread 0x000001794322b8f0 DEOPT PACKING pc=0x000001792dd5c1c3 sp=0x00000078352fe380
Event: 240.749 Thread 0x000001794322b8f0 DEOPT UNPACKING pc=0x000001792d2b2843 sp=0x00000078352fd808 mode 0
Event: 240.749 Thread 0x000001794322b8f0 Uncommon trap: trap_request=0xffffffde fr.pc=0x0000017934d48a10 relative=0x00000000000006b0
Event: 240.749 Thread 0x000001794322b8f0 Uncommon trap: reason=class_check action=maybe_recompile pc=0x0000017934d48a10 method=java.util.regex.Pattern$StartS.match(Ljava/util/regex/Matcher;ILjava/lang/CharSequence;)Z @ 44 c2
Event: 240.749 Thread 0x000001794322b8f0 DEOPT PACKING pc=0x0000017934d48a10 sp=0x00000078352fe6f0
Event: 240.749 Thread 0x000001794322b8f0 DEOPT UNPACKING pc=0x000001792d2b20a3 sp=0x00000078352fe640 mode 2
Event: 240.749 Thread 0x000001794322b8f0 Uncommon trap: trap_request=0xffffffde fr.pc=0x0000017934d48a10 relative=0x00000000000006b0
Event: 240.749 Thread 0x000001794322b8f0 Uncommon trap: reason=class_check action=maybe_recompile pc=0x0000017934d48a10 method=java.util.regex.Pattern$StartS.match(Ljava/util/regex/Matcher;ILjava/lang/CharSequence;)Z @ 44 c2
Event: 240.749 Thread 0x000001794322b8f0 DEOPT PACKING pc=0x0000017934d48a10 sp=0x00000078352fe6f0
Event: 240.749 Thread 0x000001794322b8f0 DEOPT UNPACKING pc=0x000001792d2b20a3 sp=0x00000078352fe640 mode 2
Event: 240.793 Thread 0x000001794322b8f0 Uncommon trap: trap_request=0xffffffe4 fr.pc=0x00000179350c8220 relative=0x0000000000000360
Event: 240.793 Thread 0x000001794322b8f0 Uncommon trap: reason=range_check action=make_not_entrant pc=0x00000179350c8220 method=org.eclipse.jdt.internal.compiler.parser.Scanner.pushLineSeparator()V @ 100 c2
Event: 240.793 Thread 0x000001794322b8f0 DEOPT PACKING pc=0x00000179350c8220 sp=0x00000078352fe9a0
Event: 240.793 Thread 0x000001794322b8f0 DEOPT UNPACKING pc=0x000001792d2b20a3 sp=0x00000078352fe950 mode 2

Classes unloaded (7 events):
Event: 1.774 Thread 0x000001793e44f9f0 Unloading class 0x0000000100216400 'java/lang/invoke/LambdaForm$MH+0x0000000100216400'
Event: 1.774 Thread 0x000001793e44f9f0 Unloading class 0x0000000100216000 'java/lang/invoke/LambdaForm$MH+0x0000000100216000'
Event: 1.774 Thread 0x000001793e44f9f0 Unloading class 0x0000000100215c00 'java/lang/invoke/LambdaForm$MH+0x0000000100215c00'
Event: 1.774 Thread 0x000001793e44f9f0 Unloading class 0x0000000100215800 'java/lang/invoke/LambdaForm$MH+0x0000000100215800'
Event: 1.774 Thread 0x000001793e44f9f0 Unloading class 0x0000000100215000 'java/lang/invoke/LambdaForm$BMH+0x0000000100215000'
Event: 1.774 Thread 0x000001793e44f9f0 Unloading class 0x0000000100214c00 'java/lang/invoke/LambdaForm$DMH+0x0000000100214c00'
Event: 1.774 Thread 0x000001793e44f9f0 Unloading class 0x0000000100212000 'java/lang/invoke/LambdaForm$DMH+0x0000000100212000'

Classes redefined (0 events):
No events

Internal exceptions (20 events):
Event: 213.729 Thread 0x000001794012ad70 Exception <a 'sun/nio/fs/WindowsException'{0x00000000eb3be398}> (0x00000000eb3be398) 
thrown [s\src\hotspot\share\prims\jni.cpp, line 516]
Event: 218.571 Thread 0x0000017940129560 Exception <a 'sun/nio/fs/WindowsException'{0x00000000eb48ea18}> (0x00000000eb48ea18) 
thrown [s\src\hotspot\share\prims\jni.cpp, line 516]
Event: 218.572 Thread 0x0000017940129560 Exception <a 'sun/nio/fs/WindowsException'{0x00000000eb495840}> (0x00000000eb495840) 
thrown [s\src\hotspot\share\prims\jni.cpp, line 516]
Event: 218.574 Thread 0x0000017940129560 Exception <a 'sun/nio/fs/WindowsException'{0x00000000eb49ad30}> (0x00000000eb49ad30) 
thrown [s\src\hotspot\share\prims\jni.cpp, line 516]
Event: 222.822 Thread 0x0000017940129560 Exception <a 'sun/nio/fs/WindowsException'{0x00000000eb5708f8}> (0x00000000eb5708f8) 
thrown [s\src\hotspot\share\prims\jni.cpp, line 516]
Event: 222.823 Thread 0x0000017940129560 Exception <a 'sun/nio/fs/WindowsException'{0x00000000eb577728}> (0x00000000eb577728) 
thrown [s\src\hotspot\share\prims\jni.cpp, line 516]
Event: 222.824 Thread 0x0000017940129560 Exception <a 'sun/nio/fs/WindowsException'{0x00000000eb57cb40}> (0x00000000eb57cb40) 
thrown [s\src\hotspot\share\prims\jni.cpp, line 516]
Event: 225.178 Thread 0x0000017940129560 Exception <a 'sun/nio/fs/WindowsException'{0x00000000eb63ba28}> (0x00000000eb63ba28) 
thrown [s\src\hotspot\share\prims\jni.cpp, line 516]
Event: 225.179 Thread 0x0000017940129560 Exception <a 'sun/nio/fs/WindowsException'{0x00000000eb642ab8}> (0x00000000eb642ab8) 
thrown [s\src\hotspot\share\prims\jni.cpp, line 516]
Event: 225.181 Thread 0x0000017940129560 Exception <a 'sun/nio/fs/WindowsException'{0x00000000eb647e98}> (0x00000000eb647e98) 
thrown [s\src\hotspot\share\prims\jni.cpp, line 516]
Event: 227.966 Thread 0x0000017940129560 Exception <a 'sun/nio/fs/WindowsException'{0x00000000eb71f998}> (0x00000000eb71f998) 
thrown [s\src\hotspot\share\prims\jni.cpp, line 516]
Event: 227.967 Thread 0x0000017940129560 Exception <a 'sun/nio/fs/WindowsException'{0x00000000eb726868}> (0x00000000eb726868) 
thrown [s\src\hotspot\share\prims\jni.cpp, line 516]
Event: 227.969 Thread 0x0000017940129560 Exception <a 'sun/nio/fs/WindowsException'{0x00000000eb72bd08}> (0x00000000eb72bd08) 
thrown [s\src\hotspot\share\prims\jni.cpp, line 516]
Event: 232.400 Thread 0x0000017940129560 Exception <a 'sun/nio/fs/WindowsException'{0x00000000eb7ead60}> (0x00000000eb7ead60) 
thrown [s\src\hotspot\share\prims\jni.cpp, line 516]
Event: 232.401 Thread 0x0000017940129560 Exception <a 'sun/nio/fs/WindowsException'{0x00000000eb7f1bc8}> (0x00000000eb7f1bc8) 
thrown [s\src\hotspot\share\prims\jni.cpp, line 516]
Event: 232.402 Thread 0x0000017940129560 Exception <a 'sun/nio/fs/WindowsException'{0x00000000eb7f6fe8}> (0x00000000eb7f6fe8) 
thrown [s\src\hotspot\share\prims\jni.cpp, line 516]
Event: 238.402 Thread 0x0000017940129560 Exception <a 'sun/nio/fs/WindowsException'{0x00000000eb8cea08}> (0x00000000eb8cea08) 
thrown [s\src\hotspot\share\prims\jni.cpp, line 516]
Event: 238.403 Thread 0x0000017940129560 Exception <a 'sun/nio/fs/WindowsException'{0x00000000eb8d5a98}> (0x00000000eb8d5a98) 
thrown [s\src\hotspot\share\prims\jni.cpp, line 516]
Event: 238.405 Thread 0x0000017940129560 Exception <a 'sun/nio/fs/WindowsException'{0x00000000eb8dae78}> (0x00000000eb8dae78) 
thrown [s\src\hotspot\share\prims\jni.cpp, line 516]
Event: 240.794 Thread 0x000001794322b8f0 Exception <a 'java/lang/ArrayIndexOutOfBoundsException'{0x00000000eaefbe08}: Index 3064 out of bounds for length 3063> (0x00000000eaefbe08) 
thrown [s\src\hotspot\share\interpreter\interpreterRuntime.cpp, line 428]

VM Operations (20 events):
Event: 166.619 Executing VM operation: Cleanup
Event: 166.619 Executing VM operation: Cleanup done
Event: 173.663 Executing VM operation: Cleanup
Event: 173.663 Executing VM operation: Cleanup done
Event: 181.701 Executing VM operation: Cleanup
Event: 181.701 Executing VM operation: Cleanup done
Event: 183.708 Executing VM operation: Cleanup
Event: 183.708 Executing VM operation: Cleanup done
Event: 185.726 Executing VM operation: Cleanup
Event: 185.727 Executing VM operation: Cleanup done
Event: 213.886 Executing VM operation: Cleanup
Event: 213.887 Executing VM operation: Cleanup done
Event: 225.944 Executing VM operation: Cleanup
Event: 225.944 Executing VM operation: Cleanup done
Event: 232.980 Executing VM operation: Cleanup
Event: 232.981 Executing VM operation: Cleanup done
Event: 239.012 Executing VM operation: Cleanup
Event: 239.012 Executing VM operation: Cleanup done
Event: 240.365 Executing VM operation: ParallelGCFailedAllocation
Event: 240.370 Executing VM operation: ParallelGCFailedAllocation done

Events (20 events):
Event: 93.039 Thread 0x0000017940129f00 Thread exited: 0x0000017940129f00
Event: 127.788 Thread 0x000001794322aa80 Thread exited: 0x000001794322aa80
Event: 148.882 Thread 0x000001794322d100 Thread added: 0x000001794322d100
Event: 148.888 Thread 0x000001794322d5d0 Thread added: 0x000001794322d5d0
Event: 149.562 Thread 0x000001793ffbf990 flushing nmethod 0x000001792dea9610
Event: 149.566 Thread 0x000001793ffbf990 flushing nmethod 0x000001792e1dbf10
Event: 149.566 Thread 0x000001793ffbf990 flushing nmethod 0x000001792e1dc290
Event: 149.566 Thread 0x000001793ffbf990 flushing nmethod 0x000001792e1de590
Event: 149.566 Thread 0x000001793ffbf990 flushing nmethod 0x000001792e1ded10
Event: 149.566 Thread 0x000001793ffbf990 flushing nmethod 0x000001792e1dfb90
Event: 149.566 Thread 0x000001793ffbf990 flushing nmethod 0x000001792e1e5e90
Event: 150.068 Thread 0x000001794322b420 Thread added: 0x000001794322b420
Event: 150.300 loading class java/util/Collections$CopiesList
Event: 150.301 loading class java/util/Collections$CopiesList done
Event: 152.882 Thread 0x000001794322af50 Thread added: 0x000001794322af50
Event: 154.236 Thread 0x000001794322b8f0 Thread added: 0x000001794322b8f0
Event: 215.224 Thread 0x000001794322daa0 Thread exited: 0x000001794322daa0
Event: 226.241 Thread 0x000001794322d100 Thread exited: 0x000001794322d100
Event: 240.474 Thread 0x0000017940129a30 Thread added: 0x0000017940129a30
Event: 240.701 Thread 0x0000017940129f00 Thread added: 0x0000017940129f00


Dynamic libraries:
0x00007ff736620000 - 0x00007ff73662e000 	c:\Users\n\.vscode\extensions\redhat.java-1.13.0-win32-x64\jre\17.0.5-win32-x86_64\bin\java.exe
0x00007ffca00b0000 - 0x00007ffca02c4000 	C:\WINDOWS\SYSTEM32\ntdll.dll
0x00007ffc9edf0000 - 0x00007ffc9eeb3000 	C:\WINDOWS\System32\KERNEL32.DLL
0x00007ffc9da60000 - 0x00007ffc9ddfd000 	C:\WINDOWS\System32\KERNELBASE.dll
0x00007ffc9d630000 - 0x00007ffc9d741000 	C:\WINDOWS\System32\ucrtbase.dll
0x00007ffc91cd0000 - 0x00007ffc91ce7000 	c:\Users\n\.vscode\extensions\redhat.java-1.13.0-win32-x64\jre\17.0.5-win32-x86_64\bin\jli.dll
0x00007ffc91cf0000 - 0x00007ffc91d09000 	c:\Users\n\.vscode\extensions\redhat.java-1.13.0-win32-x64\jre\17.0.5-win32-x86_64\bin\VCRUNTIME140.dll
0x00007ffc9fe00000 - 0x00007ffc9ffad000 	C:\WINDOWS\System32\USER32.dll
0x00007ffc8e2f0000 - 0x00007ffc8e57e000 	C:\WINDOWS\WinSxS\amd64_microsoft.windows.common-controls_6595b64144ccf1df_6.0.22621.608_none_a9444ca7c10bb01d\COMCTL32.dll
0x00007ffc9d4d0000 - 0x00007ffc9d4f6000 	C:\WINDOWS\System32\win32u.dll
0x00007ffc9e9b0000 - 0x00007ffc9e9d9000 	C:\WINDOWS\System32\GDI32.dll
0x00007ffc9f6c0000 - 0x00007ffc9f767000 	C:\WINDOWS\System32\msvcrt.dll
0x00007ffc9d940000 - 0x00007ffc9da52000 	C:\WINDOWS\System32\gdi32full.dll
0x00007ffc9de00000 - 0x00007ffc9de9a000 	C:\WINDOWS\System32\msvcp_win.dll
0x00007ffc9ed40000 - 0x00007ffc9ed72000 	C:\WINDOWS\System32\IMM32.DLL
0x00007ffc99b60000 - 0x00007ffc99b6c000 	c:\Users\n\.vscode\extensions\redhat.java-1.13.0-win32-x64\jre\17.0.5-win32-x86_64\bin\vcruntime140_1.dll
0x00007ffc880c0000 - 0x00007ffc88151000 	c:\Users\n\.vscode\extensions\redhat.java-1.13.0-win32-x64\jre\17.0.5-win32-x86_64\bin\msvcp140.dll
0x00007ffc64690000 - 0x00007ffc652d4000 	c:\Users\n\.vscode\extensions\redhat.java-1.13.0-win32-x64\jre\17.0.5-win32-x86_64\bin\server\jvm.dll
0x00007ffc9e000000 - 0x00007ffc9e0ae000 	C:\WINDOWS\System32\ADVAPI32.dll
0x00007ffc9e1d0000 - 0x00007ffc9e274000 	C:\WINDOWS\System32\sechost.dll
0x00007ffc9e0b0000 - 0x00007ffc9e1c5000 	C:\WINDOWS\System32\RPCRT4.dll
0x00007ffc9b300000 - 0x00007ffc9b334000 	C:\WINDOWS\SYSTEM32\WINMM.dll
0x00007ffc963b0000 - 0x00007ffc963ba000 	C:\WINDOWS\SYSTEM32\VERSION.dll
0x00007ffc81cc0000 - 0x00007ffc81cc9000 	C:\WINDOWS\SYSTEM32\WSOCK32.dll
0x00007ffc9df80000 - 0x00007ffc9dff1000 	C:\WINDOWS\System32\WS2_32.dll
0x00007ffc9c4e0000 - 0x00007ffc9c4f8000 	C:\WINDOWS\SYSTEM32\kernel.appcore.dll
0x00007ffc99b20000 - 0x00007ffc99b2a000 	c:\Users\n\.vscode\extensions\redhat.java-1.13.0-win32-x64\jre\17.0.5-win32-x86_64\bin\jimage.dll
0x00007ffc9ab30000 - 0x00007ffc9ad5e000 	C:\WINDOWS\SYSTEM32\DBGHELP.DLL
0x00007ffc9f870000 - 0x00007ffc9fbfa000 	C:\WINDOWS\System32\combase.dll
0x00007ffc9dea0000 - 0x00007ffc9df77000 	C:\WINDOWS\System32\OLEAUT32.dll
0x00007ffc9b2a0000 - 0x00007ffc9b2d2000 	C:\WINDOWS\SYSTEM32\dbgcore.DLL
0x00007ffc9d750000 - 0x00007ffc9d7cb000 	C:\WINDOWS\System32\bcryptPrimitives.dll
0x00007ffc96430000 - 0x00007ffc9643e000 	c:\Users\n\.vscode\extensions\redhat.java-1.13.0-win32-x64\jre\17.0.5-win32-x86_64\bin\instrument.dll
0x00007ffc90d80000 - 0x00007ffc90da5000 	c:\Users\n\.vscode\extensions\redhat.java-1.13.0-win32-x64\jre\17.0.5-win32-x86_64\bin\java.dll
0x00007ffc91cb0000 - 0x00007ffc91cc8000 	c:\Users\n\.vscode\extensions\redhat.java-1.13.0-win32-x64\jre\17.0.5-win32-x86_64\bin\zip.dll
0x00007ffc9eec0000 - 0x00007ffc9f6af000 	C:\WINDOWS\System32\SHELL32.dll
0x00007ffc9b4a0000 - 0x00007ffc9bd68000 	C:\WINDOWS\SYSTEM32\windows.storage.dll
0x00007ffc9b360000 - 0x00007ffc9b49e000 	C:\WINDOWS\SYSTEM32\wintypes.dll
0x00007ffc9f770000 - 0x00007ffc9f861000 	C:\WINDOWS\System32\SHCORE.dll
0x00007ffc9ed90000 - 0x00007ffc9edee000 	C:\WINDOWS\System32\shlwapi.dll
0x00007ffc9d400000 - 0x00007ffc9d421000 	C:\WINDOWS\SYSTEM32\profapi.dll
0x00007ffc90390000 - 0x00007ffc903a9000 	C:\Users\n\.vscode\extensions\redhat.java-1.13.0-win32-x64\jre\17.0.5-win32-x86_64\bin\net.dll
0x00007ffc96a90000 - 0x00007ffc96bbf000 	C:\WINDOWS\SYSTEM32\WINHTTP.dll
0x00007ffc9c940000 - 0x00007ffc9c9a9000 	C:\WINDOWS\system32\mswsock.dll
0x00007ffc90370000 - 0x00007ffc90385000 	C:\Users\n\.vscode\extensions\redhat.java-1.13.0-win32-x64\jre\17.0.5-win32-x86_64\bin\nio.dll
0x00007ffc919b0000 - 0x00007ffc919c0000 	c:\Users\n\.vscode\extensions\redhat.java-1.13.0-win32-x64\jre\17.0.5-win32-x86_64\bin\verify.dll
0x00007ffc8df30000 - 0x00007ffc8df6e000 	C:\Users\n\AppData\Roaming\Code\User\globalStorage\redhat.java\1.13.0\config_win\org.eclipse.equinox.launcher\org.eclipse.equinox.launcher.win32.win32.x86_64_1.2.600.v20220720-1916\eclipse_11700.dll
0x00007ffc9fc00000 - 0x00007ffc9fd9c000 	C:\WINDOWS\System32\ole32.dll
0x00007ffc9cc60000 - 0x00007ffc9cc7b000 	C:\WINDOWS\SYSTEM32\CRYPTSP.dll
0x00007ffc9c450000 - 0x00007ffc9c485000 	C:\WINDOWS\system32\rsaenh.dll
0x00007ffc9c9e0000 - 0x00007ffc9ca08000 	C:\WINDOWS\SYSTEM32\USERENV.dll
0x00007ffc9cda0000 - 0x00007ffc9cdc8000 	C:\WINDOWS\SYSTEM32\bcrypt.dll
0x00007ffc9cc40000 - 0x00007ffc9cc4c000 	C:\WINDOWS\SYSTEM32\CRYPTBASE.dll
0x00007ffc9bfb0000 - 0x00007ffc9bfdd000 	C:\WINDOWS\SYSTEM32\IPHLPAPI.DLL
0x00007ffc9f6b0000 - 0x00007ffc9f6b9000 	C:\WINDOWS\System32\NSI.dll
0x00007ffc963c0000 - 0x00007ffc963d9000 	C:\WINDOWS\SYSTEM32\dhcpcsvc6.DLL
0x00007ffc95740000 - 0x00007ffc9575f000 	C:\WINDOWS\SYSTEM32\dhcpcsvc.DLL
0x00007ffc9bfe0000 - 0x00007ffc9c0d2000 	C:\WINDOWS\SYSTEM32\DNSAPI.dll
0x00007ffc8b170000 - 0x00007ffc8b1b0000 	C:\Users\n\AppData\Local\Temp\jna-90669338\jna18020917003557721371.dll
0x00007ffc9ffb0000 - 0x00007ffc9ffb8000 	C:\WINDOWS\System32\PSAPI.DLL
0x00007ffc90fa0000 - 0x00007ffc90fae000 	C:\Users\n\.vscode\extensions\redhat.java-1.13.0-win32-x64\jre\17.0.5-win32-x86_64\bin\sunmscapi.dll
0x00007ffc9d7d0000 - 0x00007ffc9d936000 	C:\WINDOWS\System32\CRYPT32.dll
0x00007ffc9cd70000 - 0x00007ffc9cd9d000 	C:\WINDOWS\SYSTEM32\ncrypt.dll
0x00007ffc9cd30000 - 0x00007ffc9cd67000 	C:\WINDOWS\SYSTEM32\NTASN1.dll

dbghelp: loaded successfully - version: 4.0.5 - missing functions: none
symbol engine: initialized successfully - sym options: 0x614 - pdb path: .;c:\Users\n\.vscode\extensions\redhat.java-1.13.0-win32-x64\jre\17.0.5-win32-x86_64\bin;C:\WINDOWS\SYSTEM32;C:\WINDOWS\WinSxS\amd64_microsoft.windows.common-controls_6595b64144ccf1df_6.0.22621.608_none_a9444ca7c10bb01d;c:\Users\n\.vscode\extensions\redhat.java-1.13.0-win32-x64\jre\17.0.5-win32-x86_64\bin\server;C:\Users\n\AppData\Roaming\Code\User\globalStorage\redhat.java\1.13.0\config_win\org.eclipse.equinox.launcher\org.eclipse.equinox.launcher.win32.win32.x86_64_1.2.600.v20220720-1916;C:\Users\n\AppData\Local\Temp\jna-90669338

VM Arguments:
jvm_args: --add-modules=ALL-SYSTEM --add-opens=java.base/java.util=ALL-UNNAMED --add-opens=java.base/java.lang=ALL-UNNAMED --add-opens=java.base/sun.nio.fs=ALL-UNNAMED -Declipse.application=org.eclipse.jdt.ls.core.id1 -Dosgi.bundles.defaultStartLevel=4 -Declipse.product=org.eclipse.jdt.ls.core.product -Djava.import.generatesMetadataFilesAtProjectRoot=false -Dfile.encoding=utf8 -XX:+UseParallelGC -XX:GCTimeRatio=4 -XX:AdaptiveSizePolicyWeight=90 -Dsun.zip.disableMemoryMapping=true -Xmx1G -Xms100m -Xlog:disable -javaagent:c:\Users\n\.vscode\extensions\redhat.java-1.13.0-win32-x64\lombok\lombok-1.18.24.jar -XX:+HeapDumpOnOutOfMemoryError -XX:HeapDumpPath=c:\Users\n\AppData\Roaming\Code\User\workspaceStorage\a7c94a6e4347ed34fb9806a39faad96a\redhat.java 
java_command: c:\Users\n\.vscode\extensions\redhat.java-1.13.0-win32-x64\server\plugins\org.eclipse.equinox.launcher_1.6.400.v20210924-0641.jar -configuration c:\Users\n\AppData\Roaming\Code\User\globalStorage\redhat.java\1.13.0\config_win -data c:\Users\n\AppData\Roaming\Code\User\workspaceStorage\a7c94a6e4347ed34fb9806a39faad96a\redhat.java\jdt_ws
java_class_path (initial): c:\Users\n\.vscode\extensions\redhat.java-1.13.0-win32-x64\server\plugins\org.eclipse.equinox.launcher_1.6.400.v20210924-0641.jar
Launcher Type: SUN_STANDARD

[Global flags]
    uintx AdaptiveSizePolicyWeight                 = 90                                        {product} {command line}
     intx CICompilerCount                          = 4                                         {product} {ergonomic}
    uintx GCTimeRatio                              = 4                                         {product} {command line}
     bool HeapDumpOnOutOfMemoryError               = true                                   {manageable} {command line}
    ccstr HeapDumpPath                             = c:\Users\n\AppData\Roaming\Code\User\workspaceStorage\a7c94a6e4347ed34fb9806a39faad96a\redhat.java         {manageable} {command line}
   size_t InitialHeapSize                          = 104857600                                 {product} {command line}
   size_t MaxHeapSize                              = 1073741824                                {product} {command line}
   size_t MaxNewSize                               = 357564416                                 {product} {ergonomic}
   size_t MinHeapDeltaBytes                        = 524288                                    {product} {ergonomic}
   size_t MinHeapSize                              = 104857600                                 {product} {command line}
   size_t NewSize                                  = 34603008                                  {product} {ergonomic}
    uintx NonNMethodCodeHeapSize                   = 5839372                                {pd product} {ergonomic}
    uintx NonProfiledCodeHeapSize                  = 122909434                              {pd product} {ergonomic}
   size_t OldSize                                  = 70254592                                  {product} {ergonomic}
    uintx ProfiledCodeHeapSize                     = 122909434                              {pd product} {ergonomic}
    uintx ReservedCodeCacheSize                    = 251658240                              {pd product} {ergonomic}
     bool SegmentedCodeCache                       = true                                      {product} {ergonomic}
   size_t SoftMaxHeapSize                          = 1073741824                             {manageable} {ergonomic}
     bool UseCompressedClassPointers               = true                           {product lp64_product} {ergonomic}
     bool UseCompressedOops                        = true                           {product lp64_product} {ergonomic}
     bool UseLargePagesIndividualAllocation        = false                                  {pd product} {ergonomic}
     bool UseParallelGC                            = true                                      {product} {command line}

Logging:
Log output configuration:
 #0: stdout all=off uptime,level,tags
 #1: stderr all=off uptime,level,tags

Environment Variables:
PATH=C:\Program Files (x86)\Common Files\Intel\Shared Libraries\redist\intel64\compiler;D:\;C:\Program Files\Common Files\Oracle\Java\javapath;C:\WINDOWS\system32;C:\WINDOWS;C:\WINDOWS\System32\Wbem;C:\WINDOWS\System32\WindowsPowerShell\v1.0\;C:\WINDOWS\System32\OpenSSH\;C:\Program Files\nodejs\;C:\Program Files\Bandizip\;C:\Program Files (x86)\dotnet\;D:\EasyShare\x86\;D:\EasyShare\x64\;C:\Program Files (x86)\pcsuite\;C:\Program Files (x86)\Git\cmd;C:\Users\n\AppData\Local\Microsoft\WindowsApps;D:\Microsoft VS Code\bin;C:\Users\n\AppData\Roaming\npm;D:\OneCommander3.19.0.0;C:\Users\n\AppData\Local\GitHubDesktop\bin
USERNAME=Ddonging
OS=Windows_NT
PROCESSOR_IDENTIFIER=AMD64 Family 23 Model 96 Stepping 1, AuthenticAMD
TMP=C:\Users\n\AppData\Local\Temp
TEMP=C:\Users\n\AppData\Local\Temp



---------------  S Y S T E M  ---------------

OS:
 Windows 11 , 64 bit Build 22621 (10.0.22621.1105)
OS uptime: 4 days 19:59 hours
Hyper-V role detected

CPU: total 12 (initial active 12) (12 cores per cpu, 2 threads per core) family 23 model 96 stepping 1 microcode 0x0, cx8, cmov, fxsr, ht, mmx, 3dnowpref, sse, sse2, sse3, ssse3, sse4a, sse4.1, sse4.2, popcnt, lzcnt, tsc, tscinvbit, avx, avx2, aes, clmul, bmi1, bmi2, adx, sha, fma, vzeroupper, clflush, clflushopt, hv

Memory: 4k page, system-wide physical 7549M (349M free)
TotalPageFile size 15741M (AvailPageFile size 26M)
current process WorkingSet (physical memory assigned to process): 232M, peak: 255M
current process commit charge ("private bytes"): 308M, peak: 335M

vm_info: OpenJDK 64-Bit Server VM (17.0.5+8) for windows-amd64 JRE (17.0.5+8), built on Oct 19 2022 04:48:13 by "temurin" with MS VC++ 16.7 (VS2019)

END.
