#
# There is insufficient memory for the Java Runtime Environment to continue.
# Native memory allocation (malloc) failed to allocate 2475696 bytes for Chunk::new
# Possible reasons:
#   The system is out of physical RAM or swap space
#   The process is running with CompressedOops enabled, and the Java Heap may be blocking the growth of the native heap
# Possible solutions:
#   Reduce memory load on the system
#   Increase physical memory or swap space
#   Check if swap backing store is full
#   Decrease Java heap size (-Xmx/-Xms)
#   Decrease number of Java threads
#   Decrease Java thread stack sizes (-Xss)
#   Set larger code cache with -XX:ReservedCodeCacheSize=
#   JVM is running with Unscaled Compressed Oops mode in which the Java heap is
#     placed in the first 4GB address space. The Java Heap base address is the
#     maximum limit for the native heap growth. Please use -XX:HeapBaseMinAddress
#     to set the Java Heap base and to place the Java Heap above 4GB virtual address.
# This output file may be truncated or incomplete.
#
#  Out of Memory Error (arena.cpp:189), pid=17720, tid=150376
#
# JRE version: OpenJDK Runtime Environment Temurin-17.0.5+8 (17.0.5+8) (build 17.0.5+8)
# Java VM: OpenJDK 64-Bit Server VM Temurin-17.0.5+8 (17.0.5+8, mixed mode, tiered, compressed oops, compressed class ptrs, parallel gc, windows-amd64)
# No core dump will be written. Minidumps are not enabled by default on client versions of Windows
#

---------------  S U M M A R Y ------------

Command Line: --add-modules=ALL-SYSTEM --add-opens=java.base/java.util=ALL-UNNAMED --add-opens=java.base/java.lang=ALL-UNNAMED --add-opens=java.base/sun.nio.fs=ALL-UNNAMED -Declipse.application=org.eclipse.jdt.ls.core.id1 -Dosgi.bundles.defaultStartLevel=4 -Declipse.product=org.eclipse.jdt.ls.core.product -Djava.import.generatesMetadataFilesAtProjectRoot=false -Dfile.encoding=utf8 -XX:+UseParallelGC -XX:GCTimeRatio=4 -XX:AdaptiveSizePolicyWeight=90 -Dsun.zip.disableMemoryMapping=true -Xmx1G -Xms100m -Xlog:disable -javaagent:c:\Users\n\.vscode\extensions\redhat.java-1.13.0-win32-x64\lombok\lombok-1.18.24.jar -XX:+HeapDumpOnOutOfMemoryError -XX:HeapDumpPath=c:\Users\n\AppData\Roaming\Code\User\workspaceStorage\a7c94a6e4347ed34fb9806a39faad96a\redhat.java c:\Users\n\.vscode\extensions\redhat.java-1.13.0-win32-x64\server\plugins\org.eclipse.equinox.launcher_1.6.400.v20210924-0641.jar -configuration c:\Users\n\AppData\Roaming\Code\User\globalStorage\redhat.java\1.13.0\config_win -data c:\Users\n\AppData\Roaming\Code\User\workspaceStorage\a7c94a6e4347ed34fb9806a39faad96a\redhat.java\jdt_ws

Host: AMD Ryzen 5 4600U with Radeon Graphics         , 12 cores, 7G,  Windows 11 , 64 bit Build 22621 (10.0.22621.1105)
Time: Mon Jan 16 16:56:19 2023  Windows 11 , 64 bit Build 22621 (10.0.22621.1105) elapsed time: 4.323027 seconds (0d 0h 0m 4s)

---------------  T H R E A D  ---------------

Current thread (0x000001e7e28ebca0):  JavaThread "C2 CompilerThread1" daemon [_thread_in_native, id=150376, stack(0x0000003abb500000,0x0000003abb600000)]


Current CompileTask:
C2:   4323 2620       4       org.objectweb.asm.ClassReader::readMethod (1066 bytes)

Stack: [0x0000003abb500000,0x0000003abb600000]
Native frames: (J=compiled Java code, j=interpreted, Vv=VM code, C=native code)
V  [jvm.dll+0x676b3a]
V  [jvm.dll+0x831444]
V  [jvm.dll+0x832bee]
V  [jvm.dll+0x833253]
V  [jvm.dll+0x244ce5]
V  [jvm.dll+0xabbac]
V  [jvm.dll+0xac17c]
V  [jvm.dll+0x362d02]
V  [jvm.dll+0x1bb498]
V  [jvm.dll+0x217ca9]
V  [jvm.dll+0x216f71]
V  [jvm.dll+0x1a343d]
V  [jvm.dll+0x22698a]
V  [jvm.dll+0x224ac5]
V  [jvm.dll+0x7e727b]
V  [jvm.dll+0x7e17ea]
V  [jvm.dll+0x6759e5]
C  [ucrtbase.dll+0x29363]
C  [KERNEL32.DLL+0x126bd]
C  [ntdll.dll+0x5dfb8]


---------------  P R O C E S S  ---------------

Threads class SMR info:
_java_thread_list=0x000001e7e58c0980, length=22, elements={
0x000001e7ccd5c6e0, 0x000001e7e0bd78a0, 0x000001e7cce17ac0, 0x000001e7e26e5c80,
0x000001e7e26e6740, 0x000001e7e26ed9b0, 0x000001e7e26f1b20, 0x000001e7e26f6760,
0x000001e7e26f99b0, 0x000001e7cce1af60, 0x000001e7e2859040, 0x000001e7e2870420,
0x000001e7e28ebca0, 0x000001e7e4c73f60, 0x000001e7e4d9ab60, 0x000001e7e4d9b030,
0x000001e7e4ccf2b0, 0x000001e7e51ec890, 0x000001e7e51a6cd0, 0x000001e7e50defb0,
0x000001e7e5063350, 0x000001e7e5064690
}

Java Threads: ( => current thread )
  0x000001e7ccd5c6e0 JavaThread "main" [_thread_blocked, id=158492, stack(0x0000003aba600000,0x0000003aba700000)]
  0x000001e7e0bd78a0 JavaThread "Reference Handler" daemon [_thread_blocked, id=144324, stack(0x0000003aba900000,0x0000003abaa00000)]
  0x000001e7cce17ac0 JavaThread "Finalizer" daemon [_thread_blocked, id=2536, stack(0x0000003abaa00000,0x0000003abab00000)]
  0x000001e7e26e5c80 JavaThread "Signal Dispatcher" daemon [_thread_blocked, id=151428, stack(0x0000003abab00000,0x0000003abac00000)]
  0x000001e7e26e6740 JavaThread "Attach Listener" daemon [_thread_blocked, id=139432, stack(0x0000003abac00000,0x0000003abad00000)]
  0x000001e7e26ed9b0 JavaThread "Service Thread" daemon [_thread_blocked, id=3964, stack(0x0000003abad00000,0x0000003abae00000)]
  0x000001e7e26f1b20 JavaThread "Monitor Deflation Thread" daemon [_thread_blocked, id=152520, stack(0x0000003abae00000,0x0000003abaf00000)]
  0x000001e7e26f6760 JavaThread "C2 CompilerThread0" daemon [_thread_blocked, id=157764, stack(0x0000003abaf00000,0x0000003abb000000)]
  0x000001e7e26f99b0 JavaThread "C1 CompilerThread0" daemon [_thread_blocked, id=153036, stack(0x0000003abb000000,0x0000003abb100000)]
  0x000001e7cce1af60 JavaThread "Sweeper thread" daemon [_thread_blocked, id=152196, stack(0x0000003abb100000,0x0000003abb200000)]
  0x000001e7e2859040 JavaThread "Common-Cleaner" daemon [_thread_blocked, id=19372, stack(0x0000003abb200000,0x0000003abb300000)]
  0x000001e7e2870420 JavaThread "Notification Thread" daemon [_thread_blocked, id=157308, stack(0x0000003abb300000,0x0000003abb400000)]
=>0x000001e7e28ebca0 JavaThread "C2 CompilerThread1" daemon [_thread_in_native, id=150376, stack(0x0000003abb500000,0x0000003abb600000)]
  0x000001e7e4c73f60 JavaThread "Active Thread: Equinox Container: 1313cdae-55aa-44c8-9b5b-b2d6fe0a9cea" [_thread_blocked, id=157992, stack(0x0000003abbc00000,0x0000003abbd00000)]
  0x000001e7e4d9ab60 JavaThread "Framework Event Dispatcher: Equinox Container: 1313cdae-55aa-44c8-9b5b-b2d6fe0a9cea" daemon [_thread_blocked, id=153300, stack(0x0000003abbd00000,0x0000003abbe00000)]
  0x000001e7e4d9b030 JavaThread "Start Level: Equinox Container: 1313cdae-55aa-44c8-9b5b-b2d6fe0a9cea" daemon [_thread_in_vm, id=144508, stack(0x0000003abbe00000,0x0000003abbf00000)]
  0x000001e7e4ccf2b0 JavaThread "SCR Component Actor" daemon [_thread_blocked, id=133796, stack(0x0000003abbf00000,0x0000003abc000000)]
  0x000001e7e51ec890 JavaThread "SCR Component Registry" daemon [_thread_blocked, id=152792, stack(0x0000003abc200000,0x0000003abc300000)]
  0x000001e7e51a6cd0 JavaThread "Worker-JM" [_thread_blocked, id=139240, stack(0x0000003abc300000,0x0000003abc400000)]
  0x000001e7e50defb0 JavaThread "Worker-0: Updating Maven Dependencies" [_thread_in_vm, id=151908, stack(0x0000003abc500000,0x0000003abc600000)]
  0x000001e7e5063350 JavaThread "Worker-1" [_thread_blocked, id=87304, stack(0x0000003abc600000,0x0000003abc700000)]
  0x000001e7e5064690 JavaThread "Java indexing" daemon [_thread_blocked, id=158424, stack(0x0000003abc700000,0x0000003abc800000)]

Other Threads:
  0x000001e7cce09210 VMThread "VM Thread" [stack: 0x0000003aba800000,0x0000003aba900000] [id=14508]
  0x000001e7e29c5c20 WatcherThread [stack: 0x0000003abb400000,0x0000003abb500000] [id=86924]
  0x000001e7ccd71ab0 GCTaskThread "GC Thread#0" [stack: 0x0000003aba700000,0x0000003aba800000] [id=90192]
  0x000001e7e4199390 GCTaskThread "GC Thread#1" [stack: 0x0000003abb600000,0x0000003abb700000] [id=152628]
  0x000001e7e4c90c50 GCTaskThread "GC Thread#2" [stack: 0x0000003abb700000,0x0000003abb800000] [id=152072]
  0x000001e7e4ddbc30 GCTaskThread "GC Thread#3" [stack: 0x0000003abb800000,0x0000003abb900000] [id=76828]
  0x000001e7e4325010 GCTaskThread "GC Thread#4" [stack: 0x0000003abb900000,0x0000003abba00000] [id=1140]
  0x000001e7e4255760 GCTaskThread "GC Thread#5" [stack: 0x0000003abba00000,0x0000003abbb00000] [id=151968]
  0x000001e7e3f62010 GCTaskThread "GC Thread#6" [stack: 0x0000003abbb00000,0x0000003abbc00000] [id=154808]
  0x000001e7e3d12d50 GCTaskThread "GC Thread#7" [stack: 0x0000003abc000000,0x0000003abc100000] [id=86828]
  0x000001e7e4cee500 GCTaskThread "GC Thread#8" [stack: 0x0000003abc100000,0x0000003abc200000] [id=86284]
  0x000001e7e5059340 GCTaskThread "GC Thread#9" [stack: 0x0000003abc400000,0x0000003abc500000] [id=157400]

Threads with active compile tasks:
C2 CompilerThread0     4367 2923   !   4       org.eclipse.osgi.internal.loader.classpath.ClasspathManager::findClassImpl (308 bytes)
C1 CompilerThread0     4367 2922       3       java.util.HashSet::add (20 bytes)
C2 CompilerThread1     4367 2620       4       org.objectweb.asm.ClassReader::readMethod (1066 bytes)

VM state: not at safepoint (normal execution)

VM Mutex/Monitor currently owned by a thread: None

Heap address: 0x00000000c0000000, size: 1024 MB, Compressed Oops mode: 32-bit

CDS archive(s) not mapped
Compressed class space mapped at: 0x0000000100000000-0x0000000140000000, reserved size: 1073741824
Narrow klass base: 0x0000000000000000, Narrow klass shift: 3, Narrow klass range: 0x140000000

GC Precious Log:
 CPUs: 12 total, 12 available
 Memory: 7549M
 Large Page Support: Disabled
 NUMA Support: Disabled
 Compressed Oops: Enabled (32-bit)
 Alignments: Space 512K, Generation 512K, Heap 2M
 Heap Min Capacity: 100M
 Heap Initial Capacity: 100M
 Heap Max Capacity: 1G
 Pre-touch: Disabled
 Parallel Workers: 10

Heap:
 PSYoungGen      total 27648K, used 9011K [0x00000000eab00000, 0x00000000eca80000, 0x0000000100000000)
  eden space 24064K, 23% used [0x00000000eab00000,0x00000000eb0938e0,0x00000000ec280000)
  from space 3584K, 92% used [0x00000000ec300000,0x00000000ec6396e8,0x00000000ec680000)
  to   space 4096K, 0% used [0x00000000ec680000,0x00000000ec680000,0x00000000eca80000)
 ParOldGen       total 68608K, used 8104K [0x00000000c0000000, 0x00000000c4300000, 0x00000000eab00000)
  object space 68608K, 11% used [0x00000000c0000000,0x00000000c07ea0a8,0x00000000c4300000)
 Metaspace       used 31999K, committed 32640K, reserved 1081344K
  class space    used 3164K, committed 3456K, reserved 1048576K

Card table byte_map: [0x000001e7cc720000,0x000001e7cc930000] _byte_map_base: 0x000001e7cc120000

Marking Bits: (ParMarkBitMap*) 0x00007ffc65210dd0
 Begin Bits: [0x000001e7de9e0000, 0x000001e7df9e0000)
 End Bits:   [0x000001e7df9e0000, 0x000001e7e09e0000)

Polling page: 0x000001e7cacf0000

Metaspace:

Usage:
  Non-class:     28.16 MB used.
      Class:      3.09 MB used.
       Both:     31.25 MB used.

Virtual space:
  Non-class space:       32.00 MB reserved,      28.50 MB ( 89%) committed,  4 nodes.
      Class space:        1.00 GB reserved,       3.38 MB ( <1%) committed,  1 nodes.
             Both:        1.03 GB reserved,      31.88 MB (  3%) committed. 

Chunk freelists:
   Non-Class:  2.55 MB
       Class:  672.00 KB
        Both:  3.20 MB

MaxMetaspaceSize: unlimited
CompressedClassSpaceSize: 1.00 GB
Initial GC threshold: 21.00 MB
Current GC threshold: 35.00 MB
CDS: off
MetaspaceReclaimPolicy: balanced
 - commit_granule_bytes: 65536.
 - commit_granule_words: 8192.
 - virtual_space_node_default_size: 1048576.
 - enlarge_chunks_in_place: 1.
 - new_chunks_are_fully_committed: 0.
 - uncommit_free_chunks: 1.
 - use_allocation_guard: 0.
 - handle_deallocations: 1.


Internal statistics:

num_allocs_failed_limit: 3.
num_arena_births: 242.
num_arena_deaths: 14.
num_vsnodes_births: 5.
num_vsnodes_deaths: 0.
num_space_committed: 511.
num_space_uncommitted: 0.
num_chunks_returned_to_freelist: 17.
num_chunks_taken_from_freelist: 1114.
num_chunk_merges: 7.
num_chunk_splits: 765.
num_chunks_enlarged: 553.
num_purges: 2.
num_inconsistent_stats: 0.

CodeHeap 'non-profiled nmethods': size=120000Kb used=1204Kb max_used=1204Kb free=118796Kb
 bounds [0x000001e7d74b0000, 0x000001e7d7720000, 0x000001e7de9e0000]
CodeHeap 'profiled nmethods': size=120000Kb used=5791Kb max_used=5791Kb free=114208Kb
 bounds [0x000001e7cff80000, 0x000001e7d0530000, 0x000001e7d74b0000]
CodeHeap 'non-nmethods': size=5760Kb used=1247Kb max_used=1262Kb free=4512Kb
 bounds [0x000001e7cf9e0000, 0x000001e7cfc50000, 0x000001e7cff80000]
 total_blobs=3482 nmethods=2919 adapters=477
 compilation: enabled
              stopped_count=0, restarted_count=0
 full_count=0

Compilation events (20 events):
Event: 4.267 Thread 0x000001e7e26f99b0 nmethod 2912 0x000001e7d051ed90 code [0x000001e7d051ef60, 0x000001e7d051f2f8]
Event: 4.273 Thread 0x000001e7e26f6760 nmethod 2865 0x000001e7d75d8690 code [0x000001e7d75d8840, 0x000001e7d75d8e58]
Event: 4.274 Thread 0x000001e7e26f6760 2870       4       java.util.TreeMap::containsKey (14 bytes)
Event: 4.283 Thread 0x000001e7e26f6760 nmethod 2870 0x000001e7d75d9290 code [0x000001e7d75d9460, 0x000001e7d75d9b98]
Event: 4.283 Thread 0x000001e7e26f6760 2874       4       java.util.AbstractMap::<init> (5 bytes)
Event: 4.284 Thread 0x000001e7e26f6760 nmethod 2874 0x000001e7d75da290 code [0x000001e7d75da400, 0x000001e7d75da478]
Event: 4.284 Thread 0x000001e7e26f6760 2814       4       java.util.concurrent.locks.ReentrantReadWriteLock$Sync::tryAcquireShared (177 bytes)
Event: 4.288 Thread 0x000001e7e26f6760 nmethod 2814 0x000001e7d75da590 code [0x000001e7d75da740, 0x000001e7d75daa08]
Event: 4.288 Thread 0x000001e7e26f6760 2860       4       java.util.TreeMap::clear (21 bytes)
Event: 4.288 Thread 0x000001e7e26f6760 nmethod 2860 0x000001e7d75dad10 code [0x000001e7d75dae80, 0x000001e7d75daef8]
Event: 4.288 Thread 0x000001e7e26f6760 2833       4       java.lang.String$CaseInsensitiveComparator::compare (13 bytes)
Event: 4.295 Thread 0x000001e7e26f6760 nmethod 2833 0x000001e7d75db010 code [0x000001e7d75db1e0, 0x000001e7d75db7f8]
Event: 4.295 Thread 0x000001e7e26f6760 2834       4       java.lang.String$CaseInsensitiveComparator::compare (68 bytes)
Event: 4.301 Thread 0x000001e7e26f6760 nmethod 2834 0x000001e7d75dbd10 code [0x000001e7d75dbec0, 0x000001e7d75dc478]
Event: 4.307 Thread 0x000001e7e26f99b0 2913       3       java.lang.invoke.DirectMethodHandle::make (275 bytes)
Event: 4.309 Thread 0x000001e7e26f99b0 nmethod 2913 0x000001e7d051f490 code [0x000001e7d051f820, 0x000001e7d0520bf8]
Event: 4.309 Thread 0x000001e7e26f99b0 2914       3       java.lang.invoke.MemberName::isField (7 bytes)
Event: 4.309 Thread 0x000001e7e26f99b0 nmethod 2914 0x000001e7d0521410 code [0x000001e7d05215c0, 0x000001e7d05217f8]
Event: 4.309 Thread 0x000001e7e26f99b0 2915       3       java.lang.invoke.MemberName::hashCode (43 bytes)
Event: 4.309 Thread 0x000001e7e26f99b0 nmethod 2915 0x000001e7d0521910 code [0x000001e7d0521b60, 0x000001e7d0522708]

GC Heap History (16 events):
Event: 1.588 GC heap before
{Heap before GC invocations=1 (full 0):
 PSYoungGen      total 29696K, used 25600K [0x00000000eab00000, 0x00000000ecc00000, 0x0000000100000000)
  eden space 25600K, 100% used [0x00000000eab00000,0x00000000ec400000,0x00000000ec400000)
  from space 4096K, 0% used [0x00000000ec800000,0x00000000ec800000,0x00000000ecc00000)
  to   space 4096K, 0% used [0x00000000ec400000,0x00000000ec400000,0x00000000ec800000)
 ParOldGen       total 68608K, used 0K [0x00000000c0000000, 0x00000000c4300000, 0x00000000eab00000)
  object space 68608K, 0% used [0x00000000c0000000,0x00000000c0000000,0x00000000c4300000)
 Metaspace       used 10902K, committed 11072K, reserved 1064960K
  class space    used 1083K, committed 1152K, reserved 1048576K
}
Event: 1.597 GC heap after
{Heap after GC invocations=1 (full 0):
 PSYoungGen      total 29696K, used 3808K [0x00000000eab00000, 0x00000000ecc00000, 0x0000000100000000)
  eden space 25600K, 0% used [0x00000000eab00000,0x00000000eab00000,0x00000000ec400000)
  from space 4096K, 92% used [0x00000000ec400000,0x00000000ec7b8218,0x00000000ec800000)
  to   space 4096K, 0% used [0x00000000ec800000,0x00000000ec800000,0x00000000ecc00000)
 ParOldGen       total 68608K, used 16K [0x00000000c0000000, 0x00000000c4300000, 0x00000000eab00000)
  object space 68608K, 0% used [0x00000000c0000000,0x00000000c0004000,0x00000000c4300000)
 Metaspace       used 10902K, committed 11072K, reserved 1064960K
  class space    used 1083K, committed 1152K, reserved 1048576K
}
Event: 2.260 GC heap before
{Heap before GC invocations=2 (full 0):
 PSYoungGen      total 29696K, used 29408K [0x00000000eab00000, 0x00000000ecc00000, 0x0000000100000000)
  eden space 25600K, 100% used [0x00000000eab00000,0x00000000ec400000,0x00000000ec400000)
  from space 4096K, 92% used [0x00000000ec400000,0x00000000ec7b8218,0x00000000ec800000)
  to   space 4096K, 0% used [0x00000000ec800000,0x00000000ec800000,0x00000000ecc00000)
 ParOldGen       total 68608K, used 16K [0x00000000c0000000, 0x00000000c4300000, 0x00000000eab00000)
  object space 68608K, 0% used [0x00000000c0000000,0x00000000c0004000,0x00000000c4300000)
 Metaspace       used 14795K, committed 15104K, reserved 1064960K
  class space    used 1498K, committed 1664K, reserved 1048576K
}
Event: 2.268 GC heap after
{Heap after GC invocations=2 (full 0):
 PSYoungGen      total 29696K, used 4069K [0x00000000eab00000, 0x00000000ecc00000, 0x0000000100000000)
  eden space 25600K, 0% used [0x00000000eab00000,0x00000000eab00000,0x00000000ec400000)
  from space 4096K, 99% used [0x00000000ec800000,0x00000000ecbf9718,0x00000000ecc00000)
  to   space 4096K, 0% used [0x00000000ec400000,0x00000000ec400000,0x00000000ec800000)
 ParOldGen       total 68608K, used 2143K [0x00000000c0000000, 0x00000000c4300000, 0x00000000eab00000)
  object space 68608K, 3% used [0x00000000c0000000,0x00000000c0217e78,0x00000000c4300000)
 Metaspace       used 14795K, committed 15104K, reserved 1064960K
  class space    used 1498K, committed 1664K, reserved 1048576K
}
Event: 2.812 GC heap before
{Heap before GC invocations=3 (full 0):
 PSYoungGen      total 29696K, used 29624K [0x00000000eab00000, 0x00000000ecc00000, 0x0000000100000000)
  eden space 25600K, 99% used [0x00000000eab00000,0x00000000ec3f4b50,0x00000000ec400000)
  from space 4096K, 99% used [0x00000000ec800000,0x00000000ecbf9718,0x00000000ecc00000)
  to   space 4096K, 0% used [0x00000000ec400000,0x00000000ec400000,0x00000000ec800000)
 ParOldGen       total 68608K, used 2143K [0x00000000c0000000, 0x00000000c4300000, 0x00000000eab00000)
  object space 68608K, 3% used [0x00000000c0000000,0x00000000c0217e78,0x00000000c4300000)
 Metaspace       used 19816K, committed 20224K, reserved 1073152K
  class space    used 2010K, committed 2176K, reserved 1048576K
}
Event: 2.816 GC heap after
{Heap after GC invocations=3 (full 0):
 PSYoungGen      total 29696K, used 4089K [0x00000000eab00000, 0x00000000ecc00000, 0x0000000100000000)
  eden space 25600K, 0% used [0x00000000eab00000,0x00000000eab00000,0x00000000ec400000)
  from space 4096K, 99% used [0x00000000ec400000,0x00000000ec7fe408,0x00000000ec800000)
  to   space 4096K, 0% used [0x00000000ec800000,0x00000000ec800000,0x00000000ecc00000)
 ParOldGen       total 68608K, used 3963K [0x00000000c0000000, 0x00000000c4300000, 0x00000000eab00000)
  object space 68608K, 5% used [0x00000000c0000000,0x00000000c03dec50,0x00000000c4300000)
 Metaspace       used 19816K, committed 20224K, reserved 1073152K
  class space    used 2010K, committed 2176K, reserved 1048576K
}
Event: 2.983 GC heap before
{Heap before GC invocations=4 (full 0):
 PSYoungGen      total 29696K, used 11552K [0x00000000eab00000, 0x00000000ecc00000, 0x0000000100000000)
  eden space 25600K, 29% used [0x00000000eab00000,0x00000000eb249f50,0x00000000ec400000)
  from space 4096K, 99% used [0x00000000ec400000,0x00000000ec7fe408,0x00000000ec800000)
  to   space 4096K, 0% used [0x00000000ec800000,0x00000000ec800000,0x00000000ecc00000)
 ParOldGen       total 68608K, used 3963K [0x00000000c0000000, 0x00000000c4300000, 0x00000000eab00000)
  object space 68608K, 5% used [0x00000000c0000000,0x00000000c03dec50,0x00000000c4300000)
 Metaspace       used 21039K, committed 21504K, reserved 1073152K
  class space    used 2139K, committed 2304K, reserved 1048576K
}
Event: 2.986 GC heap after
{Heap after GC invocations=4 (full 0):
 PSYoungGen      total 29696K, used 4077K [0x00000000eab00000, 0x00000000ecc00000, 0x0000000100000000)
  eden space 25600K, 0% used [0x00000000eab00000,0x00000000eab00000,0x00000000ec400000)
  from space 4096K, 99% used [0x00000000ec800000,0x00000000ecbfb6f8,0x00000000ecc00000)
  to   space 4096K, 0% used [0x00000000ec400000,0x00000000ec400000,0x00000000ec800000)
 ParOldGen       total 68608K, used 4229K [0x00000000c0000000, 0x00000000c4300000, 0x00000000eab00000)
  object space 68608K, 6% used [0x00000000c0000000,0x00000000c0421498,0x00000000c4300000)
 Metaspace       used 21039K, committed 21504K, reserved 1073152K
  class space    used 2139K, committed 2304K, reserved 1048576K
}
Event: 2.987 GC heap before
{Heap before GC invocations=5 (full 1):
 PSYoungGen      total 29696K, used 4077K [0x00000000eab00000, 0x00000000ecc00000, 0x0000000100000000)
  eden space 25600K, 0% used [0x00000000eab00000,0x00000000eab00000,0x00000000ec400000)
  from space 4096K, 99% used [0x00000000ec800000,0x00000000ecbfb6f8,0x00000000ecc00000)
  to   space 4096K, 0% used [0x00000000ec400000,0x00000000ec400000,0x00000000ec800000)
 ParOldGen       total 68608K, used 4229K [0x00000000c0000000, 0x00000000c4300000, 0x00000000eab00000)
  object space 68608K, 6% used [0x00000000c0000000,0x00000000c0421498,0x00000000c4300000)
 Metaspace       used 21039K, committed 21504K, reserved 1073152K
  class space    used 2139K, committed 2304K, reserved 1048576K
}
Event: 3.007 GC heap after
{Heap after GC invocations=5 (full 1):
 PSYoungGen      total 29696K, used 0K [0x00000000eab00000, 0x00000000ecc00000, 0x0000000100000000)
  eden space 25600K, 0% used [0x00000000eab00000,0x00000000eab00000,0x00000000ec400000)
  from space 4096K, 0% used [0x00000000ec800000,0x00000000ec800000,0x00000000ecc00000)
  to   space 4096K, 0% used [0x00000000ec400000,0x00000000ec400000,0x00000000ec800000)
 ParOldGen       total 68608K, used 8080K [0x00000000c0000000, 0x00000000c4300000, 0x00000000eab00000)
  object space 68608K, 11% used [0x00000000c0000000,0x00000000c07e40a8,0x00000000c4300000)
 Metaspace       used 21026K, committed 21504K, reserved 1073152K
  class space    used 2135K, committed 2304K, reserved 1048576K
}
Event: 3.463 GC heap before
{Heap before GC invocations=6 (full 1):
 PSYoungGen      total 29696K, used 25600K [0x00000000eab00000, 0x00000000ecc00000, 0x0000000100000000)
  eden space 25600K, 100% used [0x00000000eab00000,0x00000000ec400000,0x00000000ec400000)
  from space 4096K, 0% used [0x00000000ec800000,0x00000000ec800000,0x00000000ecc00000)
  to   space 4096K, 0% used [0x00000000ec400000,0x00000000ec400000,0x00000000ec800000)
 ParOldGen       total 68608K, used 8080K [0x00000000c0000000, 0x00000000c4300000, 0x00000000eab00000)
  object space 68608K, 11% used [0x00000000c0000000,0x00000000c07e40a8,0x00000000c4300000)
 Metaspace       used 24190K, committed 24704K, reserved 1073152K
  class space    used 2472K, committed 2688K, reserved 1048576K
}
Event: 3.466 GC heap after
{Heap after GC invocations=6 (full 1):
 PSYoungGen      total 28672K, used 3254K [0x00000000eab00000, 0x00000000ecb80000, 0x0000000100000000)
  eden space 25088K, 0% used [0x00000000eab00000,0x00000000eab00000,0x00000000ec380000)
  from space 3584K, 90% used [0x00000000ec400000,0x00000000ec72d890,0x00000000ec780000)
  to   space 4096K, 0% used [0x00000000ec780000,0x00000000ec780000,0x00000000ecb80000)
 ParOldGen       total 68608K, used 8088K [0x00000000c0000000, 0x00000000c4300000, 0x00000000eab00000)
  object space 68608K, 11% used [0x00000000c0000000,0x00000000c07e60a8,0x00000000c4300000)
 Metaspace       used 24190K, committed 24704K, reserved 1073152K
  class space    used 2472K, committed 2688K, reserved 1048576K
}
Event: 3.682 GC heap before
{Heap before GC invocations=7 (full 1):
 PSYoungGen      total 28672K, used 28342K [0x00000000eab00000, 0x00000000ecb80000, 0x0000000100000000)
  eden space 25088K, 100% used [0x00000000eab00000,0x00000000ec380000,0x00000000ec380000)
  from space 3584K, 90% used [0x00000000ec400000,0x00000000ec72d890,0x00000000ec780000)
  to   space 4096K, 0% used [0x00000000ec780000,0x00000000ec780000,0x00000000ecb80000)
 ParOldGen       total 68608K, used 8088K [0x00000000c0000000, 0x00000000c4300000, 0x00000000eab00000)
  object space 68608K, 11% used [0x00000000c0000000,0x00000000c07e60a8,0x00000000c4300000)
 Metaspace       used 27377K, committed 27904K, reserved 1081344K
  class space    used 2708K, committed 2944K, reserved 1048576K
}
Event: 3.684 GC heap after
{Heap after GC invocations=7 (full 1):
 PSYoungGen      total 28672K, used 4074K [0x00000000eab00000, 0x00000000ecc00000, 0x0000000100000000)
  eden space 24576K, 0% used [0x00000000eab00000,0x00000000eab00000,0x00000000ec300000)
  from space 4096K, 99% used [0x00000000ec780000,0x00000000ecb7a9e8,0x00000000ecb80000)
  to   space 4608K, 0% used [0x00000000ec300000,0x00000000ec300000,0x00000000ec780000)
 ParOldGen       total 68608K, used 8096K [0x00000000c0000000, 0x00000000c4300000, 0x00000000eab00000)
  object space 68608K, 11% used [0x00000000c0000000,0x00000000c07e80a8,0x00000000c4300000)
 Metaspace       used 27377K, committed 27904K, reserved 1081344K
  class space    used 2708K, committed 2944K, reserved 1048576K
}
Event: 4.169 GC heap before
{Heap before GC invocations=8 (full 1):
 PSYoungGen      total 28672K, used 28650K [0x00000000eab00000, 0x00000000ecc00000, 0x0000000100000000)
  eden space 24576K, 100% used [0x00000000eab00000,0x00000000ec300000,0x00000000ec300000)
  from space 4096K, 99% used [0x00000000ec780000,0x00000000ecb7a9e8,0x00000000ecb80000)
  to   space 4608K, 0% used [0x00000000ec300000,0x00000000ec300000,0x00000000ec780000)
 ParOldGen       total 68608K, used 8096K [0x00000000c0000000, 0x00000000c4300000, 0x00000000eab00000)
  object space 68608K, 11% used [0x00000000c0000000,0x00000000c07e80a8,0x00000000c4300000)
 Metaspace       used 30948K, committed 31488K, reserved 1081344K
  class space    used 3044K, committed 3264K, reserved 1048576K
}
Event: 4.172 GC heap after
{Heap after GC invocations=8 (full 1):
 PSYoungGen      total 27648K, used 3301K [0x00000000eab00000, 0x00000000eca80000, 0x0000000100000000)
  eden space 24064K, 0% used [0x00000000eab00000,0x00000000eab00000,0x00000000ec280000)
  from space 3584K, 92% used [0x00000000ec300000,0x00000000ec6396e8,0x00000000ec680000)
  to   space 4096K, 0% used [0x00000000ec680000,0x00000000ec680000,0x00000000eca80000)
 ParOldGen       total 68608K, used 8104K [0x00000000c0000000, 0x00000000c4300000, 0x00000000eab00000)
  object space 68608K, 11% used [0x00000000c0000000,0x00000000c07ea0a8,0x00000000c4300000)
 Metaspace       used 30948K, committed 31488K, reserved 1081344K
  class space    used 3044K, committed 3264K, reserved 1048576K
}

Dll operation events (9 events):
Event: 0.028 Loaded shared library c:\Users\n\.vscode\extensions\redhat.java-1.13.0-win32-x64\jre\17.0.5-win32-x86_64\bin\java.dll
Event: 0.387 Loaded shared library c:\Users\n\.vscode\extensions\redhat.java-1.13.0-win32-x64\jre\17.0.5-win32-x86_64\bin\zip.dll
Event: 0.403 Loaded shared library C:\Users\n\.vscode\extensions\redhat.java-1.13.0-win32-x64\jre\17.0.5-win32-x86_64\bin\instrument.dll
Event: 0.432 Loaded shared library C:\Users\n\.vscode\extensions\redhat.java-1.13.0-win32-x64\jre\17.0.5-win32-x86_64\bin\net.dll
Event: 0.436 Loaded shared library C:\Users\n\.vscode\extensions\redhat.java-1.13.0-win32-x64\jre\17.0.5-win32-x86_64\bin\nio.dll
Event: 0.465 Loaded shared library C:\Users\n\.vscode\extensions\redhat.java-1.13.0-win32-x64\jre\17.0.5-win32-x86_64\bin\zip.dll
Event: 0.516 Loaded shared library C:\Users\n\.vscode\extensions\redhat.java-1.13.0-win32-x64\jre\17.0.5-win32-x86_64\bin\jimage.dll
Event: 0.603 Loaded shared library c:\Users\n\.vscode\extensions\redhat.java-1.13.0-win32-x64\jre\17.0.5-win32-x86_64\bin\verify.dll
Event: 2.149 Loaded shared library C:\Users\n\AppData\Roaming\Code\User\globalStorage\redhat.java\1.13.0\config_win\org.eclipse.equinox.launcher\org.eclipse.equinox.launcher.win32.win32.x86_64_1.2.600.v20220720-1916\eclipse_11700.dll

Deoptimization events (20 events):
Event: 3.886 Thread 0x000001e7e4d9b030 Uncommon trap: trap_request=0xffffffc6 fr.pc=0x000001e7d75c276c relative=0x0000000000000aac
Event: 3.886 Thread 0x000001e7e4d9b030 Uncommon trap: reason=bimorphic_or_optimized_type_check action=maybe_recompile pc=0x000001e7d75c276c method=java.util.HashMap.putVal(ILjava/lang/Object;Ljava/lang/Object;ZZ)Ljava/lang/Object; @ 56 c2
Event: 3.886 Thread 0x000001e7e4d9b030 DEOPT PACKING pc=0x000001e7d75c276c sp=0x0000003abbefdf70
Event: 3.886 Thread 0x000001e7e4d9b030 DEOPT UNPACKING pc=0x000001e7cfa320a3 sp=0x0000003abbefdeb8 mode 2
Event: 3.886 Thread 0x000001e7e4d9b030 Uncommon trap: trap_request=0xffffffc6 fr.pc=0x000001e7d75c276c relative=0x0000000000000aac
Event: 3.886 Thread 0x000001e7e4d9b030 Uncommon trap: reason=bimorphic_or_optimized_type_check action=maybe_recompile pc=0x000001e7d75c276c method=java.util.HashMap.putVal(ILjava/lang/Object;Ljava/lang/Object;ZZ)Ljava/lang/Object; @ 56 c2
Event: 3.886 Thread 0x000001e7e4d9b030 DEOPT PACKING pc=0x000001e7d75c276c sp=0x0000003abbefdf70
Event: 3.886 Thread 0x000001e7e4d9b030 DEOPT UNPACKING pc=0x000001e7cfa320a3 sp=0x0000003abbefdeb8 mode 2
Event: 3.886 Thread 0x000001e7e4d9b030 Uncommon trap: trap_request=0xffffffc6 fr.pc=0x000001e7d75c276c relative=0x0000000000000aac
Event: 3.886 Thread 0x000001e7e4d9b030 Uncommon trap: reason=bimorphic_or_optimized_type_check action=maybe_recompile pc=0x000001e7d75c276c method=java.util.HashMap.putVal(ILjava/lang/Object;Ljava/lang/Object;ZZ)Ljava/lang/Object; @ 56 c2
Event: 3.886 Thread 0x000001e7e4d9b030 DEOPT PACKING pc=0x000001e7d75c276c sp=0x0000003abbefdf70
Event: 3.886 Thread 0x000001e7e4d9b030 DEOPT UNPACKING pc=0x000001e7cfa320a3 sp=0x0000003abbefdeb8 mode 2
Event: 3.886 Thread 0x000001e7e4d9b030 Uncommon trap: trap_request=0xffffffc6 fr.pc=0x000001e7d75c276c relative=0x0000000000000aac
Event: 3.886 Thread 0x000001e7e4d9b030 Uncommon trap: reason=bimorphic_or_optimized_type_check action=maybe_recompile pc=0x000001e7d75c276c method=java.util.HashMap.putVal(ILjava/lang/Object;Ljava/lang/Object;ZZ)Ljava/lang/Object; @ 56 c2
Event: 3.886 Thread 0x000001e7e4d9b030 DEOPT PACKING pc=0x000001e7d75c276c sp=0x0000003abbefdf70
Event: 3.886 Thread 0x000001e7e4d9b030 DEOPT UNPACKING pc=0x000001e7cfa320a3 sp=0x0000003abbefdeb8 mode 2
Event: 4.128 Thread 0x000001e7e4d9b030 Uncommon trap: trap_request=0xffffff45 fr.pc=0x000001e7d75c9d64 relative=0x0000000000000604
Event: 4.128 Thread 0x000001e7e4d9b030 Uncommon trap: reason=unstable_if action=reinterpret pc=0x000001e7d75c9d64 method=java.util.Properties.load0(Ljava/util/Properties$LineReader;)V @ 186 c2
Event: 4.128 Thread 0x000001e7e4d9b030 DEOPT PACKING pc=0x000001e7d75c9d64 sp=0x0000003abbefdab0
Event: 4.128 Thread 0x000001e7e4d9b030 DEOPT UNPACKING pc=0x000001e7cfa320a3 sp=0x0000003abbefda28 mode 2

Classes unloaded (7 events):
Event: 2.989 Thread 0x000001e7cce09210 Unloading class 0x0000000100216400 'java/lang/invoke/LambdaForm$MH+0x0000000100216400'
Event: 2.989 Thread 0x000001e7cce09210 Unloading class 0x0000000100216000 'java/lang/invoke/LambdaForm$MH+0x0000000100216000'
Event: 2.989 Thread 0x000001e7cce09210 Unloading class 0x0000000100215c00 'java/lang/invoke/LambdaForm$MH+0x0000000100215c00'
Event: 2.989 Thread 0x000001e7cce09210 Unloading class 0x0000000100215800 'java/lang/invoke/LambdaForm$MH+0x0000000100215800'
Event: 2.989 Thread 0x000001e7cce09210 Unloading class 0x0000000100215000 'java/lang/invoke/LambdaForm$BMH+0x0000000100215000'
Event: 2.989 Thread 0x000001e7cce09210 Unloading class 0x0000000100214c00 'java/lang/invoke/LambdaForm$DMH+0x0000000100214c00'
Event: 2.989 Thread 0x000001e7cce09210 Unloading class 0x0000000100212000 'java/lang/invoke/LambdaForm$DMH+0x0000000100212000'

Classes redefined (0 events):
No events

Internal exceptions (20 events):
Event: 2.716 Thread 0x000001e7e4d9b030 Exception <a 'java/lang/NoSuchMethodError'{0x00000000ec01eb58}: 'void java.lang.invoke.DelegatingMethodHandle$Holder.delegate(java.lang.Object, java.lang.Object, int, java.lang.Object)'> (0x00000000ec01eb58) 
thrown [s\src\hotspot\share\interpreter\linkResolver.cpp, line 759]
Event: 2.717 Thread 0x000001e7e4d9b030 Exception <a 'java/lang/NoSuchMethodError'{0x00000000ec022f40}: 'int java.lang.invoke.DirectMethodHandle$Holder.invokeSpecial(java.lang.Object, java.lang.Object, java.lang.Object)'> (0x00000000ec022f40) 
thrown [s\src\hotspot\share\interpreter\linkResolver.cpp, line 759]
Event: 2.719 Thread 0x000001e7e4d9b030 Exception <a 'java/lang/NoSuchMethodError'{0x00000000ec034550}: 'int java.lang.invoke.DirectMethodHandle$Holder.invokeStatic(java.lang.Object, java.lang.Object, int)'> (0x00000000ec034550) 
thrown [s\src\hotspot\share\interpreter\linkResolver.cpp, line 759]
Event: 2.720 Thread 0x000001e7e4d9b030 Exception <a 'java/lang/NoSuchMethodError'{0x00000000ec038578}: 'int java.lang.invoke.DirectMethodHandle$Holder.invokeSpecial(java.lang.Object, java.lang.Object, java.lang.Object, int)'> (0x00000000ec038578) 
thrown [s\src\hotspot\share\interpreter\linkResolver.cpp, line 759]
Event: 2.724 Thread 0x000001e7e4d9b030 Exception <a 'java/lang/NoSuchMethodError'{0x00000000ec054258}: 'java.lang.Object java.lang.invoke.DirectMethodHandle$Holder.invokeStatic(java.lang.Object, java.lang.Object, java.lang.Object, java.lang.Object, int)'> (0x00000000ec054258) 
thrown [s\src\hotspot\share\interpreter\linkResolver.cpp, line 759]
Event: 2.726 Thread 0x000001e7e4d9b030 Exception <a 'java/lang/NoSuchMethodError'{0x00000000ec060620}: 'java.lang.Object java.lang.invoke.DelegatingMethodHandle$Holder.reinvoke_L(java.lang.Object, java.lang.Object, java.lang.Object, java.lang.Object, int, int)'> (0x00000000ec060620) 
thrown [s\src\hotspot\share\interpreter\linkResolver.cpp, line 759]
Event: 2.728 Thread 0x000001e7e4d9b030 Exception <a 'java/lang/NoSuchMethodError'{0x00000000ec078158}: 'java.lang.Object java.lang.invoke.Invokers$Holder.invokeExact_MT(java.lang.Object, java.lang.Object, java.lang.Object, java.lang.Object)'> (0x00000000ec078158) 
thrown [s\src\hotspot\share\interpreter\linkResolver.cpp, line 759]
Event: 2.946 Thread 0x000001e7e4d9b030 Exception <a 'java/lang/NoSuchMethodError'{0x00000000eb04b5c0}: 'int java.lang.invoke.DirectMethodHandle$Holder.invokeStaticInit(java.lang.Object, java.lang.Object, java.lang.Object)'> (0x00000000eb04b5c0) 
thrown [s\src\hotspot\share\interpreter\linkResolver.cpp, line 759]
Event: 2.952 Thread 0x000001e7e4d9b030 Exception <a 'java/lang/IncompatibleClassChangeError'{0x00000000eb0d22b0}: Found class java.lang.Object, but interface was expected> (0x00000000eb0d22b0) 
thrown [s\src\hotspot\share\interpreter\linkResolver.cpp, line 826]
Event: 3.209 Thread 0x000001e7e4d9b030 Exception <a 'java/io/FileNotFoundException'{0x00000000eb455f78}> (0x00000000eb455f78) 
thrown [s\src\hotspot\share\prims\jni.cpp, line 516]
Event: 3.308 Thread 0x000001e7e4d9b030 Exception <a 'java/lang/NoSuchMethodError'{0x00000000eb91f650}: 'void java.lang.invoke.DirectMethodHandle$Holder.invokeSpecial(java.lang.Object, java.lang.Object, java.lang.Object, int)'> (0x00000000eb91f650) 
thrown [s\src\hotspot\share\interpreter\linkResolver.cpp, line 759]
Event: 3.374 Thread 0x000001e7e50defb0 Exception <a 'java/io/FileNotFoundException'{0x00000000ebc5e8f0}> (0x00000000ebc5e8f0) 
thrown [s\src\hotspot\share\prims\jni.cpp, line 516]
Event: 3.809 Thread 0x000001e7e4d9b030 Exception <a 'java/lang/ClassNotFoundException'{0x00000000eb9e9128}: com/sun/org/apache/xerces/internal/impl/msg/spi/DOMMessagesProvider> (0x00000000eb9e9128) 
thrown [s\src\hotspot\share\classfile\systemDictionary.cpp, line 256]
Event: 3.811 Thread 0x000001e7e4d9b030 Exception <a 'java/lang/ClassNotFoundException'{0x00000000eba161e8}: com/sun/org/apache/xerces/internal/impl/msg/spi/XMLSerializerMessagesProvider> (0x00000000eba161e8) 
thrown [s\src\hotspot\share\classfile\systemDictionary.cpp, line 256]
Event: 3.813 Thread 0x000001e7e4d9b030 Exception <a 'java/lang/ClassNotFoundException'{0x00000000eba30608}: com/sun/org/apache/xerces/internal/impl/msg/spi/XMLMessagesProvider> (0x00000000eba30608) 
thrown [s\src\hotspot\share\classfile\systemDictionary.cpp, line 256]
Event: 3.850 Thread 0x000001e7e4d9b030 Exception <a 'sun/nio/fs/WindowsException'{0x00000000ebb87038}> (0x00000000ebb87038) 
thrown [s\src\hotspot\share\prims\jni.cpp, line 516]
Event: 3.903 Thread 0x000001e7e4d9b030 Exception <a 'java/lang/NoSuchMethodError'{0x00000000ebdbfc28}: 'java.lang.Object java.lang.invoke.DirectMethodHandle$Holder.invokeStaticInit(java.lang.Object, int, int, int, int)'> (0x00000000ebdbfc28) 
thrown [s\src\hotspot\share\interpreter\linkResolver.cpp, line 759]
Event: 4.007 Thread 0x000001e7e4d9b030 Exception <a 'java/lang/NoSuchMethodError'{0x00000000ebeb0af0}: 'java.lang.Object java.lang.invoke.DirectMethodHandle$Holder.invokeStaticInit(java.lang.Object, java.lang.Object, int, int, int, int)'> (0x00000000ebeb0af0) 
thrown [s\src\hotspot\share\interpreter\linkResolver.cpp, line 759]
Event: 4.124 Thread 0x000001e7e4d9b030 Exception <a 'java/lang/ClassNotFoundException'{0x00000000ec1ba310}: com/sun/org/apache/xml/internal/serializer/spi/XMLEntitiesProvider> (0x00000000ec1ba310) 
thrown [s\src\hotspot\share\classfile\systemDictionary.cpp, line 256]
Event: 4.255 Thread 0x000001e7e4d9b030 Exception <a 'java/io/FileNotFoundException'{0x00000000ead41480}> (0x00000000ead41480) 
thrown [s\src\hotspot\share\prims\jni.cpp, line 516]

VM Operations (20 events):
Event: 2.983 Executing VM operation: CollectForMetadataAllocation
Event: 3.007 Executing VM operation: CollectForMetadataAllocation done
Event: 3.217 Executing VM operation: HandshakeAllThreads
Event: 3.217 Executing VM operation: HandshakeAllThreads done
Event: 3.300 Executing VM operation: HandshakeAllThreads
Event: 3.300 Executing VM operation: HandshakeAllThreads done
Event: 3.301 Executing VM operation: HandshakeAllThreads
Event: 3.301 Executing VM operation: HandshakeAllThreads done
Event: 3.463 Executing VM operation: ParallelGCFailedAllocation
Event: 3.466 Executing VM operation: ParallelGCFailedAllocation done
Event: 3.682 Executing VM operation: ParallelGCFailedAllocation
Event: 3.684 Executing VM operation: ParallelGCFailedAllocation done
Event: 3.886 Executing VM operation: HandshakeAllThreads
Event: 3.886 Executing VM operation: HandshakeAllThreads done
Event: 4.001 Executing VM operation: HandshakeAllThreads
Event: 4.001 Executing VM operation: HandshakeAllThreads done
Event: 4.141 Executing VM operation: HandshakeAllThreads
Event: 4.141 Executing VM operation: HandshakeAllThreads done
Event: 4.168 Executing VM operation: ParallelGCFailedAllocation
Event: 4.172 Executing VM operation: ParallelGCFailedAllocation done

Events (20 events):
Event: 4.317 loading class java/util/logging/LogManager$LoggerContext done
Event: 4.317 loading class java/util/logging/LogManager$SystemLoggerContext done
Event: 4.317 loading class java/util/logging/LogManager$LogNode
Event: 4.317 loading class java/util/logging/LogManager$LogNode done
Event: 4.317 loading class java/util/logging/LogManager$Cleaner
Event: 4.317 loading class java/util/logging/LogManager$Cleaner done
Event: 4.317 loading class java/util/logging/LoggingPermission
Event: 4.317 loading class java/util/logging/LoggingPermission done
Event: 4.318 loading class java/util/logging/LogManager$LoggingProviderAccess
Event: 4.318 loading class java/util/logging/LogManager$LoggingProviderAccess done
Event: 4.318 loading class java/util/logging/LogManager$2
Event: 4.318 loading class java/util/logging/LogManager$2 done
Event: 4.318 loading class java/util/logging/LogManager$RootLogger
Event: 4.318 loading class java/util/logging/LogManager$RootLogger done
Event: 4.318 loading class java/util/logging/LogManager$LoggerWeakRef
Event: 4.319 loading class java/util/logging/LogManager$LoggerWeakRef done
Event: 4.320 loading class java/util/logging/LogManager$VisitedLoggers
Event: 4.320 loading class java/util/logging/LogManager$VisitedLoggers done
Event: 4.320 loading class java/util/logging/LogManager$LoggerContext$1
Event: 4.320 loading class java/util/logging/LogManager$LoggerContext$1 done


Dynamic libraries:
0x00007ff736620000 - 0x00007ff73662e000 	c:\Users\n\.vscode\extensions\redhat.java-1.13.0-win32-x64\jre\17.0.5-win32-x86_64\bin\java.exe
0x00007ffca00b0000 - 0x00007ffca02c4000 	C:\WINDOWS\SYSTEM32\ntdll.dll
0x00007ffc9edf0000 - 0x00007ffc9eeb3000 	C:\WINDOWS\System32\KERNEL32.DLL
0x00007ffc9da60000 - 0x00007ffc9ddfd000 	C:\WINDOWS\System32\KERNELBASE.dll
0x00007ffc9d630000 - 0x00007ffc9d741000 	C:\WINDOWS\System32\ucrtbase.dll
0x00007ffc91cd0000 - 0x00007ffc91ce7000 	c:\Users\n\.vscode\extensions\redhat.java-1.13.0-win32-x64\jre\17.0.5-win32-x86_64\bin\jli.dll
0x00007ffc9fe00000 - 0x00007ffc9ffad000 	C:\WINDOWS\System32\USER32.dll
0x00007ffc9d4d0000 - 0x00007ffc9d4f6000 	C:\WINDOWS\System32\win32u.dll
0x00007ffc9e9b0000 - 0x00007ffc9e9d9000 	C:\WINDOWS\System32\GDI32.dll
0x00007ffc9d940000 - 0x00007ffc9da52000 	C:\WINDOWS\System32\gdi32full.dll
0x00007ffc9de00000 - 0x00007ffc9de9a000 	C:\WINDOWS\System32\msvcp_win.dll
0x00007ffc91cf0000 - 0x00007ffc91d09000 	c:\Users\n\.vscode\extensions\redhat.java-1.13.0-win32-x64\jre\17.0.5-win32-x86_64\bin\VCRUNTIME140.dll
0x00007ffc8e2f0000 - 0x00007ffc8e57e000 	C:\WINDOWS\WinSxS\amd64_microsoft.windows.common-controls_6595b64144ccf1df_6.0.22621.608_none_a9444ca7c10bb01d\COMCTL32.dll
0x00007ffc9f6c0000 - 0x00007ffc9f767000 	C:\WINDOWS\System32\msvcrt.dll
0x00007ffc9ed40000 - 0x00007ffc9ed72000 	C:\WINDOWS\System32\IMM32.DLL
0x00007ffc99b60000 - 0x00007ffc99b6c000 	c:\Users\n\.vscode\extensions\redhat.java-1.13.0-win32-x64\jre\17.0.5-win32-x86_64\bin\vcruntime140_1.dll
0x00007ffc880c0000 - 0x00007ffc88151000 	c:\Users\n\.vscode\extensions\redhat.java-1.13.0-win32-x64\jre\17.0.5-win32-x86_64\bin\msvcp140.dll
0x00007ffc64690000 - 0x00007ffc652d4000 	c:\Users\n\.vscode\extensions\redhat.java-1.13.0-win32-x64\jre\17.0.5-win32-x86_64\bin\server\jvm.dll
0x00007ffc9e000000 - 0x00007ffc9e0ae000 	C:\WINDOWS\System32\ADVAPI32.dll
0x00007ffc9e1d0000 - 0x00007ffc9e274000 	C:\WINDOWS\System32\sechost.dll
0x00007ffc9e0b0000 - 0x00007ffc9e1c5000 	C:\WINDOWS\System32\RPCRT4.dll
0x00007ffc81cc0000 - 0x00007ffc81cc9000 	C:\WINDOWS\SYSTEM32\WSOCK32.dll
0x00007ffc9df80000 - 0x00007ffc9dff1000 	C:\WINDOWS\System32\WS2_32.dll
0x00007ffc9b300000 - 0x00007ffc9b334000 	C:\WINDOWS\SYSTEM32\WINMM.dll
0x00007ffc963b0000 - 0x00007ffc963ba000 	C:\WINDOWS\SYSTEM32\VERSION.dll
0x00007ffc9c4e0000 - 0x00007ffc9c4f8000 	C:\WINDOWS\SYSTEM32\kernel.appcore.dll
0x00007ffc99b20000 - 0x00007ffc99b2a000 	c:\Users\n\.vscode\extensions\redhat.java-1.13.0-win32-x64\jre\17.0.5-win32-x86_64\bin\jimage.dll
0x00007ffc9ab30000 - 0x00007ffc9ad5e000 	C:\WINDOWS\SYSTEM32\DBGHELP.DLL
0x00007ffc9f870000 - 0x00007ffc9fbfa000 	C:\WINDOWS\System32\combase.dll
0x00007ffc9dea0000 - 0x00007ffc9df77000 	C:\WINDOWS\System32\OLEAUT32.dll
0x00007ffc9b2a0000 - 0x00007ffc9b2d2000 	C:\WINDOWS\SYSTEM32\dbgcore.DLL
0x00007ffc9d750000 - 0x00007ffc9d7cb000 	C:\WINDOWS\System32\bcryptPrimitives.dll
0x00007ffc96430000 - 0x00007ffc9643e000 	c:\Users\n\.vscode\extensions\redhat.java-1.13.0-win32-x64\jre\17.0.5-win32-x86_64\bin\instrument.dll
0x00007ffc90d80000 - 0x00007ffc90da5000 	c:\Users\n\.vscode\extensions\redhat.java-1.13.0-win32-x64\jre\17.0.5-win32-x86_64\bin\java.dll
0x00007ffc91cb0000 - 0x00007ffc91cc8000 	c:\Users\n\.vscode\extensions\redhat.java-1.13.0-win32-x64\jre\17.0.5-win32-x86_64\bin\zip.dll
0x00007ffc9eec0000 - 0x00007ffc9f6af000 	C:\WINDOWS\System32\SHELL32.dll
0x00007ffc9b4a0000 - 0x00007ffc9bd68000 	C:\WINDOWS\SYSTEM32\windows.storage.dll
0x00007ffc9b360000 - 0x00007ffc9b49e000 	C:\WINDOWS\SYSTEM32\wintypes.dll
0x00007ffc9f770000 - 0x00007ffc9f861000 	C:\WINDOWS\System32\SHCORE.dll
0x00007ffc9ed90000 - 0x00007ffc9edee000 	C:\WINDOWS\System32\shlwapi.dll
0x00007ffc9d400000 - 0x00007ffc9d421000 	C:\WINDOWS\SYSTEM32\profapi.dll
0x00007ffc90390000 - 0x00007ffc903a9000 	C:\Users\n\.vscode\extensions\redhat.java-1.13.0-win32-x64\jre\17.0.5-win32-x86_64\bin\net.dll
0x00007ffc96a90000 - 0x00007ffc96bbf000 	C:\WINDOWS\SYSTEM32\WINHTTP.dll
0x00007ffc9c940000 - 0x00007ffc9c9a9000 	C:\WINDOWS\system32\mswsock.dll
0x00007ffc90370000 - 0x00007ffc90385000 	C:\Users\n\.vscode\extensions\redhat.java-1.13.0-win32-x64\jre\17.0.5-win32-x86_64\bin\nio.dll
0x00007ffc919b0000 - 0x00007ffc919c0000 	c:\Users\n\.vscode\extensions\redhat.java-1.13.0-win32-x64\jre\17.0.5-win32-x86_64\bin\verify.dll
0x00007ffc8df30000 - 0x00007ffc8df6e000 	C:\Users\n\AppData\Roaming\Code\User\globalStorage\redhat.java\1.13.0\config_win\org.eclipse.equinox.launcher\org.eclipse.equinox.launcher.win32.win32.x86_64_1.2.600.v20220720-1916\eclipse_11700.dll
0x00007ffc9fc00000 - 0x00007ffc9fd9c000 	C:\WINDOWS\System32\ole32.dll
0x00007ffc9cc60000 - 0x00007ffc9cc7b000 	C:\WINDOWS\SYSTEM32\CRYPTSP.dll
0x00007ffc9c450000 - 0x00007ffc9c485000 	C:\WINDOWS\system32\rsaenh.dll
0x00007ffc9c9e0000 - 0x00007ffc9ca08000 	C:\WINDOWS\SYSTEM32\USERENV.dll
0x00007ffc9cda0000 - 0x00007ffc9cdc8000 	C:\WINDOWS\SYSTEM32\bcrypt.dll
0x00007ffc9cc40000 - 0x00007ffc9cc4c000 	C:\WINDOWS\SYSTEM32\CRYPTBASE.dll
0x00007ffc9bfb0000 - 0x00007ffc9bfdd000 	C:\WINDOWS\SYSTEM32\IPHLPAPI.DLL
0x00007ffc9f6b0000 - 0x00007ffc9f6b9000 	C:\WINDOWS\System32\NSI.dll
0x00007ffc963c0000 - 0x00007ffc963d9000 	C:\WINDOWS\SYSTEM32\dhcpcsvc6.DLL
0x00007ffc95740000 - 0x00007ffc9575f000 	C:\WINDOWS\SYSTEM32\dhcpcsvc.DLL
0x00007ffc9bfe0000 - 0x00007ffc9c0d2000 	C:\WINDOWS\SYSTEM32\DNSAPI.dll
0x00007ffc8c980000 - 0x00007ffc8c9c0000 	C:\Users\n\AppData\Local\Temp\jna-90669338\jna11595410164356108871.dll
0x00007ffc9ffb0000 - 0x00007ffc9ffb8000 	C:\WINDOWS\System32\PSAPI.DLL

dbghelp: loaded successfully - version: 4.0.5 - missing functions: none
symbol engine: initialized successfully - sym options: 0x614 - pdb path: .;c:\Users\n\.vscode\extensions\redhat.java-1.13.0-win32-x64\jre\17.0.5-win32-x86_64\bin;C:\WINDOWS\SYSTEM32;C:\WINDOWS\WinSxS\amd64_microsoft.windows.common-controls_6595b64144ccf1df_6.0.22621.608_none_a9444ca7c10bb01d;c:\Users\n\.vscode\extensions\redhat.java-1.13.0-win32-x64\jre\17.0.5-win32-x86_64\bin\server;C:\Users\n\AppData\Roaming\Code\User\globalStorage\redhat.java\1.13.0\config_win\org.eclipse.equinox.launcher\org.eclipse.equinox.launcher.win32.win32.x86_64_1.2.600.v20220720-1916;C:\Users\n\AppData\Local\Temp\jna-90669338

VM Arguments:
jvm_args: --add-modules=ALL-SYSTEM --add-opens=java.base/java.util=ALL-UNNAMED --add-opens=java.base/java.lang=ALL-UNNAMED --add-opens=java.base/sun.nio.fs=ALL-UNNAMED -Declipse.application=org.eclipse.jdt.ls.core.id1 -Dosgi.bundles.defaultStartLevel=4 -Declipse.product=org.eclipse.jdt.ls.core.product -Djava.import.generatesMetadataFilesAtProjectRoot=false -Dfile.encoding=utf8 -XX:+UseParallelGC -XX:GCTimeRatio=4 -XX:AdaptiveSizePolicyWeight=90 -Dsun.zip.disableMemoryMapping=true -Xmx1G -Xms100m -Xlog:disable -javaagent:c:\Users\n\.vscode\extensions\redhat.java-1.13.0-win32-x64\lombok\lombok-1.18.24.jar -XX:+HeapDumpOnOutOfMemoryError -XX:HeapDumpPath=c:\Users\n\AppData\Roaming\Code\User\workspaceStorage\a7c94a6e4347ed34fb9806a39faad96a\redhat.java 
java_command: c:\Users\n\.vscode\extensions\redhat.java-1.13.0-win32-x64\server\plugins\org.eclipse.equinox.launcher_1.6.400.v20210924-0641.jar -configuration c:\Users\n\AppData\Roaming\Code\User\globalStorage\redhat.java\1.13.0\config_win -data c:\Users\n\AppData\Roaming\Code\User\workspaceStorage\a7c94a6e4347ed34fb9806a39faad96a\redhat.java\jdt_ws
java_class_path (initial): c:\Users\n\.vscode\extensions\redhat.java-1.13.0-win32-x64\server\plugins\org.eclipse.equinox.launcher_1.6.400.v20210924-0641.jar
Launcher Type: SUN_STANDARD

[Global flags]
    uintx AdaptiveSizePolicyWeight                 = 90                                        {product} {command line}
     intx CICompilerCount                          = 4                                         {product} {ergonomic}
    uintx GCTimeRatio                              = 4                                         {product} {command line}
     bool HeapDumpOnOutOfMemoryError               = true                                   {manageable} {command line}
    ccstr HeapDumpPath                             = c:\Users\n\AppData\Roaming\Code\User\workspaceStorage\a7c94a6e4347ed34fb9806a39faad96a\redhat.java         {manageable} {command line}
   size_t InitialHeapSize                          = 104857600                                 {product} {command line}
   size_t MaxHeapSize                              = 1073741824                                {product} {command line}
   size_t MaxNewSize                               = 357564416                                 {product} {ergonomic}
   size_t MinHeapDeltaBytes                        = 524288                                    {product} {ergonomic}
   size_t MinHeapSize                              = 104857600                                 {product} {command line}
   size_t NewSize                                  = 34603008                                  {product} {ergonomic}
    uintx NonNMethodCodeHeapSize                   = 5839372                                {pd product} {ergonomic}
    uintx NonProfiledCodeHeapSize                  = 122909434                              {pd product} {ergonomic}
   size_t OldSize                                  = 70254592                                  {product} {ergonomic}
    uintx ProfiledCodeHeapSize                     = 122909434                              {pd product} {ergonomic}
    uintx ReservedCodeCacheSize                    = 251658240                              {pd product} {ergonomic}
     bool SegmentedCodeCache                       = true                                      {product} {ergonomic}
   size_t SoftMaxHeapSize                          = 1073741824                             {manageable} {ergonomic}
     bool UseCompressedClassPointers               = true                           {product lp64_product} {ergonomic}
     bool UseCompressedOops                        = true                           {product lp64_product} {ergonomic}
     bool UseLargePagesIndividualAllocation        = false                                  {pd product} {ergonomic}
     bool UseParallelGC                            = true                                      {product} {command line}

Logging:
Log output configuration:
 #0: stdout all=off uptime,level,tags
 #1: stderr all=off uptime,level,tags

Environment Variables:
PATH=C:\Program Files (x86)\Common Files\Intel\Shared Libraries\redist\intel64\compiler;D:\;C:\Program Files\Common Files\Oracle\Java\javapath;C:\WINDOWS\system32;C:\WINDOWS;C:\WINDOWS\System32\Wbem;C:\WINDOWS\System32\WindowsPowerShell\v1.0\;C:\WINDOWS\System32\OpenSSH\;C:\Program Files\nodejs\;C:\Program Files\Bandizip\;C:\Program Files (x86)\dotnet\;D:\EasyShare\x86\;D:\EasyShare\x64\;C:\Program Files (x86)\pcsuite\;C:\Program Files (x86)\Git\cmd;C:\Users\n\AppData\Local\Microsoft\WindowsApps;D:\Microsoft VS Code\bin;C:\Users\n\AppData\Roaming\npm;D:\OneCommander3.19.0.0;C:\Users\n\AppData\Local\GitHubDesktop\bin
USERNAME=Ddonging
OS=Windows_NT
PROCESSOR_IDENTIFIER=AMD64 Family 23 Model 96 Stepping 1, AuthenticAMD
TMP=C:\Users\n\AppData\Local\Temp
TEMP=C:\Users\n\AppData\Local\Temp



---------------  S Y S T E M  ---------------

OS:
 Windows 11 , 64 bit Build 22621 (10.0.22621.1105)
OS uptime: 4 days 19:55 hours
Hyper-V role detected

CPU: total 12 (initial active 12) (12 cores per cpu, 2 threads per core) family 23 model 96 stepping 1 microcode 0x0, cx8, cmov, fxsr, ht, mmx, 3dnowpref, sse, sse2, sse3, ssse3, sse4a, sse4.1, sse4.2, popcnt, lzcnt, tsc, tscinvbit, avx, avx2, aes, clmul, bmi1, bmi2, adx, sha, fma, vzeroupper, clflush, clflushopt, hv

Memory: 4k page, system-wide physical 7549M (268M free)
TotalPageFile size 15741M (AvailPageFile size 2M)
current process WorkingSet (physical memory assigned to process): 152M, peak: 156M
current process commit charge ("private bytes"): 263M, peak: 267M

vm_info: OpenJDK 64-Bit Server VM (17.0.5+8) for windows-amd64 JRE (17.0.5+8), built on Oct 19 2022 04:48:13 by "temurin" with MS VC++ 16.7 (VS2019)

END.
