#
# There is insufficient memory for the Java Runtime Environment to continue.
# Native memory allocation (malloc) failed to allocate 1649664 bytes for Chunk::new
# Possible reasons:
#   The system is out of physical RAM or swap space
#   The process is running with CompressedOops enabled, and the Java Heap may be blocking the growth of the native heap
# Possible solutions:
#   Reduce memory load on the system
#   Increase physical memory or swap space
#   Check if swap backing store is full
#   Decrease Java heap size (-Xmx/-Xms)
#   Decrease number of Java threads
#   Decrease Java thread stack sizes (-Xss)
#   Set larger code cache with -XX:ReservedCodeCacheSize=
#   JVM is running with Unscaled Compressed Oops mode in which the Java heap is
#     placed in the first 4GB address space. The Java Heap base address is the
#     maximum limit for the native heap growth. Please use -XX:HeapBaseMinAddress
#     to set the Java Heap base and to place the Java Heap above 4GB virtual address.
# This output file may be truncated or incomplete.
#
#  Out of Memory Error (arena.cpp:189), pid=148964, tid=152504
#
# JRE version: OpenJDK Runtime Environment Temurin-17.0.5+8 (17.0.5+8) (build 17.0.5+8)
# Java VM: OpenJDK 64-Bit Server VM Temurin-17.0.5+8 (17.0.5+8, mixed mode, tiered, compressed oops, compressed class ptrs, parallel gc, windows-amd64)
# No core dump will be written. Minidumps are not enabled by default on client versions of Windows
#

---------------  S U M M A R Y ------------

Command Line: --add-modules=ALL-SYSTEM --add-opens=java.base/java.util=ALL-UNNAMED --add-opens=java.base/java.lang=ALL-UNNAMED --add-opens=java.base/sun.nio.fs=ALL-UNNAMED -Declipse.application=org.eclipse.jdt.ls.core.id1 -Dosgi.bundles.defaultStartLevel=4 -Declipse.product=org.eclipse.jdt.ls.core.product -Djava.import.generatesMetadataFilesAtProjectRoot=false -Dfile.encoding=utf8 -XX:+UseParallelGC -XX:GCTimeRatio=4 -XX:AdaptiveSizePolicyWeight=90 -Dsun.zip.disableMemoryMapping=true -Xmx1G -Xms100m -Xlog:disable -javaagent:c:\Users\n\.vscode\extensions\redhat.java-1.13.0-win32-x64\lombok\lombok-1.18.24.jar -XX:+HeapDumpOnOutOfMemoryError -XX:HeapDumpPath=c:\Users\n\AppData\Roaming\Code\User\workspaceStorage\a7c94a6e4347ed34fb9806a39faad96a\redhat.java c:\Users\n\.vscode\extensions\redhat.java-1.13.0-win32-x64\server\plugins\org.eclipse.equinox.launcher_1.6.400.v20210924-0641.jar -configuration c:\Users\n\AppData\Roaming\Code\User\globalStorage\redhat.java\1.13.0\config_win -data c:\Users\n\AppData\Roaming\Code\User\workspaceStorage\a7c94a6e4347ed34fb9806a39faad96a\redhat.java\jdt_ws

Host: AMD Ryzen 5 4600U with Radeon Graphics         , 12 cores, 7G,  Windows 11 , 64 bit Build 22621 (10.0.22621.1105)
Time: Mon Jan 16 16:56:28 2023  Windows 11 , 64 bit Build 22621 (10.0.22621.1105) elapsed time: 6.684694 seconds (0d 0h 0m 6s)

---------------  T H R E A D  ---------------

Current thread (0x000002479dcc6910):  JavaThread "C2 CompilerThread0" daemon [_thread_in_native, id=152504, stack(0x000000f779f00000,0x000000f77a000000)]


Current CompileTask:
C2:   6684 5258       4       org.objectweb.asm.ClassReader::readMethod (1066 bytes)

Stack: [0x000000f779f00000,0x000000f77a000000]
Native frames: (J=compiled Java code, j=interpreted, Vv=VM code, C=native code)
V  [jvm.dll+0x676b3a]
V  [jvm.dll+0x831444]
V  [jvm.dll+0x832bee]
V  [jvm.dll+0x833253]
V  [jvm.dll+0x244ce5]
V  [jvm.dll+0xabbac]
V  [jvm.dll+0xac17c]
V  [jvm.dll+0x362d57]
V  [jvm.dll+0x1bb2b2]
V  [jvm.dll+0x217ca9]
V  [jvm.dll+0x216f71]
V  [jvm.dll+0x1a343d]
V  [jvm.dll+0x22698a]
V  [jvm.dll+0x224ac5]
V  [jvm.dll+0x7e727b]
V  [jvm.dll+0x7e17ea]
V  [jvm.dll+0x6759e5]
C  [ucrtbase.dll+0x29363]
C  [KERNEL32.DLL+0x126bd]
C  [ntdll.dll+0x5dfb8]


---------------  P R O C E S S  ---------------

Threads class SMR info:
_java_thread_list=0x00000247a4a08280, length=26, elements={
0x00000247882c28e0, 0x000002479c1309c0, 0x000002479c1316a0, 0x000002479c13b410,
0x000002479c13dce0, 0x000002479dcbf010, 0x000002479dcc0070, 0x000002479dcc6910,
0x000002479dcc89c0, 0x0000024786008020, 0x000002479dd8a550, 0x000002479df920d0,
0x000002479f313c60, 0x00000247a052b060, 0x00000247a052b530, 0x000002479f7bc000,
0x00000247a0794660, 0x000002479f7b6c80, 0x00000247a05fd560, 0x00000247a0833c10,
0x00000247a0643d50, 0x00000247a0644bc0, 0x00000247a0645560, 0x00000247a0645090,
0x00000247a0645a30, 0x00000247a06446f0
}

Java Threads: ( => current thread )
  0x00000247882c28e0 JavaThread "main" [_thread_blocked, id=158000, stack(0x000000f779600000,0x000000f779700000)]
  0x000002479c1309c0 JavaThread "Reference Handler" daemon [_thread_blocked, id=158040, stack(0x000000f779900000,0x000000f779a00000)]
  0x000002479c1316a0 JavaThread "Finalizer" daemon [_thread_blocked, id=84744, stack(0x000000f779a00000,0x000000f779b00000)]
  0x000002479c13b410 JavaThread "Signal Dispatcher" daemon [_thread_blocked, id=158648, stack(0x000000f779b00000,0x000000f779c00000)]
  0x000002479c13dce0 JavaThread "Attach Listener" daemon [_thread_blocked, id=8600, stack(0x000000f779c00000,0x000000f779d00000)]
  0x000002479dcbf010 JavaThread "Service Thread" daemon [_thread_blocked, id=139692, stack(0x000000f779d00000,0x000000f779e00000)]
  0x000002479dcc0070 JavaThread "Monitor Deflation Thread" daemon [_thread_blocked, id=158676, stack(0x000000f779e00000,0x000000f779f00000)]
=>0x000002479dcc6910 JavaThread "C2 CompilerThread0" daemon [_thread_in_native, id=152504, stack(0x000000f779f00000,0x000000f77a000000)]
  0x000002479dcc89c0 JavaThread "C1 CompilerThread0" daemon [_thread_blocked, id=148476, stack(0x000000f77a000000,0x000000f77a100000)]
  0x0000024786008020 JavaThread "Sweeper thread" daemon [_thread_blocked, id=148140, stack(0x000000f77a100000,0x000000f77a200000)]
  0x000002479dd8a550 JavaThread "Common-Cleaner" daemon [_thread_blocked, id=152052, stack(0x000000f77a200000,0x000000f77a300000)]
  0x000002479df920d0 JavaThread "Notification Thread" daemon [_thread_blocked, id=88208, stack(0x000000f77a300000,0x000000f77a400000)]
  0x000002479f313c60 JavaThread "Active Thread: Equinox Container: 4a25075e-1e8d-4d44-9745-66eddf5bf4c4" [_thread_blocked, id=153408, stack(0x000000f77ac00000,0x000000f77ad00000)]
  0x00000247a052b060 JavaThread "Framework Event Dispatcher: Equinox Container: 4a25075e-1e8d-4d44-9745-66eddf5bf4c4" daemon [_thread_blocked, id=100280, stack(0x000000f77ad00000,0x000000f77ae00000)]
  0x00000247a052b530 JavaThread "Start Level: Equinox Container: 4a25075e-1e8d-4d44-9745-66eddf5bf4c4" daemon [_thread_blocked, id=131032, stack(0x000000f77ae00000,0x000000f77af00000)]
  0x000002479f7bc000 JavaThread "SCR Component Actor" daemon [_thread_blocked, id=112272, stack(0x000000f77af00000,0x000000f77b000000)]
  0x00000247a0794660 JavaThread "SCR Component Registry" daemon [_thread_blocked, id=86480, stack(0x000000f77b200000,0x000000f77b300000)]
  0x000002479f7b6c80 JavaThread "Worker-JM" [_thread_blocked, id=42864, stack(0x000000f77a500000,0x000000f77a600000)]
  0x00000247a05fd560 JavaThread "C2 CompilerThread1" daemon [_thread_in_native, id=158408, stack(0x000000f77b300000,0x000000f77b400000)]
  0x00000247a0833c10 JavaThread "Worker-0" [_thread_blocked, id=146508, stack(0x000000f77b500000,0x000000f77b600000)]
  0x00000247a0643d50 JavaThread "Worker-1: Initialize Workspace" [_thread_in_vm, id=155104, stack(0x000000f77b600000,0x000000f77b700000)]
  0x00000247a0644bc0 JavaThread "Java indexing" daemon [_thread_blocked, id=127556, stack(0x000000f77b700000,0x000000f77b800000)]
  0x00000247a0645560 JavaThread "JNA Cleaner" daemon [_thread_blocked, id=154888, stack(0x000000f77b800000,0x000000f77b900000)]
  0x00000247a0645090 JavaThread "Worker-2" [_thread_blocked, id=159408, stack(0x000000f77bb00000,0x000000f77bc00000)]
  0x00000247a0645a30 JavaThread "pool-2-thread-1" [_thread_blocked, id=153608, stack(0x000000f77bc00000,0x000000f77bd00000)]
  0x00000247a06446f0 JavaThread "pool-1-thread-1" [_thread_blocked, id=150788, stack(0x000000f77bd00000,0x000000f77be00000)]

Other Threads:
  0x000002478834a4c0 VMThread "VM Thread" [stack: 0x000000f779800000,0x000000f779900000] [id=139788]
  0x000002479df925a0 WatcherThread [stack: 0x000000f77a400000,0x000000f77a500000] [id=130700]
  0x00000247882d6720 GCTaskThread "GC Thread#0" [stack: 0x000000f779700000,0x000000f779800000] [id=152428]
  0x000002479f900590 GCTaskThread "GC Thread#1" [stack: 0x000000f77a600000,0x000000f77a700000] [id=158364]
  0x000002479f900840 GCTaskThread "GC Thread#2" [stack: 0x000000f77a700000,0x000000f77a800000] [id=150932]
  0x000002479f900af0 GCTaskThread "GC Thread#3" [stack: 0x000000f77a800000,0x000000f77a900000] [id=156192]
  0x000002479f900da0 GCTaskThread "GC Thread#4" [stack: 0x000000f77a900000,0x000000f77aa00000] [id=42812]
  0x000002479f901050 GCTaskThread "GC Thread#5" [stack: 0x000000f77aa00000,0x000000f77ab00000] [id=159628]
  0x000002479f901300 GCTaskThread "GC Thread#6" [stack: 0x000000f77ab00000,0x000000f77ac00000] [id=86176]
  0x000002479f400570 GCTaskThread "GC Thread#7" [stack: 0x000000f77b000000,0x000000f77b100000] [id=153244]
  0x000002479f7cc120 GCTaskThread "GC Thread#8" [stack: 0x000000f77b100000,0x000000f77b200000] [id=151476]
  0x000002479f7c81b0 GCTaskThread "GC Thread#9" [stack: 0x000000f77b400000,0x000000f77b500000] [id=159216]

Threads with active compile tasks:
C2 CompilerThread0     6703 5258       4       org.objectweb.asm.ClassReader::readMethod (1066 bytes)
C2 CompilerThread1     6703 5251 %     4       org.objectweb.asm.ClassReader::readCode @ 2036 (5109 bytes)

VM state: not at safepoint (normal execution)

VM Mutex/Monitor currently owned by a thread: None

Heap address: 0x00000000c0000000, size: 1024 MB, Compressed Oops mode: 32-bit

CDS archive(s) not mapped
Compressed class space mapped at: 0x0000000100000000-0x0000000140000000, reserved size: 1073741824
Narrow klass base: 0x0000000000000000, Narrow klass shift: 3, Narrow klass range: 0x140000000

GC Precious Log:
 CPUs: 12 total, 12 available
 Memory: 7549M
 Large Page Support: Disabled
 NUMA Support: Disabled
 Compressed Oops: Enabled (32-bit)
 Alignments: Space 512K, Generation 512K, Heap 2M
 Heap Min Capacity: 100M
 Heap Initial Capacity: 100M
 Heap Max Capacity: 1G
 Pre-touch: Disabled
 Parallel Workers: 10

Heap:
 PSYoungGen      total 19456K, used 5870K [0x00000000eab00000, 0x00000000ec000000, 0x0000000100000000)
  eden space 18944K, 30% used [0x00000000eab00000,0x00000000eb09b8d8,0x00000000ebd80000)
  from space 512K, 25% used [0x00000000ebd80000,0x00000000ebda0000,0x00000000ebe00000)
  to   space 1024K, 0% used [0x00000000ebf00000,0x00000000ebf00000,0x00000000ec000000)
 ParOldGen       total 68608K, used 32964K [0x00000000c0000000, 0x00000000c4300000, 0x00000000eab00000)
  object space 68608K, 48% used [0x00000000c0000000,0x00000000c20312a0,0x00000000c4300000)
 Metaspace       used 53534K, committed 54400K, reserved 1097728K
  class space    used 5699K, committed 6080K, reserved 1048576K

Card table byte_map: [0x0000024787c80000,0x0000024787e90000] _byte_map_base: 0x0000024787680000

Marking Bits: (ParMarkBitMap*) 0x00007ffc65210dd0
 Begin Bits: [0x0000024799f40000, 0x000002479af40000)
 End Bits:   [0x000002479af40000, 0x000002479bf40000)

Polling page: 0x00000247862c0000

Metaspace:

Usage:
  Non-class:     46.71 MB used.
      Class:      5.57 MB used.
       Both:     52.28 MB used.

Virtual space:
  Non-class space:       48.00 MB reserved,      47.19 MB ( 98%) committed,  6 nodes.
      Class space:        1.00 GB reserved,       5.94 MB ( <1%) committed,  1 nodes.
             Both:        1.05 GB reserved,      53.12 MB (  5%) committed. 

Chunk freelists:
   Non-Class:  592.00 KB
       Class:  1.95 MB
        Both:  2.53 MB

MaxMetaspaceSize: unlimited
CompressedClassSpaceSize: 1.00 GB
Initial GC threshold: 21.00 MB
Current GC threshold: 58.38 MB
CDS: off
MetaspaceReclaimPolicy: balanced
 - commit_granule_bytes: 65536.
 - commit_granule_words: 8192.
 - virtual_space_node_default_size: 1048576.
 - enlarge_chunks_in_place: 1.
 - new_chunks_are_fully_committed: 0.
 - uncommit_free_chunks: 1.
 - use_allocation_guard: 0.
 - handle_deallocations: 1.


Internal statistics:

num_allocs_failed_limit: 6.
num_arena_births: 350.
num_arena_deaths: 14.
num_vsnodes_births: 7.
num_vsnodes_deaths: 0.
num_space_committed: 849.
num_space_uncommitted: 0.
num_chunks_returned_to_freelist: 20.
num_chunks_taken_from_freelist: 2185.
num_chunk_merges: 10.
num_chunk_splits: 1468.
num_chunks_enlarged: 987.
num_purges: 2.
num_inconsistent_stats: 0.

CodeHeap 'non-profiled nmethods': size=120000Kb used=2621Kb max_used=2621Kb free=117379Kb
 bounds [0x0000024792a10000, 0x0000024792ca0000, 0x0000024799f40000]
CodeHeap 'profiled nmethods': size=120000Kb used=11057Kb max_used=11057Kb free=108942Kb
 bounds [0x000002478b4e0000, 0x000002478bfb0000, 0x0000024792a10000]
CodeHeap 'non-nmethods': size=5760Kb used=1314Kb max_used=1367Kb free=4445Kb
 bounds [0x000002478af40000, 0x000002478b1b0000, 0x000002478b4e0000]
 total_blobs=5966 nmethods=5319 adapters=561
 compilation: enabled
              stopped_count=0, restarted_count=0
 full_count=0

Compilation events (20 events):
Event: 6.659 Thread 0x000002479dcc89c0 nmethod 5312 0x000002478bf81f90 code [0x000002478bf82120, 0x000002478bf82238]
Event: 6.659 Thread 0x000002479dcc89c0 5313       2       org.eclipse.jdt.internal.compiler.parser.Parser::consumeRule (7834 bytes)
Event: 6.674 Thread 0x000002479dcc89c0 nmethod 5313 0x000002478bf82310 code [0x000002478bf85460, 0x000002478bf91fc8]
Event: 6.674 Thread 0x000002479dcc89c0 5314       2       org.eclipse.jdt.internal.compiler.parser.Scanner::isInModuleDeclaration (37 bytes)
Event: 6.674 Thread 0x000002479dcc89c0 nmethod 5314 0x000002478bf97990 code [0x000002478bf97b40, 0x000002478bf97d78]
Event: 6.675 Thread 0x000002479dcc89c0 5315       2       org.eclipse.jdt.internal.compiler.ast.CompilationUnitDeclaration::getMainTypeName (85 bytes)
Event: 6.675 Thread 0x000002479dcc89c0 nmethod 5315 0x000002478bf97f10 code [0x000002478bf980e0, 0x000002478bf98558]
Event: 6.675 Thread 0x000002479dcc89c0 5318       2       org.eclipse.jdt.core.compiler.CharOperation::isWhitespace (23 bytes)
Event: 6.675 Thread 0x000002479dcc89c0 nmethod 5318 0x000002478bf98810 code [0x000002478bf989a0, 0x000002478bf98af8]
Event: 6.675 Thread 0x000002479dcc89c0 5317       1       org.eclipse.jdt.core.dom.ASTNode::getParent (5 bytes)
Event: 6.675 Thread 0x000002479dcc89c0 nmethod 5317 0x0000024792c9d910 code [0x0000024792c9daa0, 0x0000024792c9db78]
Event: 6.675 Thread 0x000002479dcc89c0 5319       1       lombok.core.LombokImmutableList::access$0 (5 bytes)
Event: 6.675 Thread 0x000002479dcc89c0 nmethod 5319 0x0000024792c9dc10 code [0x0000024792c9dda0, 0x0000024792c9de58]
Event: 6.675 Thread 0x000002479dcc89c0 5320       1       lombok.core.LombokNode::getKind (5 bytes)
Event: 6.675 Thread 0x000002479dcc89c0 nmethod 5320 0x0000024792c9df10 code [0x0000024792c9e0a0, 0x0000024792c9e178]
Event: 6.675 Thread 0x000002479dcc89c0 5316       1       org.eclipse.jdt.core.dom.StructuralPropertyDescriptor::getNodeClass (5 bytes)
Event: 6.675 Thread 0x000002479dcc89c0 nmethod 5316 0x0000024792c9e210 code [0x0000024792c9e3a0, 0x0000024792c9e478]
Event: 6.676 Thread 0x000002479dcc89c0 5321       2       org.eclipse.jdt.internal.compiler.parser.Parser::consumeToken (2309 bytes)
Event: 6.679 Thread 0x000002479dcc89c0 nmethod 5321 0x000002478bf98c10 code [0x000002478bf99700, 0x000002478bf9c5e8]
Event: 6.679 Thread 0x000002479dcc89c0 5327   !   2       org.eclipse.jdt.internal.compiler.parser.Scanner::getNextToken0 (2562 bytes)

GC Heap History (20 events):
Event: 5.245 GC heap before
{Heap before GC invocations=16 (full 2):
 PSYoungGen      total 24576K, used 24536K [0x00000000eab00000, 0x00000000ec680000, 0x0000000100000000)
  eden space 22016K, 100% used [0x00000000eab00000,0x00000000ec080000,0x00000000ec080000)
  from space 2560K, 98% used [0x00000000ec080000,0x00000000ec2f6170,0x00000000ec300000)
  to   space 3072K, 0% used [0x00000000ec380000,0x00000000ec380000,0x00000000ec680000)
 ParOldGen       total 68608K, used 14906K [0x00000000c0000000, 0x00000000c4300000, 0x00000000eab00000)
  object space 68608K, 21% used [0x00000000c0000000,0x00000000c0e8eae0,0x00000000c4300000)
 Metaspace       used 47221K, committed 48064K, reserved 1097728K
  class space    used 5104K, committed 5504K, reserved 1048576K
}
Event: 5.248 GC heap after
{Heap after GC invocations=16 (full 2):
 PSYoungGen      total 25088K, used 2624K [0x00000000eab00000, 0x00000000ec680000, 0x0000000100000000)
  eden space 22016K, 0% used [0x00000000eab00000,0x00000000eab00000,0x00000000ec080000)
  from space 3072K, 85% used [0x00000000ec380000,0x00000000ec610020,0x00000000ec680000)
  to   space 3072K, 0% used [0x00000000ec080000,0x00000000ec080000,0x00000000ec380000)
 ParOldGen       total 68608K, used 17285K [0x00000000c0000000, 0x00000000c4300000, 0x00000000eab00000)
  object space 68608K, 25% used [0x00000000c0000000,0x00000000c10e17c8,0x00000000c4300000)
 Metaspace       used 47221K, committed 48064K, reserved 1097728K
  class space    used 5104K, committed 5504K, reserved 1048576K
}
Event: 5.354 GC heap before
{Heap before GC invocations=17 (full 2):
 PSYoungGen      total 25088K, used 24640K [0x00000000eab00000, 0x00000000ec680000, 0x0000000100000000)
  eden space 22016K, 100% used [0x00000000eab00000,0x00000000ec080000,0x00000000ec080000)
  from space 3072K, 85% used [0x00000000ec380000,0x00000000ec610020,0x00000000ec680000)
  to   space 3072K, 0% used [0x00000000ec080000,0x00000000ec080000,0x00000000ec380000)
 ParOldGen       total 68608K, used 17285K [0x00000000c0000000, 0x00000000c4300000, 0x00000000eab00000)
  object space 68608K, 25% used [0x00000000c0000000,0x00000000c10e17c8,0x00000000c4300000)
 Metaspace       used 47416K, committed 48256K, reserved 1097728K
  class space    used 5122K, committed 5504K, reserved 1048576K
}
Event: 5.357 GC heap after
{Heap after GC invocations=17 (full 2):
 PSYoungGen      total 24576K, used 2208K [0x00000000eab00000, 0x00000000ec580000, 0x0000000100000000)
  eden space 22016K, 0% used [0x00000000eab00000,0x00000000eab00000,0x00000000ec080000)
  from space 2560K, 86% used [0x00000000ec080000,0x00000000ec2a8010,0x00000000ec300000)
  to   space 2560K, 0% used [0x00000000ec300000,0x00000000ec300000,0x00000000ec580000)
 ParOldGen       total 68608K, used 19749K [0x00000000c0000000, 0x00000000c4300000, 0x00000000eab00000)
  object space 68608K, 28% used [0x00000000c0000000,0x00000000c13497e8,0x00000000c4300000)
 Metaspace       used 47416K, committed 48256K, reserved 1097728K
  class space    used 5122K, committed 5504K, reserved 1048576K
}
Event: 5.425 GC heap before
{Heap before GC invocations=18 (full 2):
 PSYoungGen      total 24576K, used 24224K [0x00000000eab00000, 0x00000000ec580000, 0x0000000100000000)
  eden space 22016K, 100% used [0x00000000eab00000,0x00000000ec080000,0x00000000ec080000)
  from space 2560K, 86% used [0x00000000ec080000,0x00000000ec2a8010,0x00000000ec300000)
  to   space 2560K, 0% used [0x00000000ec300000,0x00000000ec300000,0x00000000ec580000)
 ParOldGen       total 68608K, used 19749K [0x00000000c0000000, 0x00000000c4300000, 0x00000000eab00000)
  object space 68608K, 28% used [0x00000000c0000000,0x00000000c13497e8,0x00000000c4300000)
 Metaspace       used 47473K, committed 48320K, reserved 1097728K
  class space    used 5133K, committed 5504K, reserved 1048576K
}
Event: 5.428 GC heap after
{Heap after GC invocations=18 (full 2):
 PSYoungGen      total 21504K, used 2528K [0x00000000eab00000, 0x00000000ecb80000, 0x0000000100000000)
  eden space 18944K, 0% used [0x00000000eab00000,0x00000000eab00000,0x00000000ebd80000)
  from space 2560K, 98% used [0x00000000ec300000,0x00000000ec578020,0x00000000ec580000)
  to   space 5632K, 0% used [0x00000000ebd80000,0x00000000ebd80000,0x00000000ec300000)
 ParOldGen       total 68608K, used 21953K [0x00000000c0000000, 0x00000000c4300000, 0x00000000eab00000)
  object space 68608K, 31% used [0x00000000c0000000,0x00000000c15707f8,0x00000000c4300000)
 Metaspace       used 47473K, committed 48320K, reserved 1097728K
  class space    used 5133K, committed 5504K, reserved 1048576K
}
Event: 5.462 GC heap before
{Heap before GC invocations=19 (full 2):
 PSYoungGen      total 21504K, used 21472K [0x00000000eab00000, 0x00000000ecb80000, 0x0000000100000000)
  eden space 18944K, 100% used [0x00000000eab00000,0x00000000ebd80000,0x00000000ebd80000)
  from space 2560K, 98% used [0x00000000ec300000,0x00000000ec578020,0x00000000ec580000)
  to   space 5632K, 0% used [0x00000000ebd80000,0x00000000ebd80000,0x00000000ec300000)
 ParOldGen       total 68608K, used 21953K [0x00000000c0000000, 0x00000000c4300000, 0x00000000eab00000)
  object space 68608K, 31% used [0x00000000c0000000,0x00000000c15707f8,0x00000000c4300000)
 Metaspace       used 47473K, committed 48320K, reserved 1097728K
  class space    used 5133K, committed 5504K, reserved 1048576K
}
Event: 5.466 GC heap after
{Heap after GC invocations=19 (full 2):
 PSYoungGen      total 21504K, used 2208K [0x00000000eab00000, 0x00000000ec480000, 0x0000000100000000)
  eden space 18944K, 0% used [0x00000000eab00000,0x00000000eab00000,0x00000000ebd80000)
  from space 2560K, 86% used [0x00000000ebd80000,0x00000000ebfa8000,0x00000000ec000000)
  to   space 3584K, 0% used [0x00000000ec100000,0x00000000ec100000,0x00000000ec480000)
 ParOldGen       total 68608K, used 24536K [0x00000000c0000000, 0x00000000c4300000, 0x00000000eab00000)
  object space 68608K, 35% used [0x00000000c0000000,0x00000000c17f63d8,0x00000000c4300000)
 Metaspace       used 47473K, committed 48320K, reserved 1097728K
  class space    used 5133K, committed 5504K, reserved 1048576K
}
Event: 5.500 GC heap before
{Heap before GC invocations=20 (full 2):
 PSYoungGen      total 21504K, used 21152K [0x00000000eab00000, 0x00000000ec480000, 0x0000000100000000)
  eden space 18944K, 100% used [0x00000000eab00000,0x00000000ebd80000,0x00000000ebd80000)
  from space 2560K, 86% used [0x00000000ebd80000,0x00000000ebfa8000,0x00000000ec000000)
  to   space 3584K, 0% used [0x00000000ec100000,0x00000000ec100000,0x00000000ec480000)
 ParOldGen       total 68608K, used 24536K [0x00000000c0000000, 0x00000000c4300000, 0x00000000eab00000)
  object space 68608K, 35% used [0x00000000c0000000,0x00000000c17f63d8,0x00000000c4300000)
 Metaspace       used 47473K, committed 48320K, reserved 1097728K
  class space    used 5133K, committed 5504K, reserved 1048576K
}
Event: 5.504 GC heap after
{Heap after GC invocations=20 (full 2):
 PSYoungGen      total 21504K, used 2400K [0x00000000eab00000, 0x00000000ec380000, 0x0000000100000000)
  eden space 18944K, 0% used [0x00000000eab00000,0x00000000eab00000,0x00000000ebd80000)
  from space 2560K, 93% used [0x00000000ec100000,0x00000000ec358010,0x00000000ec380000)
  to   space 2560K, 0% used [0x00000000ebd80000,0x00000000ebd80000,0x00000000ec000000)
 ParOldGen       total 68608K, used 26616K [0x00000000c0000000, 0x00000000c4300000, 0x00000000eab00000)
  object space 68608K, 38% used [0x00000000c0000000,0x00000000c19fe3d8,0x00000000c4300000)
 Metaspace       used 47473K, committed 48320K, reserved 1097728K
  class space    used 5133K, committed 5504K, reserved 1048576K
}
Event: 5.705 GC heap before
{Heap before GC invocations=21 (full 2):
 PSYoungGen      total 21504K, used 21344K [0x00000000eab00000, 0x00000000ec380000, 0x0000000100000000)
  eden space 18944K, 100% used [0x00000000eab00000,0x00000000ebd80000,0x00000000ebd80000)
  from space 2560K, 93% used [0x00000000ec100000,0x00000000ec358010,0x00000000ec380000)
  to   space 2560K, 0% used [0x00000000ebd80000,0x00000000ebd80000,0x00000000ec000000)
 ParOldGen       total 68608K, used 26616K [0x00000000c0000000, 0x00000000c4300000, 0x00000000eab00000)
  object space 68608K, 38% used [0x00000000c0000000,0x00000000c19fe3d8,0x00000000c4300000)
 Metaspace       used 47811K, committed 48640K, reserved 1097728K
  class space    used 5149K, committed 5568K, reserved 1048576K
}
Event: 5.708 GC heap after
{Heap after GC invocations=21 (full 2):
 PSYoungGen      total 21504K, used 2112K [0x00000000eab00000, 0x00000000ec280000, 0x0000000100000000)
  eden space 18944K, 0% used [0x00000000eab00000,0x00000000eab00000,0x00000000ebd80000)
  from space 2560K, 82% used [0x00000000ebd80000,0x00000000ebf90000,0x00000000ec000000)
  to   space 2560K, 0% used [0x00000000ec000000,0x00000000ec000000,0x00000000ec280000)
 ParOldGen       total 68608K, used 28856K [0x00000000c0000000, 0x00000000c4300000, 0x00000000eab00000)
  object space 68608K, 42% used [0x00000000c0000000,0x00000000c1c2e3e8,0x00000000c4300000)
 Metaspace       used 47811K, committed 48640K, reserved 1097728K
  class space    used 5149K, committed 5568K, reserved 1048576K
}
Event: 5.963 GC heap before
{Heap before GC invocations=22 (full 2):
 PSYoungGen      total 21504K, used 21056K [0x00000000eab00000, 0x00000000ec280000, 0x0000000100000000)
  eden space 18944K, 100% used [0x00000000eab00000,0x00000000ebd80000,0x00000000ebd80000)
  from space 2560K, 82% used [0x00000000ebd80000,0x00000000ebf90000,0x00000000ec000000)
  to   space 2560K, 0% used [0x00000000ec000000,0x00000000ec000000,0x00000000ec280000)
 ParOldGen       total 68608K, used 28856K [0x00000000c0000000, 0x00000000c4300000, 0x00000000eab00000)
  object space 68608K, 42% used [0x00000000c0000000,0x00000000c1c2e3e8,0x00000000c4300000)
 Metaspace       used 49976K, committed 50816K, reserved 1097728K
  class space    used 5395K, committed 5824K, reserved 1048576K
}
Event: 5.965 GC heap after
{Heap after GC invocations=22 (full 2):
 PSYoungGen      total 19968K, used 662K [0x00000000eab00000, 0x00000000ec100000, 0x0000000100000000)
  eden space 18944K, 0% used [0x00000000eab00000,0x00000000eab00000,0x00000000ebd80000)
  from space 1024K, 64% used [0x00000000ec000000,0x00000000ec0a5a20,0x00000000ec100000)
  to   space 1536K, 0% used [0x00000000ebe00000,0x00000000ebe00000,0x00000000ebf80000)
 ParOldGen       total 68608K, used 30871K [0x00000000c0000000, 0x00000000c4300000, 0x00000000eab00000)
  object space 68608K, 44% used [0x00000000c0000000,0x00000000c1e25c68,0x00000000c4300000)
 Metaspace       used 49976K, committed 50816K, reserved 1097728K
  class space    used 5395K, committed 5824K, reserved 1048576K
}
Event: 6.361 GC heap before
{Heap before GC invocations=23 (full 2):
 PSYoungGen      total 19968K, used 19606K [0x00000000eab00000, 0x00000000ec100000, 0x0000000100000000)
  eden space 18944K, 100% used [0x00000000eab00000,0x00000000ebd80000,0x00000000ebd80000)
  from space 1024K, 64% used [0x00000000ec000000,0x00000000ec0a5a20,0x00000000ec100000)
  to   space 1536K, 0% used [0x00000000ebe00000,0x00000000ebe00000,0x00000000ebf80000)
 ParOldGen       total 68608K, used 30871K [0x00000000c0000000, 0x00000000c4300000, 0x00000000eab00000)
  object space 68608K, 44% used [0x00000000c0000000,0x00000000c1e25c68,0x00000000c4300000)
 Metaspace       used 51280K, committed 52160K, reserved 1097728K
  class space    used 5519K, committed 5952K, reserved 1048576K
}
Event: 6.362 GC heap after
{Heap after GC invocations=23 (full 2):
 PSYoungGen      total 20480K, used 416K [0x00000000eab00000, 0x00000000ec080000, 0x0000000100000000)
  eden space 18944K, 0% used [0x00000000eab00000,0x00000000eab00000,0x00000000ebd80000)
  from space 1536K, 27% used [0x00000000ebe00000,0x00000000ebe68000,0x00000000ebf80000)
  to   space 1024K, 0% used [0x00000000ebf80000,0x00000000ebf80000,0x00000000ec080000)
 ParOldGen       total 68608K, used 31473K [0x00000000c0000000, 0x00000000c4300000, 0x00000000eab00000)
  object space 68608K, 45% used [0x00000000c0000000,0x00000000c1ebc430,0x00000000c4300000)
 Metaspace       used 51280K, committed 52160K, reserved 1097728K
  class space    used 5519K, committed 5952K, reserved 1048576K
}
Event: 6.484 GC heap before
{Heap before GC invocations=24 (full 2):
 PSYoungGen      total 20480K, used 19360K [0x00000000eab00000, 0x00000000ec080000, 0x0000000100000000)
  eden space 18944K, 100% used [0x00000000eab00000,0x00000000ebd80000,0x00000000ebd80000)
  from space 1536K, 27% used [0x00000000ebe00000,0x00000000ebe68000,0x00000000ebf80000)
  to   space 1024K, 0% used [0x00000000ebf80000,0x00000000ebf80000,0x00000000ec080000)
 ParOldGen       total 68608K, used 31473K [0x00000000c0000000, 0x00000000c4300000, 0x00000000eab00000)
  object space 68608K, 45% used [0x00000000c0000000,0x00000000c1ebc430,0x00000000c4300000)
 Metaspace       used 51522K, committed 52352K, reserved 1097728K
  class space    used 5537K, committed 5952K, reserved 1048576K
}
Event: 6.485 GC heap after
{Heap after GC invocations=24 (full 2):
 PSYoungGen      total 19968K, used 1018K [0x00000000eab00000, 0x00000000ec180000, 0x0000000100000000)
  eden space 18944K, 0% used [0x00000000eab00000,0x00000000eab00000,0x00000000ebd80000)
  from space 1024K, 99% used [0x00000000ebf80000,0x00000000ec07ea70,0x00000000ec080000)
  to   space 2048K, 0% used [0x00000000ebd80000,0x00000000ebd80000,0x00000000ebf80000)
 ParOldGen       total 68608K, used 32094K [0x00000000c0000000, 0x00000000c4300000, 0x00000000eab00000)
  object space 68608K, 46% used [0x00000000c0000000,0x00000000c1f57890,0x00000000c4300000)
 Metaspace       used 51522K, committed 52352K, reserved 1097728K
  class space    used 5537K, committed 5952K, reserved 1048576K
}
Event: 6.558 GC heap before
{Heap before GC invocations=25 (full 2):
 PSYoungGen      total 19968K, used 19962K [0x00000000eab00000, 0x00000000ec180000, 0x0000000100000000)
  eden space 18944K, 100% used [0x00000000eab00000,0x00000000ebd80000,0x00000000ebd80000)
  from space 1024K, 99% used [0x00000000ebf80000,0x00000000ec07ea70,0x00000000ec080000)
  to   space 2048K, 0% used [0x00000000ebd80000,0x00000000ebd80000,0x00000000ebf80000)
 ParOldGen       total 68608K, used 32094K [0x00000000c0000000, 0x00000000c4300000, 0x00000000eab00000)
  object space 68608K, 46% used [0x00000000c0000000,0x00000000c1f57890,0x00000000c4300000)
 Metaspace       used 52269K, committed 53120K, reserved 1097728K
  class space    used 5607K, committed 6016K, reserved 1048576K
}
Event: 6.559 GC heap after
{Heap after GC invocations=25 (full 2):
 PSYoungGen      total 19456K, used 128K [0x00000000eab00000, 0x00000000ec000000, 0x0000000100000000)
  eden space 18944K, 0% used [0x00000000eab00000,0x00000000eab00000,0x00000000ebd80000)
  from space 512K, 25% used [0x00000000ebd80000,0x00000000ebda0000,0x00000000ebe00000)
  to   space 1024K, 0% used [0x00000000ebf00000,0x00000000ebf00000,0x00000000ec000000)
 ParOldGen       total 68608K, used 32964K [0x00000000c0000000, 0x00000000c4300000, 0x00000000eab00000)
  object space 68608K, 48% used [0x00000000c0000000,0x00000000c20312a0,0x00000000c4300000)
 Metaspace       used 52269K, committed 53120K, reserved 1097728K
  class space    used 5607K, committed 6016K, reserved 1048576K
}

Dll operation events (10 events):
Event: 0.011 Loaded shared library c:\Users\n\.vscode\extensions\redhat.java-1.13.0-win32-x64\jre\17.0.5-win32-x86_64\bin\java.dll
Event: 0.126 Loaded shared library c:\Users\n\.vscode\extensions\redhat.java-1.13.0-win32-x64\jre\17.0.5-win32-x86_64\bin\zip.dll
Event: 0.131 Loaded shared library C:\Users\n\.vscode\extensions\redhat.java-1.13.0-win32-x64\jre\17.0.5-win32-x86_64\bin\instrument.dll
Event: 0.141 Loaded shared library C:\Users\n\.vscode\extensions\redhat.java-1.13.0-win32-x64\jre\17.0.5-win32-x86_64\bin\net.dll
Event: 0.144 Loaded shared library C:\Users\n\.vscode\extensions\redhat.java-1.13.0-win32-x64\jre\17.0.5-win32-x86_64\bin\nio.dll
Event: 0.150 Loaded shared library C:\Users\n\.vscode\extensions\redhat.java-1.13.0-win32-x64\jre\17.0.5-win32-x86_64\bin\zip.dll
Event: 0.162 Loaded shared library C:\Users\n\.vscode\extensions\redhat.java-1.13.0-win32-x64\jre\17.0.5-win32-x86_64\bin\jimage.dll
Event: 0.207 Loaded shared library c:\Users\n\.vscode\extensions\redhat.java-1.13.0-win32-x64\jre\17.0.5-win32-x86_64\bin\verify.dll
Event: 1.269 Loaded shared library C:\Users\n\AppData\Roaming\Code\User\globalStorage\redhat.java\1.13.0\config_win\org.eclipse.equinox.launcher\org.eclipse.equinox.launcher.win32.win32.x86_64_1.2.600.v20220720-1916\eclipse_11700.dll
Event: 2.999 Loaded shared library C:\Users\n\AppData\Local\Temp\jna-90669338\jna14531309334768996686.dll

Deoptimization events (20 events):
Event: 6.623 Thread 0x00000247a0643d50 DEOPT PACKING pc=0x0000024792c84004 sp=0x000000f77b6fe9c0
Event: 6.623 Thread 0x00000247a0643d50 DEOPT UNPACKING pc=0x000002478af920a3 sp=0x000000f77b6fe8c8 mode 2
Event: 6.623 Thread 0x00000247a0643d50 Uncommon trap: trap_request=0xffffff45 fr.pc=0x0000024792c7411c relative=0x000000000000185c
Event: 6.623 Thread 0x00000247a0643d50 Uncommon trap: reason=unstable_if action=reinterpret pc=0x0000024792c7411c method=java.nio.file.FileTreeWalker.getAttributes(Ljava/nio/file/Path;Z)Ljava/nio/file/attribute/BasicFileAttributes; @ 35 c2
Event: 6.623 Thread 0x00000247a0643d50 DEOPT PACKING pc=0x0000024792c7411c sp=0x000000f77b6fe940
Event: 6.623 Thread 0x00000247a0643d50 DEOPT UNPACKING pc=0x000002478af920a3 sp=0x000000f77b6fe8c0 mode 2
Event: 6.623 Thread 0x00000247a0643d50 Uncommon trap: trap_request=0xffffff45 fr.pc=0x0000024792c77c90 relative=0x0000000000000430
Event: 6.623 Thread 0x00000247a0643d50 Uncommon trap: reason=unstable_if action=reinterpret pc=0x0000024792c77c90 method=java.nio.file.FileTreeWalker.getAttributes(Ljava/nio/file/Path;Z)Ljava/nio/file/attribute/BasicFileAttributes; @ 35 c2
Event: 6.623 Thread 0x00000247a0643d50 DEOPT PACKING pc=0x0000024792c77c90 sp=0x000000f77b6fe910
Event: 6.623 Thread 0x00000247a0643d50 DEOPT UNPACKING pc=0x000002478af920a3 sp=0x000000f77b6fe8c0 mode 2
Event: 6.623 Thread 0x00000247a0643d50 DEOPT PACKING pc=0x000002478b513196 sp=0x000000f77b6fe5c0
Event: 6.623 Thread 0x00000247a0643d50 DEOPT UNPACKING pc=0x000002478af92843 sp=0x000000f77b6fda98 mode 0
Event: 6.632 Thread 0x00000247a0643d50 DEOPT PACKING pc=0x000002478b9d660d sp=0x000000f77b6fe720
Event: 6.632 Thread 0x00000247a0643d50 DEOPT UNPACKING pc=0x000002478af92843 sp=0x000000f77b6fdbd0 mode 0
Event: 6.640 Thread 0x00000247a0643d50 DEOPT PACKING pc=0x000002478b513196 sp=0x000000f77b6fe510
Event: 6.640 Thread 0x00000247a0643d50 DEOPT UNPACKING pc=0x000002478af92843 sp=0x000000f77b6fd9e8 mode 0
Event: 6.641 Thread 0x00000247a0643d50 DEOPT PACKING pc=0x000002478b9d660d sp=0x000000f77b6fe720
Event: 6.641 Thread 0x00000247a0643d50 DEOPT UNPACKING pc=0x000002478af92843 sp=0x000000f77b6fdbd0 mode 0
Event: 6.645 Thread 0x00000247a0643d50 DEOPT PACKING pc=0x000002478b540009 sp=0x000000f77b6fe470
Event: 6.645 Thread 0x00000247a0643d50 DEOPT UNPACKING pc=0x000002478af92843 sp=0x000000f77b6fd968 mode 0

Classes unloaded (7 events):
Event: 1.985 Thread 0x000002478834a4c0 Unloading class 0x0000000100216400 'java/lang/invoke/LambdaForm$MH+0x0000000100216400'
Event: 1.985 Thread 0x000002478834a4c0 Unloading class 0x0000000100216000 'java/lang/invoke/LambdaForm$MH+0x0000000100216000'
Event: 1.985 Thread 0x000002478834a4c0 Unloading class 0x0000000100215c00 'java/lang/invoke/LambdaForm$MH+0x0000000100215c00'
Event: 1.985 Thread 0x000002478834a4c0 Unloading class 0x0000000100215800 'java/lang/invoke/LambdaForm$MH+0x0000000100215800'
Event: 1.985 Thread 0x000002478834a4c0 Unloading class 0x0000000100215000 'java/lang/invoke/LambdaForm$BMH+0x0000000100215000'
Event: 1.985 Thread 0x000002478834a4c0 Unloading class 0x0000000100214c00 'java/lang/invoke/LambdaForm$DMH+0x0000000100214c00'
Event: 1.985 Thread 0x000002478834a4c0 Unloading class 0x0000000100212000 'java/lang/invoke/LambdaForm$DMH+0x0000000100212000'

Classes redefined (0 events):
No events

Internal exceptions (20 events):
Event: 5.700 Thread 0x00000247a0643d50 Exception <a 'sun/nio/fs/WindowsException'{0x00000000ebd548f8}> (0x00000000ebd548f8) 
thrown [s\src\hotspot\share\prims\jni.cpp, line 516]
Event: 5.700 Thread 0x00000247a0643d50 Exception <a 'sun/nio/fs/WindowsException'{0x00000000ebd582c0}> (0x00000000ebd582c0) 
thrown [s\src\hotspot\share\prims\jni.cpp, line 516]
Event: 5.701 Thread 0x00000247a0643d50 Exception <a 'sun/nio/fs/WindowsException'{0x00000000ebd5bc88}> (0x00000000ebd5bc88) 
thrown [s\src\hotspot\share\prims\jni.cpp, line 516]
Event: 5.701 Thread 0x00000247a0643d50 Exception <a 'sun/nio/fs/WindowsException'{0x00000000ebd5f650}> (0x00000000ebd5f650) 
thrown [s\src\hotspot\share\prims\jni.cpp, line 516]
Event: 5.701 Thread 0x00000247a0643d50 Exception <a 'sun/nio/fs/WindowsException'{0x00000000ebd64770}> (0x00000000ebd64770) 
thrown [s\src\hotspot\share\prims\jni.cpp, line 516]
Event: 5.702 Thread 0x00000247a0643d50 Exception <a 'sun/nio/fs/WindowsException'{0x00000000ebd68138}> (0x00000000ebd68138) 
thrown [s\src\hotspot\share\prims\jni.cpp, line 516]
Event: 5.702 Thread 0x00000247a0643d50 Exception <a 'sun/nio/fs/WindowsException'{0x00000000ebd6bb68}> (0x00000000ebd6bb68) 
thrown [s\src\hotspot\share\prims\jni.cpp, line 516]
Event: 5.702 Thread 0x00000247a0643d50 Exception <a 'sun/nio/fs/WindowsException'{0x00000000ebd6f170}> (0x00000000ebd6f170) 
thrown [s\src\hotspot\share\prims\jni.cpp, line 516]
Event: 5.703 Thread 0x00000247a0643d50 Exception <a 'sun/nio/fs/WindowsException'{0x00000000ebd72828}> (0x00000000ebd72828) 
thrown [s\src\hotspot\share\prims\jni.cpp, line 516]
Event: 5.703 Thread 0x00000247a0643d50 Exception <a 'sun/nio/fs/WindowsException'{0x00000000ebd75df8}> (0x00000000ebd75df8) 
thrown [s\src\hotspot\share\prims\jni.cpp, line 516]
Event: 5.704 Thread 0x00000247a0643d50 Exception <a 'sun/nio/fs/WindowsException'{0x00000000ebd79790}> (0x00000000ebd79790) 
thrown [s\src\hotspot\share\prims\jni.cpp, line 516]
Event: 5.704 Thread 0x00000247a0643d50 Exception <a 'sun/nio/fs/WindowsException'{0x00000000ebd7d088}> (0x00000000ebd7d088) 
thrown [s\src\hotspot\share\prims\jni.cpp, line 516]
Event: 5.708 Thread 0x00000247a0643d50 Exception <a 'sun/nio/fs/WindowsException'{0x00000000eab01a30}> (0x00000000eab01a30) 
thrown [s\src\hotspot\share\prims\jni.cpp, line 516]
Event: 5.709 Thread 0x00000247a0643d50 Exception <a 'sun/nio/fs/WindowsException'{0x00000000eab05ca8}> (0x00000000eab05ca8) 
thrown [s\src\hotspot\share\prims\jni.cpp, line 516]
Event: 5.709 Thread 0x00000247a0643d50 Exception <a 'sun/nio/fs/WindowsException'{0x00000000eab0c1f8}> (0x00000000eab0c1f8) 
thrown [s\src\hotspot\share\prims\jni.cpp, line 516]
Event: 5.710 Thread 0x00000247a0643d50 Exception <a 'sun/nio/fs/WindowsException'{0x00000000eab10260}> (0x00000000eab10260) 
thrown [s\src\hotspot\share\prims\jni.cpp, line 516]
Event: 5.710 Thread 0x00000247a0643d50 Exception <a 'sun/nio/fs/WindowsException'{0x00000000eab18f10}> (0x00000000eab18f10) 
thrown [s\src\hotspot\share\prims\jni.cpp, line 516]
Event: 5.751 Thread 0x00000247a0643d50 Implicit null exception at 0x0000024792b1e748 to 0x0000024792b1e808
Event: 6.676 Thread 0x00000247a0643d50 Exception <a 'java/lang/ArrayIndexOutOfBoundsException'{0x00000000eaf56ca0}: Index 13 out of bounds for length 13> (0x00000000eaf56ca0) 
thrown [s\src\hotspot\share\interpreter\interpreterRuntime.cpp, line 428]
Event: 6.676 Thread 0x00000247a0643d50 Exception <a 'java/lang/ArrayIndexOutOfBoundsException'{0x00000000eaf589d8}: Index 13 out of bounds for length 13> (0x00000000eaf589d8) 
thrown [s\src\hotspot\share\interpreter\interpreterRuntime.cpp, line 428]

VM Operations (20 events):
Event: 5.354 Executing VM operation: ParallelGCFailedAllocation
Event: 5.357 Executing VM operation: ParallelGCFailedAllocation done
Event: 5.425 Executing VM operation: ParallelGCFailedAllocation
Event: 5.428 Executing VM operation: ParallelGCFailedAllocation done
Event: 5.462 Executing VM operation: ParallelGCFailedAllocation
Event: 5.466 Executing VM operation: ParallelGCFailedAllocation done
Event: 5.500 Executing VM operation: ParallelGCFailedAllocation
Event: 5.504 Executing VM operation: ParallelGCFailedAllocation done
Event: 5.704 Executing VM operation: ParallelGCFailedAllocation
Event: 5.708 Executing VM operation: ParallelGCFailedAllocation done
Event: 5.729 Executing VM operation: HandshakeAllThreads
Event: 5.729 Executing VM operation: HandshakeAllThreads done
Event: 5.963 Executing VM operation: ParallelGCFailedAllocation
Event: 5.966 Executing VM operation: ParallelGCFailedAllocation done
Event: 6.361 Executing VM operation: ParallelGCFailedAllocation
Event: 6.363 Executing VM operation: ParallelGCFailedAllocation done
Event: 6.483 Executing VM operation: ParallelGCFailedAllocation
Event: 6.485 Executing VM operation: ParallelGCFailedAllocation done
Event: 6.557 Executing VM operation: ParallelGCFailedAllocation
Event: 6.559 Executing VM operation: ParallelGCFailedAllocation done

Events (20 events):
Event: 5.738 loading class java/lang/ExceptionInInitializerError
Event: 5.738 loading class java/lang/ExceptionInInitializerError done
Event: 6.264 loading class java/util/Collections$UnmodifiableSortedSet
Event: 6.265 loading class java/util/Collections$UnmodifiableSortedSet done
Event: 6.305 loading class java/util/regex/Pattern$Caret
Event: 6.305 loading class java/util/regex/Pattern$Caret done
Event: 6.615 loading class java/util/AbstractList$ListItr
Event: 6.615 loading class java/util/AbstractList$ListItr done
Event: 6.672 loading class java/util/function/ToIntFunction
Event: 6.672 loading class java/util/function/ToIntFunction done
Event: 6.672 loading class java/util/stream/ReferencePipeline$4
Event: 6.672 loading class java/util/stream/ReferencePipeline$4 done
Event: 6.674 loading class java/util/stream/Nodes$IntFixedNodeBuilder
Event: 6.674 loading class java/util/stream/Node$Builder$OfInt
Event: 6.674 loading class java/util/stream/Node$Builder$OfInt done
Event: 6.675 loading class java/util/stream/Nodes$IntArrayNode
Event: 6.675 loading class java/util/stream/Nodes$IntArrayNode done
Event: 6.675 loading class java/util/stream/Nodes$IntFixedNodeBuilder done
Event: 6.675 loading class java/util/stream/ReferencePipeline$4$1
Event: 6.675 loading class java/util/stream/ReferencePipeline$4$1 done


Dynamic libraries:
0x00007ff736620000 - 0x00007ff73662e000 	c:\Users\n\.vscode\extensions\redhat.java-1.13.0-win32-x64\jre\17.0.5-win32-x86_64\bin\java.exe
0x00007ffca00b0000 - 0x00007ffca02c4000 	C:\WINDOWS\SYSTEM32\ntdll.dll
0x00007ffc9edf0000 - 0x00007ffc9eeb3000 	C:\WINDOWS\System32\KERNEL32.DLL
0x00007ffc9da60000 - 0x00007ffc9ddfd000 	C:\WINDOWS\System32\KERNELBASE.dll
0x00007ffc9d630000 - 0x00007ffc9d741000 	C:\WINDOWS\System32\ucrtbase.dll
0x00007ffc91cf0000 - 0x00007ffc91d09000 	c:\Users\n\.vscode\extensions\redhat.java-1.13.0-win32-x64\jre\17.0.5-win32-x86_64\bin\VCRUNTIME140.dll
0x00007ffc91cd0000 - 0x00007ffc91ce7000 	c:\Users\n\.vscode\extensions\redhat.java-1.13.0-win32-x64\jre\17.0.5-win32-x86_64\bin\jli.dll
0x00007ffc9fe00000 - 0x00007ffc9ffad000 	C:\WINDOWS\System32\USER32.dll
0x00007ffc8e2f0000 - 0x00007ffc8e57e000 	C:\WINDOWS\WinSxS\amd64_microsoft.windows.common-controls_6595b64144ccf1df_6.0.22621.608_none_a9444ca7c10bb01d\COMCTL32.dll
0x00007ffc9d4d0000 - 0x00007ffc9d4f6000 	C:\WINDOWS\System32\win32u.dll
0x00007ffc9f6c0000 - 0x00007ffc9f767000 	C:\WINDOWS\System32\msvcrt.dll
0x00007ffc9e9b0000 - 0x00007ffc9e9d9000 	C:\WINDOWS\System32\GDI32.dll
0x00007ffc9d940000 - 0x00007ffc9da52000 	C:\WINDOWS\System32\gdi32full.dll
0x00007ffc9de00000 - 0x00007ffc9de9a000 	C:\WINDOWS\System32\msvcp_win.dll
0x00007ffc9ed40000 - 0x00007ffc9ed72000 	C:\WINDOWS\System32\IMM32.DLL
0x00007ffc99b60000 - 0x00007ffc99b6c000 	c:\Users\n\.vscode\extensions\redhat.java-1.13.0-win32-x64\jre\17.0.5-win32-x86_64\bin\vcruntime140_1.dll
0x00007ffc880c0000 - 0x00007ffc88151000 	c:\Users\n\.vscode\extensions\redhat.java-1.13.0-win32-x64\jre\17.0.5-win32-x86_64\bin\msvcp140.dll
0x00007ffc64690000 - 0x00007ffc652d4000 	c:\Users\n\.vscode\extensions\redhat.java-1.13.0-win32-x64\jre\17.0.5-win32-x86_64\bin\server\jvm.dll
0x00007ffc9e000000 - 0x00007ffc9e0ae000 	C:\WINDOWS\System32\ADVAPI32.dll
0x00007ffc9e1d0000 - 0x00007ffc9e274000 	C:\WINDOWS\System32\sechost.dll
0x00007ffc9e0b0000 - 0x00007ffc9e1c5000 	C:\WINDOWS\System32\RPCRT4.dll
0x00007ffc81cc0000 - 0x00007ffc81cc9000 	C:\WINDOWS\SYSTEM32\WSOCK32.dll
0x00007ffc9df80000 - 0x00007ffc9dff1000 	C:\WINDOWS\System32\WS2_32.dll
0x00007ffc9b300000 - 0x00007ffc9b334000 	C:\WINDOWS\SYSTEM32\WINMM.dll
0x00007ffc963b0000 - 0x00007ffc963ba000 	C:\WINDOWS\SYSTEM32\VERSION.dll
0x00007ffc9c4e0000 - 0x00007ffc9c4f8000 	C:\WINDOWS\SYSTEM32\kernel.appcore.dll
0x00007ffc99b20000 - 0x00007ffc99b2a000 	c:\Users\n\.vscode\extensions\redhat.java-1.13.0-win32-x64\jre\17.0.5-win32-x86_64\bin\jimage.dll
0x00007ffc9ab30000 - 0x00007ffc9ad5e000 	C:\WINDOWS\SYSTEM32\DBGHELP.DLL
0x00007ffc9f870000 - 0x00007ffc9fbfa000 	C:\WINDOWS\System32\combase.dll
0x00007ffc9dea0000 - 0x00007ffc9df77000 	C:\WINDOWS\System32\OLEAUT32.dll
0x00007ffc9b2a0000 - 0x00007ffc9b2d2000 	C:\WINDOWS\SYSTEM32\dbgcore.DLL
0x00007ffc9d750000 - 0x00007ffc9d7cb000 	C:\WINDOWS\System32\bcryptPrimitives.dll
0x00007ffc96430000 - 0x00007ffc9643e000 	c:\Users\n\.vscode\extensions\redhat.java-1.13.0-win32-x64\jre\17.0.5-win32-x86_64\bin\instrument.dll
0x00007ffc90d80000 - 0x00007ffc90da5000 	c:\Users\n\.vscode\extensions\redhat.java-1.13.0-win32-x64\jre\17.0.5-win32-x86_64\bin\java.dll
0x00007ffc91cb0000 - 0x00007ffc91cc8000 	c:\Users\n\.vscode\extensions\redhat.java-1.13.0-win32-x64\jre\17.0.5-win32-x86_64\bin\zip.dll
0x00007ffc9eec0000 - 0x00007ffc9f6af000 	C:\WINDOWS\System32\SHELL32.dll
0x00007ffc9b4a0000 - 0x00007ffc9bd68000 	C:\WINDOWS\SYSTEM32\windows.storage.dll
0x00007ffc9b360000 - 0x00007ffc9b49e000 	C:\WINDOWS\SYSTEM32\wintypes.dll
0x00007ffc9f770000 - 0x00007ffc9f861000 	C:\WINDOWS\System32\SHCORE.dll
0x00007ffc9ed90000 - 0x00007ffc9edee000 	C:\WINDOWS\System32\shlwapi.dll
0x00007ffc9d400000 - 0x00007ffc9d421000 	C:\WINDOWS\SYSTEM32\profapi.dll
0x00007ffc90390000 - 0x00007ffc903a9000 	C:\Users\n\.vscode\extensions\redhat.java-1.13.0-win32-x64\jre\17.0.5-win32-x86_64\bin\net.dll
0x00007ffc96a90000 - 0x00007ffc96bbf000 	C:\WINDOWS\SYSTEM32\WINHTTP.dll
0x00007ffc9c940000 - 0x00007ffc9c9a9000 	C:\WINDOWS\system32\mswsock.dll
0x00007ffc90370000 - 0x00007ffc90385000 	C:\Users\n\.vscode\extensions\redhat.java-1.13.0-win32-x64\jre\17.0.5-win32-x86_64\bin\nio.dll
0x00007ffc919b0000 - 0x00007ffc919c0000 	c:\Users\n\.vscode\extensions\redhat.java-1.13.0-win32-x64\jre\17.0.5-win32-x86_64\bin\verify.dll
0x00007ffc8df30000 - 0x00007ffc8df6e000 	C:\Users\n\AppData\Roaming\Code\User\globalStorage\redhat.java\1.13.0\config_win\org.eclipse.equinox.launcher\org.eclipse.equinox.launcher.win32.win32.x86_64_1.2.600.v20220720-1916\eclipse_11700.dll
0x00007ffc9fc00000 - 0x00007ffc9fd9c000 	C:\WINDOWS\System32\ole32.dll
0x00007ffc9cc60000 - 0x00007ffc9cc7b000 	C:\WINDOWS\SYSTEM32\CRYPTSP.dll
0x00007ffc9c450000 - 0x00007ffc9c485000 	C:\WINDOWS\system32\rsaenh.dll
0x00007ffc9c9e0000 - 0x00007ffc9ca08000 	C:\WINDOWS\SYSTEM32\USERENV.dll
0x00007ffc9cda0000 - 0x00007ffc9cdc8000 	C:\WINDOWS\SYSTEM32\bcrypt.dll
0x00007ffc9cc40000 - 0x00007ffc9cc4c000 	C:\WINDOWS\SYSTEM32\CRYPTBASE.dll
0x00007ffc9bfb0000 - 0x00007ffc9bfdd000 	C:\WINDOWS\SYSTEM32\IPHLPAPI.DLL
0x00007ffc9f6b0000 - 0x00007ffc9f6b9000 	C:\WINDOWS\System32\NSI.dll
0x00007ffc963c0000 - 0x00007ffc963d9000 	C:\WINDOWS\SYSTEM32\dhcpcsvc6.DLL
0x00007ffc95740000 - 0x00007ffc9575f000 	C:\WINDOWS\SYSTEM32\dhcpcsvc.DLL
0x00007ffc9bfe0000 - 0x00007ffc9c0d2000 	C:\WINDOWS\SYSTEM32\DNSAPI.dll
0x00007ffc8b170000 - 0x00007ffc8b1b0000 	C:\Users\n\AppData\Local\Temp\jna-90669338\jna14531309334768996686.dll
0x00007ffc9ffb0000 - 0x00007ffc9ffb8000 	C:\WINDOWS\System32\PSAPI.DLL

dbghelp: loaded successfully - version: 4.0.5 - missing functions: none
symbol engine: initialized successfully - sym options: 0x614 - pdb path: .;c:\Users\n\.vscode\extensions\redhat.java-1.13.0-win32-x64\jre\17.0.5-win32-x86_64\bin;C:\WINDOWS\SYSTEM32;C:\WINDOWS\WinSxS\amd64_microsoft.windows.common-controls_6595b64144ccf1df_6.0.22621.608_none_a9444ca7c10bb01d;c:\Users\n\.vscode\extensions\redhat.java-1.13.0-win32-x64\jre\17.0.5-win32-x86_64\bin\server;C:\Users\n\AppData\Roaming\Code\User\globalStorage\redhat.java\1.13.0\config_win\org.eclipse.equinox.launcher\org.eclipse.equinox.launcher.win32.win32.x86_64_1.2.600.v20220720-1916;C:\Users\n\AppData\Local\Temp\jna-90669338

VM Arguments:
jvm_args: --add-modules=ALL-SYSTEM --add-opens=java.base/java.util=ALL-UNNAMED --add-opens=java.base/java.lang=ALL-UNNAMED --add-opens=java.base/sun.nio.fs=ALL-UNNAMED -Declipse.application=org.eclipse.jdt.ls.core.id1 -Dosgi.bundles.defaultStartLevel=4 -Declipse.product=org.eclipse.jdt.ls.core.product -Djava.import.generatesMetadataFilesAtProjectRoot=false -Dfile.encoding=utf8 -XX:+UseParallelGC -XX:GCTimeRatio=4 -XX:AdaptiveSizePolicyWeight=90 -Dsun.zip.disableMemoryMapping=true -Xmx1G -Xms100m -Xlog:disable -javaagent:c:\Users\n\.vscode\extensions\redhat.java-1.13.0-win32-x64\lombok\lombok-1.18.24.jar -XX:+HeapDumpOnOutOfMemoryError -XX:HeapDumpPath=c:\Users\n\AppData\Roaming\Code\User\workspaceStorage\a7c94a6e4347ed34fb9806a39faad96a\redhat.java 
java_command: c:\Users\n\.vscode\extensions\redhat.java-1.13.0-win32-x64\server\plugins\org.eclipse.equinox.launcher_1.6.400.v20210924-0641.jar -configuration c:\Users\n\AppData\Roaming\Code\User\globalStorage\redhat.java\1.13.0\config_win -data c:\Users\n\AppData\Roaming\Code\User\workspaceStorage\a7c94a6e4347ed34fb9806a39faad96a\redhat.java\jdt_ws
java_class_path (initial): c:\Users\n\.vscode\extensions\redhat.java-1.13.0-win32-x64\server\plugins\org.eclipse.equinox.launcher_1.6.400.v20210924-0641.jar
Launcher Type: SUN_STANDARD

[Global flags]
    uintx AdaptiveSizePolicyWeight                 = 90                                        {product} {command line}
     intx CICompilerCount                          = 4                                         {product} {ergonomic}
    uintx GCTimeRatio                              = 4                                         {product} {command line}
     bool HeapDumpOnOutOfMemoryError               = true                                   {manageable} {command line}
    ccstr HeapDumpPath                             = c:\Users\n\AppData\Roaming\Code\User\workspaceStorage\a7c94a6e4347ed34fb9806a39faad96a\redhat.java         {manageable} {command line}
   size_t InitialHeapSize                          = 104857600                                 {product} {command line}
   size_t MaxHeapSize                              = 1073741824                                {product} {command line}
   size_t MaxNewSize                               = 357564416                                 {product} {ergonomic}
   size_t MinHeapDeltaBytes                        = 524288                                    {product} {ergonomic}
   size_t MinHeapSize                              = 104857600                                 {product} {command line}
   size_t NewSize                                  = 34603008                                  {product} {ergonomic}
    uintx NonNMethodCodeHeapSize                   = 5839372                                {pd product} {ergonomic}
    uintx NonProfiledCodeHeapSize                  = 122909434                              {pd product} {ergonomic}
   size_t OldSize                                  = 70254592                                  {product} {ergonomic}
    uintx ProfiledCodeHeapSize                     = 122909434                              {pd product} {ergonomic}
    uintx ReservedCodeCacheSize                    = 251658240                              {pd product} {ergonomic}
     bool SegmentedCodeCache                       = true                                      {product} {ergonomic}
   size_t SoftMaxHeapSize                          = 1073741824                             {manageable} {ergonomic}
     bool UseCompressedClassPointers               = true                           {product lp64_product} {ergonomic}
     bool UseCompressedOops                        = true                           {product lp64_product} {ergonomic}
     bool UseLargePagesIndividualAllocation        = false                                  {pd product} {ergonomic}
     bool UseParallelGC                            = true                                      {product} {command line}

Logging:
Log output configuration:
 #0: stdout all=off uptime,level,tags
 #1: stderr all=off uptime,level,tags

Environment Variables:
PATH=C:\Program Files (x86)\Common Files\Intel\Shared Libraries\redist\intel64\compiler;D:\;C:\Program Files\Common Files\Oracle\Java\javapath;C:\WINDOWS\system32;C:\WINDOWS;C:\WINDOWS\System32\Wbem;C:\WINDOWS\System32\WindowsPowerShell\v1.0\;C:\WINDOWS\System32\OpenSSH\;C:\Program Files\nodejs\;C:\Program Files\Bandizip\;C:\Program Files (x86)\dotnet\;D:\EasyShare\x86\;D:\EasyShare\x64\;C:\Program Files (x86)\pcsuite\;C:\Program Files (x86)\Git\cmd;C:\Users\n\AppData\Local\Microsoft\WindowsApps;D:\Microsoft VS Code\bin;C:\Users\n\AppData\Roaming\npm;D:\OneCommander3.19.0.0;C:\Users\n\AppData\Local\GitHubDesktop\bin
USERNAME=Ddonging
OS=Windows_NT
PROCESSOR_IDENTIFIER=AMD64 Family 23 Model 96 Stepping 1, AuthenticAMD
TMP=C:\Users\n\AppData\Local\Temp
TEMP=C:\Users\n\AppData\Local\Temp



---------------  S Y S T E M  ---------------

OS:
 Windows 11 , 64 bit Build 22621 (10.0.22621.1105)
OS uptime: 4 days 19:55 hours
Hyper-V role detected

CPU: total 12 (initial active 12) (12 cores per cpu, 2 threads per core) family 23 model 96 stepping 1 microcode 0x0, cx8, cmov, fxsr, ht, mmx, 3dnowpref, sse, sse2, sse3, ssse3, sse4a, sse4.1, sse4.2, popcnt, lzcnt, tsc, tscinvbit, avx, avx2, aes, clmul, bmi1, bmi2, adx, sha, fma, vzeroupper, clflush, clflushopt, hv

Memory: 4k page, system-wide physical 7549M (291M free)
TotalPageFile size 15741M (AvailPageFile size 5M)
current process WorkingSet (physical memory assigned to process): 214M, peak: 216M
current process commit charge ("private bytes"): 300M, peak: 302M

vm_info: OpenJDK 64-Bit Server VM (17.0.5+8) for windows-amd64 JRE (17.0.5+8), built on Oct 19 2022 04:48:13 by "temurin" with MS VC++ 16.7 (VS2019)

END.
